[1.148s] Invoking command in '/home/yigit/tukan_ros2_ws/src/guardian_pkg': PYTHONPATH=/home/yigit/tukan_ros2_ws/build/guardian_pkg/prefix_override:/usr/lib/python3/dist-packages/colcon_core/task/python/colcon_distutils_commands:/home/yigit/tukan_ros2_ws/install/guardian_pkg/lib/python3.10/site-packages:${PYTHONPATH} /usr/bin/python3 -W ignore:setup.py install is deprecated -W ignore:easy_install command is deprecated setup.py egg_info --egg-base ../../build/guardian_pkg build --build-base /home/yigit/tukan_ros2_ws/build/guardian_pkg/build install --record /home/yigit/tukan_ros2_ws/build/guardian_pkg/install.log --single-version-externally-managed install_data
[1.273s] running egg_info
[1.273s] creating ../../build/guardian_pkg/guardian_pkg.egg-info
[1.273s] writing ../../build/guardian_pkg/guardian_pkg.egg-info/PKG-INFO
[1.273s] writing dependency_links to ../../build/guardian_pkg/guardian_pkg.egg-info/dependency_links.txt
[1.273s] writing entry points to ../../build/guardian_pkg/guardian_pkg.egg-info/entry_points.txt
[1.273s] writing requirements to ../../build/guardian_pkg/guardian_pkg.egg-info/requires.txt
[1.273s] writing top-level names to ../../build/guardian_pkg/guardian_pkg.egg-info/top_level.txt
[1.273s] writing manifest file '../../build/guardian_pkg/guardian_pkg.egg-info/SOURCES.txt'
[1.274s] reading manifest file '../../build/guardian_pkg/guardian_pkg.egg-info/SOURCES.txt'
[1.274s] writing manifest file '../../build/guardian_pkg/guardian_pkg.egg-info/SOURCES.txt'
[1.274s] running build
[1.274s] running build_py
[1.274s] creating /home/yigit/tukan_ros2_ws/build/guardian_pkg/build
[1.274s] creating /home/yigit/tukan_ros2_ws/build/guardian_pkg/build/lib
[1.274s] creating /home/yigit/tukan_ros2_ws/build/guardian_pkg/build/lib/guardian_pkg
[1.275s] copying guardian_pkg/__init__.py -> /home/yigit/tukan_ros2_ws/build/guardian_pkg/build/lib/guardian_pkg
[1.275s] running install
[1.275s] running install_lib
[1.275s] creating /home/yigit/tukan_ros2_ws/install/guardian_pkg/lib/python3.10/site-packages/guardian_pkg
[1.275s] copying /home/yigit/tukan_ros2_ws/build/guardian_pkg/build/lib/guardian_pkg/__init__.py -> /home/yigit/tukan_ros2_ws/install/guardian_pkg/lib/python3.10/site-packages/guardian_pkg
[1.276s] byte-compiling /home/yigit/tukan_ros2_ws/install/guardian_pkg/lib/python3.10/site-packages/guardian_pkg/__init__.py to __init__.cpython-310.pyc
[1.276s] running install_data
[1.276s] creating /home/yigit/tukan_ros2_ws/install/guardian_pkg/share/ament_index
[1.276s] creating /home/yigit/tukan_ros2_ws/install/guardian_pkg/share/ament_index/resource_index
[1.276s] creating /home/yigit/tukan_ros2_ws/install/guardian_pkg/share/ament_index/resource_index/packages
[1.276s] copying resource/guardian_pkg -> /home/yigit/tukan_ros2_ws/install/guardian_pkg/share/ament_index/resource_index/packages
[1.276s] copying package.xml -> /home/yigit/tukan_ros2_ws/install/guardian_pkg/share/guardian_pkg
[1.276s] running install_egg_info
[1.276s] Copying ../../build/guardian_pkg/guardian_pkg.egg-info to /home/yigit/tukan_ros2_ws/install/guardian_pkg/lib/python3.10/site-packages/guardian_pkg-0.0.0-py3.10.egg-info
[1.276s] running install_scripts
[1.284s] writing list of installed files to '/home/yigit/tukan_ros2_ws/build/guardian_pkg/install.log'
[1.311s] Invoked command in '/home/yigit/tukan_ros2_ws/src/guardian_pkg' returned '0': PYTHONPATH=/home/yigit/tukan_ros2_ws/build/guardian_pkg/prefix_override:/usr/lib/python3/dist-packages/colcon_core/task/python/colcon_distutils_commands:/home/yigit/tukan_ros2_ws/install/guardian_pkg/lib/python3.10/site-packages:${PYTHONPATH} /usr/bin/python3 -W ignore:setup.py install is deprecated -W ignore:easy_install command is deprecated setup.py egg_info --egg-base ../../build/guardian_pkg build --build-base /home/yigit/tukan_ros2_ws/build/guardian_pkg/build install --record /home/yigit/tukan_ros2_ws/build/guardian_pkg/install.log --single-version-externally-managed install_data
