[0.063s] DEBUG:colcon:Command line arguments: ['/usr/bin/colcon', 'build', '--packages-select', 'tracking_actions']
[0.063s] DEBUG:colcon:Parsed command line arguments: Namespace(log_base=None, log_level=None, verb_name='build', build_base='build', install_base='install', merge_install=False, symlink_install=False, test_result_base=None, continue_on_error=False, executor='parallel', parallel_workers=16, event_handlers=None, ignore_user_meta=False, metas=['./colcon.meta'], base_paths=['.'], packages_ignore=None, packages_ignore_regex=None, paths=None, packages_up_to=None, packages_up_to_regex=None, packages_above=None, packages_above_and_dependencies=None, packages_above_depth=None, packages_select_by_dep=None, packages_skip_by_dep=None, packages_skip_up_to=None, packages_select_build_failed=False, packages_skip_build_finished=False, packages_select_test_failures=False, packages_skip_test_passed=False, packages_select=['tracking_actions'], packages_skip=None, packages_select_regex=None, packages_skip_regex=None, packages_start=None, packages_end=None, allow_overriding=[], cmake_args=None, cmake_target=None, cmake_target_skip_unavailable=False, cmake_clean_cache=False, cmake_clean_first=False, cmake_force_configure=False, ament_cmake_args=None, catkin_cmake_args=None, catkin_skip_building_tests=False, mixin_files=None, mixin=None, verb_parser=<colcon_mixin.mixin.mixin_argument.MixinArgumentDecorator object at 0x75594cc94160>, verb_extension=<colcon_core.verb.build.BuildVerb object at 0x75594cc53b80>, main=<bound method BuildVerb.main of <colcon_core.verb.build.BuildVerb object at 0x75594cc53b80>>, mixin_verb=('build',))
[0.165s] Level 1:colcon.colcon_core.package_discovery:discover_packages(colcon_meta) check parameters
[0.165s] Level 1:colcon.colcon_core.package_discovery:discover_packages(recursive) check parameters
[0.165s] Level 1:colcon.colcon_core.package_discovery:discover_packages(ignore) check parameters
[0.165s] Level 1:colcon.colcon_core.package_discovery:discover_packages(path) check parameters
[0.165s] Level 1:colcon.colcon_core.package_discovery:discover_packages(colcon_meta) discover
[0.165s] Level 1:colcon.colcon_core.package_discovery:discover_packages(recursive) discover
[0.165s] INFO:colcon.colcon_core.package_discovery:Crawling recursively for packages in '/home/yigit/tukan_ros2_ws'
[0.165s] Level 1:colcon.colcon_core.package_identification:_identify(.) by extensions ['ignore', 'ignore_ament_install']
[0.165s] Level 1:colcon.colcon_core.package_identification:_identify(.) by extension 'ignore'
[0.165s] Level 1:colcon.colcon_core.package_identification:_identify(.) by extension 'ignore_ament_install'
[0.165s] Level 1:colcon.colcon_core.package_identification:_identify(.) by extensions ['colcon_pkg']
[0.165s] Level 1:colcon.colcon_core.package_identification:_identify(.) by extension 'colcon_pkg'
[0.165s] Level 1:colcon.colcon_core.package_identification:_identify(.) by extensions ['colcon_meta']
[0.165s] Level 1:colcon.colcon_core.package_identification:_identify(.) by extension 'colcon_meta'
[0.165s] Level 1:colcon.colcon_core.package_identification:_identify(.) by extensions ['ros']
[0.165s] Level 1:colcon.colcon_core.package_identification:_identify(.) by extension 'ros'
[0.179s] Level 1:colcon.colcon_core.package_identification:_identify(.) by extensions ['cmake', 'python']
[0.179s] Level 1:colcon.colcon_core.package_identification:_identify(.) by extension 'cmake'
[0.179s] Level 1:colcon.colcon_core.package_identification:_identify(.) by extension 'python'
[0.179s] Level 1:colcon.colcon_core.package_identification:_identify(.) by extensions ['python_setup_py']
[0.179s] Level 1:colcon.colcon_core.package_identification:_identify(.) by extension 'python_setup_py'
[0.179s] Level 1:colcon.colcon_core.package_identification:_identify(build) by extensions ['ignore', 'ignore_ament_install']
[0.179s] Level 1:colcon.colcon_core.package_identification:_identify(build) by extension 'ignore'
[0.179s] Level 1:colcon.colcon_core.package_identification:_identify(build) ignored
[0.179s] Level 1:colcon.colcon_core.package_identification:_identify(install) by extensions ['ignore', 'ignore_ament_install']
[0.179s] Level 1:colcon.colcon_core.package_identification:_identify(install) by extension 'ignore'
[0.179s] Level 1:colcon.colcon_core.package_identification:_identify(install) ignored
[0.179s] Level 1:colcon.colcon_core.package_identification:_identify(log) by extensions ['ignore', 'ignore_ament_install']
[0.179s] Level 1:colcon.colcon_core.package_identification:_identify(log) by extension 'ignore'
[0.179s] Level 1:colcon.colcon_core.package_identification:_identify(log) ignored
[0.180s] Level 1:colcon.colcon_core.package_identification:_identify(src) by extensions ['ignore', 'ignore_ament_install']
[0.180s] Level 1:colcon.colcon_core.package_identification:_identify(src) by extension 'ignore'
[0.180s] Level 1:colcon.colcon_core.package_identification:_identify(src) by extension 'ignore_ament_install'
[0.180s] Level 1:colcon.colcon_core.package_identification:_identify(src) by extensions ['colcon_pkg']
[0.180s] Level 1:colcon.colcon_core.package_identification:_identify(src) by extension 'colcon_pkg'
[0.180s] Level 1:colcon.colcon_core.package_identification:_identify(src) by extensions ['colcon_meta']
[0.180s] Level 1:colcon.colcon_core.package_identification:_identify(src) by extension 'colcon_meta'
[0.180s] Level 1:colcon.colcon_core.package_identification:_identify(src) by extensions ['ros']
[0.180s] Level 1:colcon.colcon_core.package_identification:_identify(src) by extension 'ros'
[0.180s] Level 1:colcon.colcon_core.package_identification:_identify(src) by extensions ['cmake', 'python']
[0.180s] Level 1:colcon.colcon_core.package_identification:_identify(src) by extension 'cmake'
[0.180s] Level 1:colcon.colcon_core.package_identification:_identify(src) by extension 'python'
[0.180s] Level 1:colcon.colcon_core.package_identification:_identify(src) by extensions ['python_setup_py']
[0.180s] Level 1:colcon.colcon_core.package_identification:_identify(src) by extension 'python_setup_py'
[0.180s] Level 1:colcon.colcon_core.package_identification:_identify(src/flight_manager_pkg) by extensions ['ignore', 'ignore_ament_install']
[0.180s] Level 1:colcon.colcon_core.package_identification:_identify(src/flight_manager_pkg) by extension 'ignore'
[0.180s] Level 1:colcon.colcon_core.package_identification:_identify(src/flight_manager_pkg) by extension 'ignore_ament_install'
[0.180s] Level 1:colcon.colcon_core.package_identification:_identify(src/flight_manager_pkg) by extensions ['colcon_pkg']
[0.180s] Level 1:colcon.colcon_core.package_identification:_identify(src/flight_manager_pkg) by extension 'colcon_pkg'
[0.180s] Level 1:colcon.colcon_core.package_identification:_identify(src/flight_manager_pkg) by extensions ['colcon_meta']
[0.180s] Level 1:colcon.colcon_core.package_identification:_identify(src/flight_manager_pkg) by extension 'colcon_meta'
[0.180s] Level 1:colcon.colcon_core.package_identification:_identify(src/flight_manager_pkg) by extensions ['ros']
[0.180s] Level 1:colcon.colcon_core.package_identification:_identify(src/flight_manager_pkg) by extension 'ros'
[0.182s] DEBUG:colcon.colcon_core.package_identification:Package 'src/flight_manager_pkg' with type 'ros.ament_python' and name 'flight_manager_pkg'
[0.182s] Level 1:colcon.colcon_core.package_identification:_identify(src/guardian_pkg) by extensions ['ignore', 'ignore_ament_install']
[0.182s] Level 1:colcon.colcon_core.package_identification:_identify(src/guardian_pkg) by extension 'ignore'
[0.182s] Level 1:colcon.colcon_core.package_identification:_identify(src/guardian_pkg) by extension 'ignore_ament_install'
[0.182s] Level 1:colcon.colcon_core.package_identification:_identify(src/guardian_pkg) by extensions ['colcon_pkg']
[0.182s] Level 1:colcon.colcon_core.package_identification:_identify(src/guardian_pkg) by extension 'colcon_pkg'
[0.182s] Level 1:colcon.colcon_core.package_identification:_identify(src/guardian_pkg) by extensions ['colcon_meta']
[0.182s] Level 1:colcon.colcon_core.package_identification:_identify(src/guardian_pkg) by extension 'colcon_meta'
[0.182s] Level 1:colcon.colcon_core.package_identification:_identify(src/guardian_pkg) by extensions ['ros']
[0.182s] Level 1:colcon.colcon_core.package_identification:_identify(src/guardian_pkg) by extension 'ros'
[0.182s] DEBUG:colcon.colcon_core.package_identification:Package 'src/guardian_pkg' with type 'ros.ament_python' and name 'guardian_pkg'
[0.182s] Level 1:colcon.colcon_core.package_identification:_identify(src/network_pkg) by extensions ['ignore', 'ignore_ament_install']
[0.182s] Level 1:colcon.colcon_core.package_identification:_identify(src/network_pkg) by extension 'ignore'
[0.182s] Level 1:colcon.colcon_core.package_identification:_identify(src/network_pkg) by extension 'ignore_ament_install'
[0.182s] Level 1:colcon.colcon_core.package_identification:_identify(src/network_pkg) by extensions ['colcon_pkg']
[0.182s] Level 1:colcon.colcon_core.package_identification:_identify(src/network_pkg) by extension 'colcon_pkg'
[0.182s] Level 1:colcon.colcon_core.package_identification:_identify(src/network_pkg) by extensions ['colcon_meta']
[0.182s] Level 1:colcon.colcon_core.package_identification:_identify(src/network_pkg) by extension 'colcon_meta'
[0.182s] Level 1:colcon.colcon_core.package_identification:_identify(src/network_pkg) by extensions ['ros']
[0.182s] Level 1:colcon.colcon_core.package_identification:_identify(src/network_pkg) by extension 'ros'
[0.183s] DEBUG:colcon.colcon_core.package_identification:Package 'src/network_pkg' with type 'ros.ament_python' and name 'network_pkg'
[0.183s] Level 1:colcon.colcon_core.package_identification:_identify(src/px4_interface_pkg) by extensions ['ignore', 'ignore_ament_install']
[0.183s] Level 1:colcon.colcon_core.package_identification:_identify(src/px4_interface_pkg) by extension 'ignore'
[0.183s] Level 1:colcon.colcon_core.package_identification:_identify(src/px4_interface_pkg) by extension 'ignore_ament_install'
[0.183s] Level 1:colcon.colcon_core.package_identification:_identify(src/px4_interface_pkg) by extensions ['colcon_pkg']
[0.183s] Level 1:colcon.colcon_core.package_identification:_identify(src/px4_interface_pkg) by extension 'colcon_pkg'
[0.183s] Level 1:colcon.colcon_core.package_identification:_identify(src/px4_interface_pkg) by extensions ['colcon_meta']
[0.183s] Level 1:colcon.colcon_core.package_identification:_identify(src/px4_interface_pkg) by extension 'colcon_meta'
[0.183s] Level 1:colcon.colcon_core.package_identification:_identify(src/px4_interface_pkg) by extensions ['ros']
[0.183s] Level 1:colcon.colcon_core.package_identification:_identify(src/px4_interface_pkg) by extension 'ros'
[0.183s] DEBUG:colcon.colcon_core.package_identification:Package 'src/px4_interface_pkg' with type 'ros.ament_python' and name 'px4_interface_pkg'
[0.183s] Level 1:colcon.colcon_core.package_identification:_identify(src/px4_msgs) by extensions ['ignore', 'ignore_ament_install']
[0.184s] Level 1:colcon.colcon_core.package_identification:_identify(src/px4_msgs) by extension 'ignore'
[0.184s] Level 1:colcon.colcon_core.package_identification:_identify(src/px4_msgs) by extension 'ignore_ament_install'
[0.184s] Level 1:colcon.colcon_core.package_identification:_identify(src/px4_msgs) by extensions ['colcon_pkg']
[0.184s] Level 1:colcon.colcon_core.package_identification:_identify(src/px4_msgs) by extension 'colcon_pkg'
[0.184s] Level 1:colcon.colcon_core.package_identification:_identify(src/px4_msgs) by extensions ['colcon_meta']
[0.184s] Level 1:colcon.colcon_core.package_identification:_identify(src/px4_msgs) by extension 'colcon_meta'
[0.184s] Level 1:colcon.colcon_core.package_identification:_identify(src/px4_msgs) by extensions ['ros']
[0.184s] Level 1:colcon.colcon_core.package_identification:_identify(src/px4_msgs) by extension 'ros'
[0.184s] DEBUG:colcon.colcon_core.package_identification:Package 'src/px4_msgs' with type 'ros.ament_cmake' and name 'px4_msgs'
[0.184s] Level 1:colcon.colcon_core.package_identification:_identify(src/tracking_actions) by extensions ['ignore', 'ignore_ament_install']
[0.184s] Level 1:colcon.colcon_core.package_identification:_identify(src/tracking_actions) by extension 'ignore'
[0.184s] Level 1:colcon.colcon_core.package_identification:_identify(src/tracking_actions) by extension 'ignore_ament_install'
[0.184s] Level 1:colcon.colcon_core.package_identification:_identify(src/tracking_actions) by extensions ['colcon_pkg']
[0.184s] Level 1:colcon.colcon_core.package_identification:_identify(src/tracking_actions) by extension 'colcon_pkg'
[0.184s] Level 1:colcon.colcon_core.package_identification:_identify(src/tracking_actions) by extensions ['colcon_meta']
[0.184s] Level 1:colcon.colcon_core.package_identification:_identify(src/tracking_actions) by extension 'colcon_meta'
[0.184s] Level 1:colcon.colcon_core.package_identification:_identify(src/tracking_actions) by extensions ['ros']
[0.184s] Level 1:colcon.colcon_core.package_identification:_identify(src/tracking_actions) by extension 'ros'
[0.185s] DEBUG:colcon.colcon_core.package_identification:Package 'src/tracking_actions' with type 'ros.ament_cmake' and name 'tracking_actions'
[0.185s] Level 1:colcon.colcon_core.package_identification:_identify(src/tracking_system_pkg) by extensions ['ignore', 'ignore_ament_install']
[0.185s] Level 1:colcon.colcon_core.package_identification:_identify(src/tracking_system_pkg) by extension 'ignore'
[0.185s] Level 1:colcon.colcon_core.package_identification:_identify(src/tracking_system_pkg) by extension 'ignore_ament_install'
[0.185s] Level 1:colcon.colcon_core.package_identification:_identify(src/tracking_system_pkg) by extensions ['colcon_pkg']
[0.185s] Level 1:colcon.colcon_core.package_identification:_identify(src/tracking_system_pkg) by extension 'colcon_pkg'
[0.185s] Level 1:colcon.colcon_core.package_identification:_identify(src/tracking_system_pkg) by extensions ['colcon_meta']
[0.185s] Level 1:colcon.colcon_core.package_identification:_identify(src/tracking_system_pkg) by extension 'colcon_meta'
[0.185s] Level 1:colcon.colcon_core.package_identification:_identify(src/tracking_system_pkg) by extensions ['ros']
[0.185s] Level 1:colcon.colcon_core.package_identification:_identify(src/tracking_system_pkg) by extension 'ros'
[0.185s] DEBUG:colcon.colcon_core.package_identification:Package 'src/tracking_system_pkg' with type 'ros.ament_python' and name 'tracking_system_pkg'
[0.185s] Level 1:colcon.colcon_core.package_identification:_identify(src/uav_server_pkg) by extensions ['ignore', 'ignore_ament_install']
[0.185s] Level 1:colcon.colcon_core.package_identification:_identify(src/uav_server_pkg) by extension 'ignore'
[0.185s] Level 1:colcon.colcon_core.package_identification:_identify(src/uav_server_pkg) by extension 'ignore_ament_install'
[0.185s] Level 1:colcon.colcon_core.package_identification:_identify(src/uav_server_pkg) by extensions ['colcon_pkg']
[0.185s] Level 1:colcon.colcon_core.package_identification:_identify(src/uav_server_pkg) by extension 'colcon_pkg'
[0.185s] Level 1:colcon.colcon_core.package_identification:_identify(src/uav_server_pkg) by extensions ['colcon_meta']
[0.185s] Level 1:colcon.colcon_core.package_identification:_identify(src/uav_server_pkg) by extension 'colcon_meta'
[0.185s] Level 1:colcon.colcon_core.package_identification:_identify(src/uav_server_pkg) by extensions ['ros']
[0.185s] Level 1:colcon.colcon_core.package_identification:_identify(src/uav_server_pkg) by extension 'ros'
[0.186s] DEBUG:colcon.colcon_core.package_identification:Package 'src/uav_server_pkg' with type 'ros.ament_python' and name 'uav_server_pkg'
[0.186s] Level 1:colcon.colcon_core.package_identification:_identify(src/vision_pkg) by extensions ['ignore', 'ignore_ament_install']
[0.186s] Level 1:colcon.colcon_core.package_identification:_identify(src/vision_pkg) by extension 'ignore'
[0.186s] Level 1:colcon.colcon_core.package_identification:_identify(src/vision_pkg) by extension 'ignore_ament_install'
[0.186s] Level 1:colcon.colcon_core.package_identification:_identify(src/vision_pkg) by extensions ['colcon_pkg']
[0.186s] Level 1:colcon.colcon_core.package_identification:_identify(src/vision_pkg) by extension 'colcon_pkg'
[0.186s] Level 1:colcon.colcon_core.package_identification:_identify(src/vision_pkg) by extensions ['colcon_meta']
[0.186s] Level 1:colcon.colcon_core.package_identification:_identify(src/vision_pkg) by extension 'colcon_meta'
[0.186s] Level 1:colcon.colcon_core.package_identification:_identify(src/vision_pkg) by extensions ['ros']
[0.186s] Level 1:colcon.colcon_core.package_identification:_identify(src/vision_pkg) by extension 'ros'
[0.186s] DEBUG:colcon.colcon_core.package_identification:Package 'src/vision_pkg' with type 'ros.ament_python' and name 'vision_pkg'
[0.186s] Level 1:colcon.colcon_core.package_discovery:discover_packages(recursive) using defaults
[0.186s] Level 1:colcon.colcon_core.package_discovery:discover_packages(ignore) discover
[0.186s] Level 1:colcon.colcon_core.package_discovery:discover_packages(ignore) using defaults
[0.186s] Level 1:colcon.colcon_core.package_discovery:discover_packages(path) discover
[0.186s] Level 1:colcon.colcon_core.package_discovery:discover_packages(path) using defaults
[0.198s] INFO:colcon.colcon_core.package_selection:Skipping not selected package 'flight_manager_pkg' in 'src/flight_manager_pkg'
[0.198s] INFO:colcon.colcon_core.package_selection:Skipping not selected package 'guardian_pkg' in 'src/guardian_pkg'
[0.198s] INFO:colcon.colcon_core.package_selection:Skipping not selected package 'network_pkg' in 'src/network_pkg'
[0.198s] INFO:colcon.colcon_core.package_selection:Skipping not selected package 'px4_interface_pkg' in 'src/px4_interface_pkg'
[0.198s] INFO:colcon.colcon_core.package_selection:Skipping not selected package 'px4_msgs' in 'src/px4_msgs'
[0.198s] INFO:colcon.colcon_core.package_selection:Skipping not selected package 'tracking_system_pkg' in 'src/tracking_system_pkg'
[0.198s] INFO:colcon.colcon_core.package_selection:Skipping not selected package 'uav_server_pkg' in 'src/uav_server_pkg'
[0.198s] INFO:colcon.colcon_core.package_selection:Skipping not selected package 'vision_pkg' in 'src/vision_pkg'
[0.198s] Level 1:colcon.colcon_core.package_discovery:discover_packages(prefix_path) check parameters
[0.198s] Level 1:colcon.colcon_core.package_discovery:discover_packages(prefix_path) discover
[0.199s] DEBUG:colcon.colcon_installed_package_information.package_discovery:Found 9 installed packages in /home/yigit/tukan_ros2_ws/install
[0.200s] DEBUG:colcon.colcon_installed_package_information.package_discovery:Found 271 installed packages in /opt/ros/humble
[0.201s] Level 1:colcon.colcon_core.package_discovery:discover_packages(prefix_path) using defaults
[0.222s] Level 5:colcon.colcon_core.verb:set package 'tracking_actions' build argument 'cmake_args' from command line to 'None'
[0.222s] Level 5:colcon.colcon_core.verb:set package 'tracking_actions' build argument 'cmake_target' from command line to 'None'
[0.222s] Level 5:colcon.colcon_core.verb:set package 'tracking_actions' build argument 'cmake_target_skip_unavailable' from command line to 'False'
[0.222s] Level 5:colcon.colcon_core.verb:set package 'tracking_actions' build argument 'cmake_clean_cache' from command line to 'False'
[0.222s] Level 5:colcon.colcon_core.verb:set package 'tracking_actions' build argument 'cmake_clean_first' from command line to 'False'
[0.222s] Level 5:colcon.colcon_core.verb:set package 'tracking_actions' build argument 'cmake_force_configure' from command line to 'False'
[0.222s] Level 5:colcon.colcon_core.verb:set package 'tracking_actions' build argument 'ament_cmake_args' from command line to 'None'
[0.222s] Level 5:colcon.colcon_core.verb:set package 'tracking_actions' build argument 'catkin_cmake_args' from command line to 'None'
[0.222s] Level 5:colcon.colcon_core.verb:set package 'tracking_actions' build argument 'catkin_skip_building_tests' from command line to 'False'
[0.222s] DEBUG:colcon.colcon_core.verb:Building package 'tracking_actions' with the following arguments: {'ament_cmake_args': None, 'build_base': '/home/yigit/tukan_ros2_ws/build/tracking_actions', 'catkin_cmake_args': None, 'catkin_skip_building_tests': False, 'cmake_args': None, 'cmake_clean_cache': False, 'cmake_clean_first': False, 'cmake_force_configure': False, 'cmake_target': None, 'cmake_target_skip_unavailable': False, 'install_base': '/home/yigit/tukan_ros2_ws/install/tracking_actions', 'merge_install': False, 'path': '/home/yigit/tukan_ros2_ws/src/tracking_actions', 'symlink_install': False, 'test_result_base': None}
[0.222s] INFO:colcon.colcon_core.executor:Executing jobs using 'parallel' executor
[0.223s] DEBUG:colcon.colcon_parallel_executor.executor.parallel:run_until_complete
[0.223s] INFO:colcon.colcon_ros.task.ament_cmake.build:Building ROS package in '/home/yigit/tukan_ros2_ws/src/tracking_actions' with build type 'ament_cmake'
[0.223s] INFO:colcon.colcon_cmake.task.cmake.build:Building CMake package in '/home/yigit/tukan_ros2_ws/src/tracking_actions'
[0.224s] INFO:colcon.colcon_core.plugin_system:Skipping extension 'colcon_core.shell.bat': Not used on non-Windows systems
[0.224s] INFO:colcon.colcon_core.shell:Skip shell extension 'powershell' for command environment: Not usable outside of PowerShell
[0.224s] DEBUG:colcon.colcon_core.shell:Skip shell extension 'dsv' for command environment
[0.230s] DEBUG:colcon.colcon_core.event_handler.log_command:Invoking command in '/home/yigit/tukan_ros2_ws/build/tracking_actions': CMAKE_PREFIX_PATH=${CMAKE_PREFIX_PATH}:/home/yigit/tukan_ros2_ws/install/vision_pkg:/home/yigit/tukan_ros2_ws/install/uav_server_pkg:/home/yigit/tukan_ros2_ws/install/tracking_system_pkg:/home/yigit/tukan_ros2_ws/install/px4_interface_pkg:/home/yigit/tukan_ros2_ws/install/network_pkg:/home/yigit/tukan_ros2_ws/install/guardian_pkg:/home/yigit/tukan_ros2_ws/install/flight_manager_pkg:/opt/ros/humble /usr/bin/cmake /home/yigit/tukan_ros2_ws/src/tracking_actions -DCMAKE_INSTALL_PREFIX=/home/yigit/tukan_ros2_ws/install/tracking_actions
[0.963s] DEBUG:colcon.colcon_core.event_handler.log_command:Invoked command in '/home/yigit/tukan_ros2_ws/build/tracking_actions' returned '0': CMAKE_PREFIX_PATH=${CMAKE_PREFIX_PATH}:/home/yigit/tukan_ros2_ws/install/vision_pkg:/home/yigit/tukan_ros2_ws/install/uav_server_pkg:/home/yigit/tukan_ros2_ws/install/tracking_system_pkg:/home/yigit/tukan_ros2_ws/install/px4_interface_pkg:/home/yigit/tukan_ros2_ws/install/network_pkg:/home/yigit/tukan_ros2_ws/install/guardian_pkg:/home/yigit/tukan_ros2_ws/install/flight_manager_pkg:/opt/ros/humble /usr/bin/cmake /home/yigit/tukan_ros2_ws/src/tracking_actions -DCMAKE_INSTALL_PREFIX=/home/yigit/tukan_ros2_ws/install/tracking_actions
[0.964s] DEBUG:colcon.colcon_core.event_handler.log_command:Invoking command in '/home/yigit/tukan_ros2_ws/build/tracking_actions': CMAKE_PREFIX_PATH=${CMAKE_PREFIX_PATH}:/home/yigit/tukan_ros2_ws/install/vision_pkg:/home/yigit/tukan_ros2_ws/install/uav_server_pkg:/home/yigit/tukan_ros2_ws/install/tracking_system_pkg:/home/yigit/tukan_ros2_ws/install/px4_interface_pkg:/home/yigit/tukan_ros2_ws/install/network_pkg:/home/yigit/tukan_ros2_ws/install/guardian_pkg:/home/yigit/tukan_ros2_ws/install/flight_manager_pkg:/opt/ros/humble /usr/bin/cmake --build /home/yigit/tukan_ros2_ws/build/tracking_actions -- -j16 -l16
[2.601s] DEBUG:colcon.colcon_core.event_handler.log_command:Invoked command in '/home/yigit/tukan_ros2_ws/build/tracking_actions' returned '0': CMAKE_PREFIX_PATH=${CMAKE_PREFIX_PATH}:/home/yigit/tukan_ros2_ws/install/vision_pkg:/home/yigit/tukan_ros2_ws/install/uav_server_pkg:/home/yigit/tukan_ros2_ws/install/tracking_system_pkg:/home/yigit/tukan_ros2_ws/install/px4_interface_pkg:/home/yigit/tukan_ros2_ws/install/network_pkg:/home/yigit/tukan_ros2_ws/install/guardian_pkg:/home/yigit/tukan_ros2_ws/install/flight_manager_pkg:/opt/ros/humble /usr/bin/cmake --build /home/yigit/tukan_ros2_ws/build/tracking_actions -- -j16 -l16
[2.607s] DEBUG:colcon.colcon_core.event_handler.log_command:Invoking command in '/home/yigit/tukan_ros2_ws/build/tracking_actions': CMAKE_PREFIX_PATH=${CMAKE_PREFIX_PATH}:/home/yigit/tukan_ros2_ws/install/vision_pkg:/home/yigit/tukan_ros2_ws/install/uav_server_pkg:/home/yigit/tukan_ros2_ws/install/tracking_system_pkg:/home/yigit/tukan_ros2_ws/install/px4_interface_pkg:/home/yigit/tukan_ros2_ws/install/network_pkg:/home/yigit/tukan_ros2_ws/install/guardian_pkg:/home/yigit/tukan_ros2_ws/install/flight_manager_pkg:/opt/ros/humble /usr/bin/cmake --install /home/yigit/tukan_ros2_ws/build/tracking_actions
[2.656s] Level 1:colcon.colcon_core.environment:create_environment_scripts_only(tracking_actions)
[2.657s] DEBUG:colcon.colcon_core.event_handler.log_command:Invoked command in '/home/yigit/tukan_ros2_ws/build/tracking_actions' returned '0': CMAKE_PREFIX_PATH=${CMAKE_PREFIX_PATH}:/home/yigit/tukan_ros2_ws/install/vision_pkg:/home/yigit/tukan_ros2_ws/install/uav_server_pkg:/home/yigit/tukan_ros2_ws/install/tracking_system_pkg:/home/yigit/tukan_ros2_ws/install/px4_interface_pkg:/home/yigit/tukan_ros2_ws/install/network_pkg:/home/yigit/tukan_ros2_ws/install/guardian_pkg:/home/yigit/tukan_ros2_ws/install/flight_manager_pkg:/opt/ros/humble /usr/bin/cmake --install /home/yigit/tukan_ros2_ws/build/tracking_actions
[2.658s] Level 1:colcon.colcon_core.environment:checking '/home/yigit/tukan_ros2_ws/install/tracking_actions' for CMake module files
[2.658s] Level 1:colcon.colcon_core.environment:checking '/home/yigit/tukan_ros2_ws/install/tracking_actions' for CMake config files
[2.659s] Level 1:colcon.colcon_core.shell:create_environment_hook('tracking_actions', 'cmake_prefix_path')
[2.659s] INFO:colcon.colcon_core.shell:Creating environment hook '/home/yigit/tukan_ros2_ws/install/tracking_actions/share/tracking_actions/hook/cmake_prefix_path.ps1'
[2.659s] INFO:colcon.colcon_core.shell:Creating environment descriptor '/home/yigit/tukan_ros2_ws/install/tracking_actions/share/tracking_actions/hook/cmake_prefix_path.dsv'
[2.660s] INFO:colcon.colcon_core.shell:Creating environment hook '/home/yigit/tukan_ros2_ws/install/tracking_actions/share/tracking_actions/hook/cmake_prefix_path.sh'
[2.660s] Level 1:colcon.colcon_core.environment:checking '/home/yigit/tukan_ros2_ws/install/tracking_actions/lib'
[2.660s] Level 1:colcon.colcon_core.shell:create_environment_hook('tracking_actions', 'ld_library_path_lib')
[2.660s] INFO:colcon.colcon_core.shell:Creating environment hook '/home/yigit/tukan_ros2_ws/install/tracking_actions/share/tracking_actions/hook/ld_library_path_lib.ps1'
[2.661s] INFO:colcon.colcon_core.shell:Creating environment descriptor '/home/yigit/tukan_ros2_ws/install/tracking_actions/share/tracking_actions/hook/ld_library_path_lib.dsv'
[2.661s] INFO:colcon.colcon_core.shell:Creating environment hook '/home/yigit/tukan_ros2_ws/install/tracking_actions/share/tracking_actions/hook/ld_library_path_lib.sh'
[2.661s] Level 1:colcon.colcon_core.environment:checking '/home/yigit/tukan_ros2_ws/install/tracking_actions/bin'
[2.661s] Level 1:colcon.colcon_core.environment:checking '/home/yigit/tukan_ros2_ws/install/tracking_actions/lib/pkgconfig/tracking_actions.pc'
[2.661s] Level 1:colcon.colcon_core.environment:checking '/home/yigit/tukan_ros2_ws/install/tracking_actions/lib/python3.10/site-packages'
[2.661s] Level 1:colcon.colcon_core.environment:checking '/home/yigit/tukan_ros2_ws/install/tracking_actions/bin'
[2.661s] INFO:colcon.colcon_core.shell:Creating package script '/home/yigit/tukan_ros2_ws/install/tracking_actions/share/tracking_actions/package.ps1'
[2.662s] INFO:colcon.colcon_core.shell:Creating package descriptor '/home/yigit/tukan_ros2_ws/install/tracking_actions/share/tracking_actions/package.dsv'
[2.662s] INFO:colcon.colcon_core.shell:Creating package script '/home/yigit/tukan_ros2_ws/install/tracking_actions/share/tracking_actions/package.sh'
[2.662s] INFO:colcon.colcon_core.shell:Creating package script '/home/yigit/tukan_ros2_ws/install/tracking_actions/share/tracking_actions/package.bash'
[2.663s] INFO:colcon.colcon_core.shell:Creating package script '/home/yigit/tukan_ros2_ws/install/tracking_actions/share/tracking_actions/package.zsh'
[2.663s] Level 1:colcon.colcon_core.environment:create_file_with_runtime_dependencies(/home/yigit/tukan_ros2_ws/install/tracking_actions/share/colcon-core/packages/tracking_actions)
[2.664s] Level 1:colcon.colcon_core.environment:create_environment_scripts_only(tracking_actions)
[2.664s] Level 1:colcon.colcon_core.environment:checking '/home/yigit/tukan_ros2_ws/install/tracking_actions' for CMake module files
[2.664s] Level 1:colcon.colcon_core.environment:checking '/home/yigit/tukan_ros2_ws/install/tracking_actions' for CMake config files
[2.664s] Level 1:colcon.colcon_core.shell:create_environment_hook('tracking_actions', 'cmake_prefix_path')
[2.664s] INFO:colcon.colcon_core.shell:Creating environment hook '/home/yigit/tukan_ros2_ws/install/tracking_actions/share/tracking_actions/hook/cmake_prefix_path.ps1'
[2.665s] INFO:colcon.colcon_core.shell:Creating environment descriptor '/home/yigit/tukan_ros2_ws/install/tracking_actions/share/tracking_actions/hook/cmake_prefix_path.dsv'
[2.665s] INFO:colcon.colcon_core.shell:Creating environment hook '/home/yigit/tukan_ros2_ws/install/tracking_actions/share/tracking_actions/hook/cmake_prefix_path.sh'
[2.665s] Level 1:colcon.colcon_core.environment:checking '/home/yigit/tukan_ros2_ws/install/tracking_actions/lib'
[2.665s] Level 1:colcon.colcon_core.shell:create_environment_hook('tracking_actions', 'ld_library_path_lib')
[2.665s] INFO:colcon.colcon_core.shell:Creating environment hook '/home/yigit/tukan_ros2_ws/install/tracking_actions/share/tracking_actions/hook/ld_library_path_lib.ps1'
[2.665s] INFO:colcon.colcon_core.shell:Creating environment descriptor '/home/yigit/tukan_ros2_ws/install/tracking_actions/share/tracking_actions/hook/ld_library_path_lib.dsv'
[2.666s] INFO:colcon.colcon_core.shell:Creating environment hook '/home/yigit/tukan_ros2_ws/install/tracking_actions/share/tracking_actions/hook/ld_library_path_lib.sh'
[2.666s] Level 1:colcon.colcon_core.environment:checking '/home/yigit/tukan_ros2_ws/install/tracking_actions/bin'
[2.666s] Level 1:colcon.colcon_core.environment:checking '/home/yigit/tukan_ros2_ws/install/tracking_actions/lib/pkgconfig/tracking_actions.pc'
[2.666s] Level 1:colcon.colcon_core.environment:checking '/home/yigit/tukan_ros2_ws/install/tracking_actions/lib/python3.10/site-packages'
[2.666s] Level 1:colcon.colcon_core.environment:checking '/home/yigit/tukan_ros2_ws/install/tracking_actions/bin'
[2.666s] INFO:colcon.colcon_core.shell:Creating package script '/home/yigit/tukan_ros2_ws/install/tracking_actions/share/tracking_actions/package.ps1'
[2.667s] INFO:colcon.colcon_core.shell:Creating package descriptor '/home/yigit/tukan_ros2_ws/install/tracking_actions/share/tracking_actions/package.dsv'
[2.667s] INFO:colcon.colcon_core.shell:Creating package script '/home/yigit/tukan_ros2_ws/install/tracking_actions/share/tracking_actions/package.sh'
[2.667s] INFO:colcon.colcon_core.shell:Creating package script '/home/yigit/tukan_ros2_ws/install/tracking_actions/share/tracking_actions/package.bash'
[2.667s] INFO:colcon.colcon_core.shell:Creating package script '/home/yigit/tukan_ros2_ws/install/tracking_actions/share/tracking_actions/package.zsh'
[2.667s] Level 1:colcon.colcon_core.environment:create_file_with_runtime_dependencies(/home/yigit/tukan_ros2_ws/install/tracking_actions/share/colcon-core/packages/tracking_actions)
[2.668s] DEBUG:colcon.colcon_parallel_executor.executor.parallel:closing loop
[2.668s] DEBUG:colcon.colcon_parallel_executor.executor.parallel:loop closed
[2.668s] DEBUG:colcon.colcon_parallel_executor.executor.parallel:run_until_complete finished with '0'
[2.668s] DEBUG:colcon.colcon_core.event_reactor:joining thread
[2.671s] INFO:colcon.colcon_core.plugin_system:Skipping extension 'colcon_notification.desktop_notification.terminal_notifier': Not used on non-Darwin systems
[2.671s] INFO:colcon.colcon_core.plugin_system:Skipping extension 'colcon_notification.desktop_notification.win32': Not used on non-Windows systems
[2.671s] INFO:colcon.colcon_notification.desktop_notification:Sending desktop notification using 'notify2'
[2.678s] DEBUG:colcon.colcon_core.event_reactor:joined thread
[2.678s] INFO:colcon.colcon_core.shell:Creating prefix script '/home/yigit/tukan_ros2_ws/install/local_setup.ps1'
[2.679s] INFO:colcon.colcon_core.shell:Creating prefix util module '/home/yigit/tukan_ros2_ws/install/_local_setup_util_ps1.py'
[2.680s] INFO:colcon.colcon_core.shell:Creating prefix chain script '/home/yigit/tukan_ros2_ws/install/setup.ps1'
[2.680s] INFO:colcon.colcon_core.shell:Creating prefix script '/home/yigit/tukan_ros2_ws/install/local_setup.sh'
[2.681s] INFO:colcon.colcon_core.shell:Creating prefix util module '/home/yigit/tukan_ros2_ws/install/_local_setup_util_sh.py'
[2.681s] INFO:colcon.colcon_core.shell:Creating prefix chain script '/home/yigit/tukan_ros2_ws/install/setup.sh'
[2.682s] INFO:colcon.colcon_core.shell:Creating prefix script '/home/yigit/tukan_ros2_ws/install/local_setup.bash'
[2.682s] INFO:colcon.colcon_core.shell:Creating prefix chain script '/home/yigit/tukan_ros2_ws/install/setup.bash'
[2.683s] INFO:colcon.colcon_core.shell:Creating prefix script '/home/yigit/tukan_ros2_ws/install/local_setup.zsh'
[2.684s] INFO:colcon.colcon_core.shell:Creating prefix chain script '/home/yigit/tukan_ros2_ws/install/setup.zsh'
