[1.127s] Invoking command in '/home/yigit/tukan_ros2_ws/src/vision_pkg': PYTHONPATH=/home/yigit/tukan_ros2_ws/build/vision_pkg/prefix_override:/usr/lib/python3/dist-packages/colcon_core/task/python/colcon_distutils_commands:/home/yigit/tukan_ros2_ws/install/vision_pkg/lib/python3.10/site-packages:${PYTHONPATH} /usr/bin/python3 -W ignore:setup.py install is deprecated -W ignore:easy_install command is deprecated setup.py egg_info --egg-base ../../build/vision_pkg build --build-base /home/yigit/tukan_ros2_ws/build/vision_pkg/build install --record /home/yigit/tukan_ros2_ws/build/vision_pkg/install.log --single-version-externally-managed install_data
[1.253s] running egg_info
[1.253s] creating ../../build/vision_pkg/vision_pkg.egg-info
[1.253s] writing ../../build/vision_pkg/vision_pkg.egg-info/PKG-INFO
[1.253s] writing dependency_links to ../../build/vision_pkg/vision_pkg.egg-info/dependency_links.txt
[1.253s] writing entry points to ../../build/vision_pkg/vision_pkg.egg-info/entry_points.txt
[1.253s] writing requirements to ../../build/vision_pkg/vision_pkg.egg-info/requires.txt
[1.253s] writing top-level names to ../../build/vision_pkg/vision_pkg.egg-info/top_level.txt
[1.253s] writing manifest file '../../build/vision_pkg/vision_pkg.egg-info/SOURCES.txt'
[1.254s] reading manifest file '../../build/vision_pkg/vision_pkg.egg-info/SOURCES.txt'
[1.255s] writing manifest file '../../build/vision_pkg/vision_pkg.egg-info/SOURCES.txt'
[1.255s] running build
[1.255s] running build_py
[1.255s] creating /home/yigit/tukan_ros2_ws/build/vision_pkg/build
[1.255s] creating /home/yigit/tukan_ros2_ws/build/vision_pkg/build/lib
[1.255s] creating /home/yigit/tukan_ros2_ws/build/vision_pkg/build/lib/vision_pkg
[1.255s] copying vision_pkg/__init__.py -> /home/yigit/tukan_ros2_ws/build/vision_pkg/build/lib/vision_pkg
[1.255s] running install
[1.255s] running install_lib
[1.256s] creating /home/yigit/tukan_ros2_ws/install/vision_pkg/lib/python3.10/site-packages/vision_pkg
[1.256s] copying /home/yigit/tukan_ros2_ws/build/vision_pkg/build/lib/vision_pkg/__init__.py -> /home/yigit/tukan_ros2_ws/install/vision_pkg/lib/python3.10/site-packages/vision_pkg
[1.256s] byte-compiling /home/yigit/tukan_ros2_ws/install/vision_pkg/lib/python3.10/site-packages/vision_pkg/__init__.py to __init__.cpython-310.pyc
[1.256s] running install_data
[1.258s] creating /home/yigit/tukan_ros2_ws/install/vision_pkg/share/ament_index
[1.258s] creating /home/yigit/tukan_ros2_ws/install/vision_pkg/share/ament_index/resource_index
[1.258s] creating /home/yigit/tukan_ros2_ws/install/vision_pkg/share/ament_index/resource_index/packages
[1.258s] copying resource/vision_pkg -> /home/yigit/tukan_ros2_ws/install/vision_pkg/share/ament_index/resource_index/packages
[1.258s] copying package.xml -> /home/yigit/tukan_ros2_ws/install/vision_pkg/share/vision_pkg
[1.258s] running install_egg_info
[1.259s] Copying ../../build/vision_pkg/vision_pkg.egg-info to /home/yigit/tukan_ros2_ws/install/vision_pkg/lib/python3.10/site-packages/vision_pkg-0.0.0-py3.10.egg-info
[1.260s] running install_scripts
[1.267s] writing list of installed files to '/home/yigit/tukan_ros2_ws/build/vision_pkg/install.log'
[1.281s] Invoked command in '/home/yigit/tukan_ros2_ws/src/vision_pkg' returned '0': PYTHONPATH=/home/yigit/tukan_ros2_ws/build/vision_pkg/prefix_override:/usr/lib/python3/dist-packages/colcon_core/task/python/colcon_distutils_commands:/home/yigit/tukan_ros2_ws/install/vision_pkg/lib/python3.10/site-packages:${PYTHONPATH} /usr/bin/python3 -W ignore:setup.py install is deprecated -W ignore:easy_install command is deprecated setup.py egg_info --egg-base ../../build/vision_pkg build --build-base /home/yigit/tukan_ros2_ws/build/vision_pkg/build install --record /home/yigit/tukan_ros2_ws/build/vision_pkg/install.log --single-version-externally-managed install_data
