-- Found ament_cmake: 1.3.11 (/opt/ros/humble/share/ament_cmake/cmake)
-- Found ament_lint_auto: 0.12.12 (/opt/ros/humble/share/ament_lint_auto/cmake)
-- Found rosidl_default_generators: 1.2.0 (/opt/ros/humble/share/rosidl_default_generators/cmake)
-- Using all available rosidl_typesupport_c: rosidl_typesupport_fastrtps_c;rosidl_typesupport_introspection_c
-- Found rosidl_adapter: 3.1.6 (/opt/ros/humble/share/rosidl_adapter/cmake)
-- Using all available rosidl_typesupport_cpp: rosidl_typesupport_fastrtps_cpp;rosidl_typesupport_introspection_cpp
-- Found ament_cmake_ros: 0.10.0 (/opt/ros/humble/share/ament_cmake_ros/cmake)
-- Using all available rosidl_typesupport_c: rosidl_typesupport_fastrtps_c;rosidl_typesupport_introspection_c
-- Using all available rosidl_typesupport_cpp: rosidl_typesupport_fastrtps_cpp;rosidl_typesupport_introspection_cpp
-- Found python_cmake_module: 0.10.0 (/opt/ros/humble/share/python_cmake_module/cmake)
-- Using PYTHON_EXECUTABLE: /usr/bin/python3
-- Using PYTHON_INCLUDE_DIRS: /usr/include/python3.10
-- Using PYTHON_LIBRARIES: /usr/lib/x86_64-linux-gnu/libpython3.10.so
-- Added test 'lint_cmake' to check CMake code style
-- Added test 'xmllint' to check XML markup files
-- Configuring done
-- Generating done
-- Build files have been written to: /home/yigit/tukan_ros2_ws/build/tracking_actions
[  2%] [34m[1mGenerating C code for ROS interfaces[0m
[  5%] [34m[1mGenerating C++ code for ROS interfaces[0m
[  5%] Built target ament_cmake_python_copy_tracking_actions
running egg_info
writing tracking_actions.egg-info/PKG-INFO
writing dependency_links to tracking_actions.egg-info/dependency_links.txt
writing top-level names to tracking_actions.egg-info/top_level.txt
reading manifest file 'tracking_actions.egg-info/SOURCES.txt'
writing manifest file 'tracking_actions.egg-info/SOURCES.txt'
[  5%] Built target ament_cmake_python_build_tracking_actions_egg
[35m[1mConsolidate compiler generated dependencies of target tracking_actions__rosidl_generator_c[0m
[  7%] [32mBuilding C object CMakeFiles/tracking_actions__rosidl_generator_c.dir/rosidl_generator_c/tracking_actions/action/detail/follow_target__functions.c.o[0m
[ 10%] [32mBuilding C object CMakeFiles/tracking_actions__rosidl_generator_c.dir/rosidl_generator_c/tracking_actions/action/detail/gps_pursuit__functions.c.o[0m
[ 10%] Built target tracking_actions__cpp
[ 12%] [34m[1mGenerating C++ type support dispatch for ROS interfaces[0m
[ 15%] [34m[1mGenerating C++ type support for eProsima Fast-RTPS[0m
[ 17%] [34m[1mGenerating C++ introspection for ROS interfaces[0m
[ 20%] [32m[1mLinking C shared library libtracking_actions__rosidl_generator_c.so[0m
[ 20%] Built target tracking_actions__rosidl_generator_c
[ 25%] [34m[1mGenerating C type support dispatch for ROS interfaces[0m
[ 25%] [34m[1mGenerating C type support for eProsima Fast-RTPS[0m
[ 28%] [34m[1mGenerating C introspection for ROS interfaces[0m
[35m[1mConsolidate compiler generated dependencies of target tracking_actions__rosidl_typesupport_cpp[0m
[ 30%] [32mBuilding CXX object CMakeFiles/tracking_actions__rosidl_typesupport_cpp.dir/rosidl_typesupport_cpp/tracking_actions/action/follow_target__type_support.cpp.o[0m
[ 33%] [32mBuilding CXX object CMakeFiles/tracking_actions__rosidl_typesupport_cpp.dir/rosidl_typesupport_cpp/tracking_actions/action/gps_pursuit__type_support.cpp.o[0m
[35m[1mConsolidate compiler generated dependencies of target tracking_actions__rosidl_typesupport_introspection_cpp[0m
[ 35%] [32mBuilding CXX object CMakeFiles/tracking_actions__rosidl_typesupport_introspection_cpp.dir/rosidl_typesupport_introspection_cpp/tracking_actions/action/detail/follow_target__type_support.cpp.o[0m
[ 38%] [32mBuilding CXX object CMakeFiles/tracking_actions__rosidl_typesupport_introspection_cpp.dir/rosidl_typesupport_introspection_cpp/tracking_actions/action/detail/gps_pursuit__type_support.cpp.o[0m
[35m[1mConsolidate compiler generated dependencies of target tracking_actions__rosidl_typesupport_c[0m
[ 41%] [32mBuilding CXX object CMakeFiles/tracking_actions__rosidl_typesupport_c.dir/rosidl_typesupport_c/tracking_actions/action/gps_pursuit__type_support.cpp.o[0m
[35m[1mConsolidate compiler generated dependencies of target tracking_actions__rosidl_typesupport_fastrtps_cpp[0m
[ 43%] [32mBuilding CXX object CMakeFiles/tracking_actions__rosidl_typesupport_c.dir/rosidl_typesupport_c/tracking_actions/action/follow_target__type_support.cpp.o[0m
[ 46%] [32mBuilding CXX object CMakeFiles/tracking_actions__rosidl_typesupport_fastrtps_cpp.dir/rosidl_typesupport_fastrtps_cpp/tracking_actions/action/detail/dds_fastrtps/follow_target__type_support.cpp.o[0m
[ 48%] [32mBuilding CXX object CMakeFiles/tracking_actions__rosidl_typesupport_fastrtps_cpp.dir/rosidl_typesupport_fastrtps_cpp/tracking_actions/action/detail/dds_fastrtps/gps_pursuit__type_support.cpp.o[0m
[ 51%] [32m[1mLinking CXX shared library libtracking_actions__rosidl_typesupport_c.so[0m
[35m[1mConsolidate compiler generated dependencies of target tracking_actions__rosidl_typesupport_introspection_c[0m
[ 51%] Built target tracking_actions__rosidl_typesupport_c
[ 53%] [32mBuilding C object CMakeFiles/tracking_actions__rosidl_typesupport_introspection_c.dir/rosidl_typesupport_introspection_c/tracking_actions/action/detail/gps_pursuit__type_support.c.o[0m
[ 56%] [32mBuilding C object CMakeFiles/tracking_actions__rosidl_typesupport_introspection_c.dir/rosidl_typesupport_introspection_c/tracking_actions/action/detail/follow_target__type_support.c.o[0m
[35m[1mConsolidate compiler generated dependencies of target tracking_actions__rosidl_typesupport_fastrtps_c[0m
[ 58%] [32mBuilding CXX object CMakeFiles/tracking_actions__rosidl_typesupport_fastrtps_c.dir/rosidl_typesupport_fastrtps_c/tracking_actions/action/detail/gps_pursuit__type_support_c.cpp.o[0m
[ 61%] [32mBuilding CXX object CMakeFiles/tracking_actions__rosidl_typesupport_fastrtps_c.dir/rosidl_typesupport_fastrtps_c/tracking_actions/action/detail/follow_target__type_support_c.cpp.o[0m
[ 64%] [32m[1mLinking C shared library libtracking_actions__rosidl_typesupport_introspection_c.so[0m
[ 64%] Built target tracking_actions__rosidl_typesupport_introspection_c
[ 66%] [32m[1mLinking CXX shared library libtracking_actions__rosidl_typesupport_cpp.so[0m
[ 66%] Built target tracking_actions__rosidl_typesupport_cpp
[ 69%] [32m[1mLinking CXX shared library libtracking_actions__rosidl_typesupport_introspection_cpp.so[0m
[ 71%] [32m[1mLinking CXX shared library libtracking_actions__rosidl_typesupport_fastrtps_c.so[0m
[ 74%] [32m[1mLinking CXX shared library libtracking_actions__rosidl_typesupport_fastrtps_cpp.so[0m
[ 74%] Built target tracking_actions__rosidl_typesupport_introspection_cpp
[ 74%] Built target tracking_actions__rosidl_typesupport_fastrtps_c
[ 74%] Built target tracking_actions__rosidl_typesupport_fastrtps_cpp
[ 74%] Built target tracking_actions
[ 76%] [34m[1mGenerating Python code for ROS interfaces[0m
[ 76%] Built target tracking_actions__py
[35m[1mConsolidate compiler generated dependencies of target tracking_actions__rosidl_generator_py[0m
[ 82%] [32mBuilding C object CMakeFiles/tracking_actions__rosidl_generator_py.dir/rosidl_generator_py/tracking_actions/action/_follow_target_s.c.o[0m
[ 82%] [32mBuilding C object CMakeFiles/tracking_actions__rosidl_generator_py.dir/rosidl_generator_py/tracking_actions/action/_gps_pursuit_s.c.o[0m
[ 84%] [32m[1mLinking C shared library rosidl_generator_py/tracking_actions/libtracking_actions__rosidl_generator_py.so[0m
[ 84%] Built target tracking_actions__rosidl_generator_py
[35m[1mConsolidate compiler generated dependencies of target tracking_actions__rosidl_typesupport_introspection_c__pyext[0m
[35m[1mConsolidate compiler generated dependencies of target tracking_actions__rosidl_typesupport_fastrtps_c__pyext[0m
[35m[1mConsolidate compiler generated dependencies of target tracking_actions__rosidl_typesupport_c__pyext[0m
[ 87%] [32mBuilding C object CMakeFiles/tracking_actions__rosidl_typesupport_fastrtps_c__pyext.dir/rosidl_generator_py/tracking_actions/_tracking_actions_s.ep.rosidl_typesupport_fastrtps_c.c.o[0m
[ 89%] [32mBuilding C object CMakeFiles/tracking_actions__rosidl_typesupport_c__pyext.dir/rosidl_generator_py/tracking_actions/_tracking_actions_s.ep.rosidl_typesupport_c.c.o[0m
[ 92%] [32mBuilding C object CMakeFiles/tracking_actions__rosidl_typesupport_introspection_c__pyext.dir/rosidl_generator_py/tracking_actions/_tracking_actions_s.ep.rosidl_typesupport_introspection_c.c.o[0m
[100%] [32m[1mLinking C shared library rosidl_generator_py/tracking_actions/tracking_actions_s__rosidl_typesupport_fastrtps_c.cpython-310-x86_64-linux-gnu.so[0m
[100%] [32m[1mLinking C shared library rosidl_generator_py/tracking_actions/tracking_actions_s__rosidl_typesupport_c.cpython-310-x86_64-linux-gnu.so[0m
[100%] [32m[1mLinking C shared library rosidl_generator_py/tracking_actions/tracking_actions_s__rosidl_typesupport_introspection_c.cpython-310-x86_64-linux-gnu.so[0m
[100%] Built target tracking_actions__rosidl_typesupport_c__pyext
[100%] Built target tracking_actions__rosidl_typesupport_fastrtps_c__pyext
[100%] Built target tracking_actions__rosidl_typesupport_introspection_c__pyext
-- Install configuration: ""
-- Installing: /home/yigit/tukan_ros2_ws/install/tracking_actions/share/ament_index/resource_index/rosidl_interfaces/tracking_actions
-- Up-to-date: /home/yigit/tukan_ros2_ws/install/tracking_actions/include/tracking_actions/tracking_actions
-- Up-to-date: /home/yigit/tukan_ros2_ws/install/tracking_actions/include/tracking_actions/tracking_actions/msg
-- Up-to-date: /home/yigit/tukan_ros2_ws/install/tracking_actions/include/tracking_actions/tracking_actions/msg/rosidl_generator_c__visibility_control.h
-- Up-to-date: /home/yigit/tukan_ros2_ws/install/tracking_actions/include/tracking_actions/tracking_actions/action
-- Installing: /home/yigit/tukan_ros2_ws/install/tracking_actions/include/tracking_actions/tracking_actions/action/follow_target.h
-- Up-to-date: /home/yigit/tukan_ros2_ws/install/tracking_actions/include/tracking_actions/tracking_actions/action/detail
-- Installing: /home/yigit/tukan_ros2_ws/install/tracking_actions/include/tracking_actions/tracking_actions/action/detail/gps_pursuit__struct.h
-- Installing: /home/yigit/tukan_ros2_ws/install/tracking_actions/include/tracking_actions/tracking_actions/action/detail/gps_pursuit__functions.c
-- Installing: /home/yigit/tukan_ros2_ws/install/tracking_actions/include/tracking_actions/tracking_actions/action/detail/follow_target__functions.c
-- Installing: /home/yigit/tukan_ros2_ws/install/tracking_actions/include/tracking_actions/tracking_actions/action/detail/follow_target__functions.h
-- Installing: /home/yigit/tukan_ros2_ws/install/tracking_actions/include/tracking_actions/tracking_actions/action/detail/follow_target__type_support.h
-- Installing: /home/yigit/tukan_ros2_ws/install/tracking_actions/include/tracking_actions/tracking_actions/action/detail/gps_pursuit__functions.h
-- Installing: /home/yigit/tukan_ros2_ws/install/tracking_actions/include/tracking_actions/tracking_actions/action/detail/gps_pursuit__type_support.h
-- Installing: /home/yigit/tukan_ros2_ws/install/tracking_actions/include/tracking_actions/tracking_actions/action/detail/follow_target__struct.h
-- Installing: /home/yigit/tukan_ros2_ws/install/tracking_actions/include/tracking_actions/tracking_actions/action/gps_pursuit.h
-- Up-to-date: /home/yigit/tukan_ros2_ws/install/tracking_actions/share/tracking_actions/environment/library_path.sh
-- Installing: /home/yigit/tukan_ros2_ws/install/tracking_actions/share/tracking_actions/environment/library_path.dsv
-- Installing: /home/yigit/tukan_ros2_ws/install/tracking_actions/lib/libtracking_actions__rosidl_generator_c.so
-- Set runtime path of "/home/yigit/tukan_ros2_ws/install/tracking_actions/lib/libtracking_actions__rosidl_generator_c.so" to ""
-- Up-to-date: /home/yigit/tukan_ros2_ws/install/tracking_actions/include/tracking_actions/tracking_actions
-- Up-to-date: /home/yigit/tukan_ros2_ws/install/tracking_actions/include/tracking_actions/tracking_actions/msg
-- Up-to-date: /home/yigit/tukan_ros2_ws/install/tracking_actions/include/tracking_actions/tracking_actions/msg/rosidl_typesupport_fastrtps_c__visibility_control.h
-- Up-to-date: /home/yigit/tukan_ros2_ws/install/tracking_actions/include/tracking_actions/tracking_actions/action
-- Up-to-date: /home/yigit/tukan_ros2_ws/install/tracking_actions/include/tracking_actions/tracking_actions/action/detail
-- Installing: /home/yigit/tukan_ros2_ws/install/tracking_actions/include/tracking_actions/tracking_actions/action/detail/gps_pursuit__rosidl_typesupport_fastrtps_c.h
-- Installing: /home/yigit/tukan_ros2_ws/install/tracking_actions/include/tracking_actions/tracking_actions/action/detail/follow_target__rosidl_typesupport_fastrtps_c.h
-- Installing: /home/yigit/tukan_ros2_ws/install/tracking_actions/lib/libtracking_actions__rosidl_typesupport_fastrtps_c.so
-- Set runtime path of "/home/yigit/tukan_ros2_ws/install/tracking_actions/lib/libtracking_actions__rosidl_typesupport_fastrtps_c.so" to ""
-- Up-to-date: /home/yigit/tukan_ros2_ws/install/tracking_actions/include/tracking_actions/tracking_actions
-- Up-to-date: /home/yigit/tukan_ros2_ws/install/tracking_actions/include/tracking_actions/tracking_actions/msg
-- Up-to-date: /home/yigit/tukan_ros2_ws/install/tracking_actions/include/tracking_actions/tracking_actions/msg/rosidl_typesupport_introspection_c__visibility_control.h
-- Up-to-date: /home/yigit/tukan_ros2_ws/install/tracking_actions/include/tracking_actions/tracking_actions/action
-- Up-to-date: /home/yigit/tukan_ros2_ws/install/tracking_actions/include/tracking_actions/tracking_actions/action/detail
-- Installing: /home/yigit/tukan_ros2_ws/install/tracking_actions/include/tracking_actions/tracking_actions/action/detail/follow_target__type_support.c
-- Installing: /home/yigit/tukan_ros2_ws/install/tracking_actions/include/tracking_actions/tracking_actions/action/detail/gps_pursuit__rosidl_typesupport_introspection_c.h
-- Installing: /home/yigit/tukan_ros2_ws/install/tracking_actions/include/tracking_actions/tracking_actions/action/detail/follow_target__rosidl_typesupport_introspection_c.h
-- Installing: /home/yigit/tukan_ros2_ws/install/tracking_actions/include/tracking_actions/tracking_actions/action/detail/gps_pursuit__type_support.c
-- Installing: /home/yigit/tukan_ros2_ws/install/tracking_actions/lib/libtracking_actions__rosidl_typesupport_introspection_c.so
-- Set runtime path of "/home/yigit/tukan_ros2_ws/install/tracking_actions/lib/libtracking_actions__rosidl_typesupport_introspection_c.so" to ""
-- Installing: /home/yigit/tukan_ros2_ws/install/tracking_actions/lib/libtracking_actions__rosidl_typesupport_c.so
-- Set runtime path of "/home/yigit/tukan_ros2_ws/install/tracking_actions/lib/libtracking_actions__rosidl_typesupport_c.so" to ""
-- Up-to-date: /home/yigit/tukan_ros2_ws/install/tracking_actions/include/tracking_actions/tracking_actions
-- Up-to-date: /home/yigit/tukan_ros2_ws/install/tracking_actions/include/tracking_actions/tracking_actions/msg
-- Up-to-date: /home/yigit/tukan_ros2_ws/install/tracking_actions/include/tracking_actions/tracking_actions/msg/rosidl_generator_cpp__visibility_control.hpp
-- Up-to-date: /home/yigit/tukan_ros2_ws/install/tracking_actions/include/tracking_actions/tracking_actions/action
-- Installing: /home/yigit/tukan_ros2_ws/install/tracking_actions/include/tracking_actions/tracking_actions/action/gps_pursuit.hpp
-- Installing: /home/yigit/tukan_ros2_ws/install/tracking_actions/include/tracking_actions/tracking_actions/action/follow_target.hpp
-- Up-to-date: /home/yigit/tukan_ros2_ws/install/tracking_actions/include/tracking_actions/tracking_actions/action/detail
-- Installing: /home/yigit/tukan_ros2_ws/install/tracking_actions/include/tracking_actions/tracking_actions/action/detail/follow_target__builder.hpp
-- Installing: /home/yigit/tukan_ros2_ws/install/tracking_actions/include/tracking_actions/tracking_actions/action/detail/follow_target__type_support.hpp
-- Installing: /home/yigit/tukan_ros2_ws/install/tracking_actions/include/tracking_actions/tracking_actions/action/detail/gps_pursuit__type_support.hpp
-- Installing: /home/yigit/tukan_ros2_ws/install/tracking_actions/include/tracking_actions/tracking_actions/action/detail/gps_pursuit__struct.hpp
-- Installing: /home/yigit/tukan_ros2_ws/install/tracking_actions/include/tracking_actions/tracking_actions/action/detail/follow_target__traits.hpp
-- Installing: /home/yigit/tukan_ros2_ws/install/tracking_actions/include/tracking_actions/tracking_actions/action/detail/gps_pursuit__traits.hpp
-- Installing: /home/yigit/tukan_ros2_ws/install/tracking_actions/include/tracking_actions/tracking_actions/action/detail/follow_target__struct.hpp
-- Installing: /home/yigit/tukan_ros2_ws/install/tracking_actions/include/tracking_actions/tracking_actions/action/detail/gps_pursuit__builder.hpp
-- Up-to-date: /home/yigit/tukan_ros2_ws/install/tracking_actions/include/tracking_actions/tracking_actions
-- Up-to-date: /home/yigit/tukan_ros2_ws/install/tracking_actions/include/tracking_actions/tracking_actions/msg
-- Up-to-date: /home/yigit/tukan_ros2_ws/install/tracking_actions/include/tracking_actions/tracking_actions/msg/rosidl_typesupport_fastrtps_cpp__visibility_control.h
-- Up-to-date: /home/yigit/tukan_ros2_ws/install/tracking_actions/include/tracking_actions/tracking_actions/action
-- Up-to-date: /home/yigit/tukan_ros2_ws/install/tracking_actions/include/tracking_actions/tracking_actions/action/detail
-- Installing: /home/yigit/tukan_ros2_ws/install/tracking_actions/include/tracking_actions/tracking_actions/action/detail/gps_pursuit__rosidl_typesupport_fastrtps_cpp.hpp
-- Installing: /home/yigit/tukan_ros2_ws/install/tracking_actions/include/tracking_actions/tracking_actions/action/detail/follow_target__rosidl_typesupport_fastrtps_cpp.hpp
-- Up-to-date: /home/yigit/tukan_ros2_ws/install/tracking_actions/include/tracking_actions/tracking_actions/action/detail/dds_fastrtps
-- Installing: /home/yigit/tukan_ros2_ws/install/tracking_actions/lib/libtracking_actions__rosidl_typesupport_fastrtps_cpp.so
-- Set runtime path of "/home/yigit/tukan_ros2_ws/install/tracking_actions/lib/libtracking_actions__rosidl_typesupport_fastrtps_cpp.so" to ""
-- Up-to-date: /home/yigit/tukan_ros2_ws/install/tracking_actions/include/tracking_actions/tracking_actions
-- Up-to-date: /home/yigit/tukan_ros2_ws/install/tracking_actions/include/tracking_actions/tracking_actions/action
-- Up-to-date: /home/yigit/tukan_ros2_ws/install/tracking_actions/include/tracking_actions/tracking_actions/action/detail
-- Installing: /home/yigit/tukan_ros2_ws/install/tracking_actions/include/tracking_actions/tracking_actions/action/detail/gps_pursuit__rosidl_typesupport_introspection_cpp.hpp
-- Installing: /home/yigit/tukan_ros2_ws/install/tracking_actions/include/tracking_actions/tracking_actions/action/detail/gps_pursuit__type_support.cpp
-- Installing: /home/yigit/tukan_ros2_ws/install/tracking_actions/include/tracking_actions/tracking_actions/action/detail/follow_target__type_support.cpp
-- Installing: /home/yigit/tukan_ros2_ws/install/tracking_actions/include/tracking_actions/tracking_actions/action/detail/follow_target__rosidl_typesupport_introspection_cpp.hpp
-- Installing: /home/yigit/tukan_ros2_ws/install/tracking_actions/lib/libtracking_actions__rosidl_typesupport_introspection_cpp.so
-- Set runtime path of "/home/yigit/tukan_ros2_ws/install/tracking_actions/lib/libtracking_actions__rosidl_typesupport_introspection_cpp.so" to ""
-- Installing: /home/yigit/tukan_ros2_ws/install/tracking_actions/lib/libtracking_actions__rosidl_typesupport_cpp.so
-- Set runtime path of "/home/yigit/tukan_ros2_ws/install/tracking_actions/lib/libtracking_actions__rosidl_typesupport_cpp.so" to ""
-- Up-to-date: /home/yigit/tukan_ros2_ws/install/tracking_actions/share/tracking_actions/environment/pythonpath.sh
-- Installing: /home/yigit/tukan_ros2_ws/install/tracking_actions/share/tracking_actions/environment/pythonpath.dsv
-- Up-to-date: /home/yigit/tukan_ros2_ws/install/tracking_actions/local/lib/python3.10/dist-packages/tracking_actions-0.0.0-py3.10.egg-info
-- Installing: /home/yigit/tukan_ros2_ws/install/tracking_actions/local/lib/python3.10/dist-packages/tracking_actions-0.0.0-py3.10.egg-info/dependency_links.txt
-- Installing: /home/yigit/tukan_ros2_ws/install/tracking_actions/local/lib/python3.10/dist-packages/tracking_actions-0.0.0-py3.10.egg-info/PKG-INFO
-- Installing: /home/yigit/tukan_ros2_ws/install/tracking_actions/local/lib/python3.10/dist-packages/tracking_actions-0.0.0-py3.10.egg-info/SOURCES.txt
-- Installing: /home/yigit/tukan_ros2_ws/install/tracking_actions/local/lib/python3.10/dist-packages/tracking_actions-0.0.0-py3.10.egg-info/top_level.txt
-- Up-to-date: /home/yigit/tukan_ros2_ws/install/tracking_actions/local/lib/python3.10/dist-packages/tracking_actions
-- Installing: /home/yigit/tukan_ros2_ws/install/tracking_actions/local/lib/python3.10/dist-packages/tracking_actions/_tracking_actions_s.ep.rosidl_typesupport_introspection_c.c
-- Installing: /home/yigit/tukan_ros2_ws/install/tracking_actions/local/lib/python3.10/dist-packages/tracking_actions/__init__.py
-- Installing: /home/yigit/tukan_ros2_ws/install/tracking_actions/local/lib/python3.10/dist-packages/tracking_actions/libtracking_actions__rosidl_generator_py.so
-- Up-to-date: /home/yigit/tukan_ros2_ws/install/tracking_actions/local/lib/python3.10/dist-packages/tracking_actions/action
-- Installing: /home/yigit/tukan_ros2_ws/install/tracking_actions/local/lib/python3.10/dist-packages/tracking_actions/action/__init__.py
-- Installing: /home/yigit/tukan_ros2_ws/install/tracking_actions/local/lib/python3.10/dist-packages/tracking_actions/action/_follow_target.py
-- Installing: /home/yigit/tukan_ros2_ws/install/tracking_actions/local/lib/python3.10/dist-packages/tracking_actions/action/_gps_pursuit.py
-- Installing: /home/yigit/tukan_ros2_ws/install/tracking_actions/local/lib/python3.10/dist-packages/tracking_actions/action/_follow_target_s.c
-- Installing: /home/yigit/tukan_ros2_ws/install/tracking_actions/local/lib/python3.10/dist-packages/tracking_actions/action/_gps_pursuit_s.c
-- Installing: /home/yigit/tukan_ros2_ws/install/tracking_actions/local/lib/python3.10/dist-packages/tracking_actions/_tracking_actions_s.ep.rosidl_typesupport_c.c
-- Installing: /home/yigit/tukan_ros2_ws/install/tracking_actions/local/lib/python3.10/dist-packages/tracking_actions/tracking_actions_s__rosidl_typesupport_fastrtps_c.cpython-310-x86_64-linux-gnu.so
-- Installing: /home/yigit/tukan_ros2_ws/install/tracking_actions/local/lib/python3.10/dist-packages/tracking_actions/tracking_actions_s__rosidl_typesupport_introspection_c.cpython-310-x86_64-linux-gnu.so
-- Installing: /home/yigit/tukan_ros2_ws/install/tracking_actions/local/lib/python3.10/dist-packages/tracking_actions/tracking_actions_s__rosidl_typesupport_c.cpython-310-x86_64-linux-gnu.so
-- Installing: /home/yigit/tukan_ros2_ws/install/tracking_actions/local/lib/python3.10/dist-packages/tracking_actions/_tracking_actions_s.ep.rosidl_typesupport_fastrtps_c.c
Listing '/home/yigit/tukan_ros2_ws/install/tracking_actions/local/lib/python3.10/dist-packages/tracking_actions'...
Compiling '/home/yigit/tukan_ros2_ws/install/tracking_actions/local/lib/python3.10/dist-packages/tracking_actions/__init__.py'...
Listing '/home/yigit/tukan_ros2_ws/install/tracking_actions/local/lib/python3.10/dist-packages/tracking_actions/action'...
Compiling '/home/yigit/tukan_ros2_ws/install/tracking_actions/local/lib/python3.10/dist-packages/tracking_actions/action/__init__.py'...
Compiling '/home/yigit/tukan_ros2_ws/install/tracking_actions/local/lib/python3.10/dist-packages/tracking_actions/action/_follow_target.py'...
Compiling '/home/yigit/tukan_ros2_ws/install/tracking_actions/local/lib/python3.10/dist-packages/tracking_actions/action/_gps_pursuit.py'...
-- Installing: /home/yigit/tukan_ros2_ws/install/tracking_actions/local/lib/python3.10/dist-packages/tracking_actions/tracking_actions_s__rosidl_typesupport_fastrtps_c.cpython-310-x86_64-linux-gnu.so
-- Set runtime path of "/home/yigit/tukan_ros2_ws/install/tracking_actions/local/lib/python3.10/dist-packages/tracking_actions/tracking_actions_s__rosidl_typesupport_fastrtps_c.cpython-310-x86_64-linux-gnu.so" to ""
-- Installing: /home/yigit/tukan_ros2_ws/install/tracking_actions/local/lib/python3.10/dist-packages/tracking_actions/tracking_actions_s__rosidl_typesupport_introspection_c.cpython-310-x86_64-linux-gnu.so
-- Set runtime path of "/home/yigit/tukan_ros2_ws/install/tracking_actions/local/lib/python3.10/dist-packages/tracking_actions/tracking_actions_s__rosidl_typesupport_introspection_c.cpython-310-x86_64-linux-gnu.so" to ""
-- Installing: /home/yigit/tukan_ros2_ws/install/tracking_actions/local/lib/python3.10/dist-packages/tracking_actions/tracking_actions_s__rosidl_typesupport_c.cpython-310-x86_64-linux-gnu.so
-- Set runtime path of "/home/yigit/tukan_ros2_ws/install/tracking_actions/local/lib/python3.10/dist-packages/tracking_actions/tracking_actions_s__rosidl_typesupport_c.cpython-310-x86_64-linux-gnu.so" to ""
-- Installing: /home/yigit/tukan_ros2_ws/install/tracking_actions/lib/libtracking_actions__rosidl_generator_py.so
-- Set runtime path of "/home/yigit/tukan_ros2_ws/install/tracking_actions/lib/libtracking_actions__rosidl_generator_py.so" to ""
-- Up-to-date: /home/yigit/tukan_ros2_ws/install/tracking_actions/share/tracking_actions/action/FollowTarget.idl
-- Installing: /home/yigit/tukan_ros2_ws/install/tracking_actions/share/tracking_actions/action/GpsPursuit.idl
-- Up-to-date: /home/yigit/tukan_ros2_ws/install/tracking_actions/share/tracking_actions/action/FollowTarget.action
-- Installing: /home/yigit/tukan_ros2_ws/install/tracking_actions/share/tracking_actions/action/GpsPursuit.action
-- Up-to-date: /home/yigit/tukan_ros2_ws/install/tracking_actions/share/ament_index/resource_index/package_run_dependencies/tracking_actions
-- Installing: /home/yigit/tukan_ros2_ws/install/tracking_actions/share/ament_index/resource_index/parent_prefix_path/tracking_actions
-- Up-to-date: /home/yigit/tukan_ros2_ws/install/tracking_actions/share/tracking_actions/environment/ament_prefix_path.sh
-- Installing: /home/yigit/tukan_ros2_ws/install/tracking_actions/share/tracking_actions/environment/ament_prefix_path.dsv
-- Up-to-date: /home/yigit/tukan_ros2_ws/install/tracking_actions/share/tracking_actions/environment/path.sh
-- Installing: /home/yigit/tukan_ros2_ws/install/tracking_actions/share/tracking_actions/environment/path.dsv
-- Up-to-date: /home/yigit/tukan_ros2_ws/install/tracking_actions/share/tracking_actions/local_setup.bash
-- Up-to-date: /home/yigit/tukan_ros2_ws/install/tracking_actions/share/tracking_actions/local_setup.sh
-- Up-to-date: /home/yigit/tukan_ros2_ws/install/tracking_actions/share/tracking_actions/local_setup.zsh
-- Installing: /home/yigit/tukan_ros2_ws/install/tracking_actions/share/tracking_actions/local_setup.dsv
-- Installing: /home/yigit/tukan_ros2_ws/install/tracking_actions/share/tracking_actions/package.dsv
-- Up-to-date: /home/yigit/tukan_ros2_ws/install/tracking_actions/share/ament_index/resource_index/packages/tracking_actions
-- Up-to-date: /home/yigit/tukan_ros2_ws/install/tracking_actions/share/tracking_actions/cmake/export_tracking_actions__rosidl_generator_cExport.cmake
-- Up-to-date: /home/yigit/tukan_ros2_ws/install/tracking_actions/share/tracking_actions/cmake/export_tracking_actions__rosidl_generator_cExport-noconfig.cmake
-- Up-to-date: /home/yigit/tukan_ros2_ws/install/tracking_actions/share/tracking_actions/cmake/export_tracking_actions__rosidl_typesupport_fastrtps_cExport.cmake
-- Up-to-date: /home/yigit/tukan_ros2_ws/install/tracking_actions/share/tracking_actions/cmake/export_tracking_actions__rosidl_typesupport_fastrtps_cExport-noconfig.cmake
-- Up-to-date: /home/yigit/tukan_ros2_ws/install/tracking_actions/share/tracking_actions/cmake/tracking_actions__rosidl_typesupport_introspection_cExport.cmake
-- Up-to-date: /home/yigit/tukan_ros2_ws/install/tracking_actions/share/tracking_actions/cmake/tracking_actions__rosidl_typesupport_introspection_cExport-noconfig.cmake
-- Up-to-date: /home/yigit/tukan_ros2_ws/install/tracking_actions/share/tracking_actions/cmake/tracking_actions__rosidl_typesupport_cExport.cmake
-- Up-to-date: /home/yigit/tukan_ros2_ws/install/tracking_actions/share/tracking_actions/cmake/tracking_actions__rosidl_typesupport_cExport-noconfig.cmake
-- Up-to-date: /home/yigit/tukan_ros2_ws/install/tracking_actions/share/tracking_actions/cmake/export_tracking_actions__rosidl_generator_cppExport.cmake
-- Up-to-date: /home/yigit/tukan_ros2_ws/install/tracking_actions/share/tracking_actions/cmake/export_tracking_actions__rosidl_typesupport_fastrtps_cppExport.cmake
-- Up-to-date: /home/yigit/tukan_ros2_ws/install/tracking_actions/share/tracking_actions/cmake/export_tracking_actions__rosidl_typesupport_fastrtps_cppExport-noconfig.cmake
-- Up-to-date: /home/yigit/tukan_ros2_ws/install/tracking_actions/share/tracking_actions/cmake/tracking_actions__rosidl_typesupport_introspection_cppExport.cmake
-- Up-to-date: /home/yigit/tukan_ros2_ws/install/tracking_actions/share/tracking_actions/cmake/tracking_actions__rosidl_typesupport_introspection_cppExport-noconfig.cmake
-- Up-to-date: /home/yigit/tukan_ros2_ws/install/tracking_actions/share/tracking_actions/cmake/tracking_actions__rosidl_typesupport_cppExport.cmake
-- Up-to-date: /home/yigit/tukan_ros2_ws/install/tracking_actions/share/tracking_actions/cmake/tracking_actions__rosidl_typesupport_cppExport-noconfig.cmake
-- Up-to-date: /home/yigit/tukan_ros2_ws/install/tracking_actions/share/tracking_actions/cmake/export_tracking_actions__rosidl_generator_pyExport.cmake
-- Up-to-date: /home/yigit/tukan_ros2_ws/install/tracking_actions/share/tracking_actions/cmake/export_tracking_actions__rosidl_generator_pyExport-noconfig.cmake
-- Installing: /home/yigit/tukan_ros2_ws/install/tracking_actions/share/tracking_actions/cmake/rosidl_cmake-extras.cmake
-- Up-to-date: /home/yigit/tukan_ros2_ws/install/tracking_actions/share/tracking_actions/cmake/ament_cmake_export_dependencies-extras.cmake
-- Up-to-date: /home/yigit/tukan_ros2_ws/install/tracking_actions/share/tracking_actions/cmake/ament_cmake_export_include_directories-extras.cmake
-- Up-to-date: /home/yigit/tukan_ros2_ws/install/tracking_actions/share/tracking_actions/cmake/ament_cmake_export_libraries-extras.cmake
-- Up-to-date: /home/yigit/tukan_ros2_ws/install/tracking_actions/share/tracking_actions/cmake/ament_cmake_export_targets-extras.cmake
-- Up-to-date: /home/yigit/tukan_ros2_ws/install/tracking_actions/share/tracking_actions/cmake/rosidl_cmake_export_typesupport_targets-extras.cmake
-- Up-to-date: /home/yigit/tukan_ros2_ws/install/tracking_actions/share/tracking_actions/cmake/rosidl_cmake_export_typesupport_libraries-extras.cmake
-- Up-to-date: /home/yigit/tukan_ros2_ws/install/tracking_actions/share/tracking_actions/cmake/tracking_actionsConfig.cmake
-- Up-to-date: /home/yigit/tukan_ros2_ws/install/tracking_actions/share/tracking_actions/cmake/tracking_actionsConfig-version.cmake
-- Installing: /home/yigit/tukan_ros2_ws/install/tracking_actions/share/tracking_actions/package.xml
