[0.012s] Invoking command in '/home/yigit/tukan_ros2_ws/build/tracking_actions': CMAKE_PREFIX_PATH=${CMAKE_PREFIX_PATH}:/home/yigit/tukan_ros2_ws/install/vision_pkg:/home/yigit/tukan_ros2_ws/install/uav_server_pkg:/home/yigit/tukan_ros2_ws/install/tracking_system_pkg:/home/yigit/tukan_ros2_ws/install/px4_interface_pkg:/home/yigit/tukan_ros2_ws/install/network_pkg:/home/yigit/tukan_ros2_ws/install/guardian_pkg:/home/yigit/tukan_ros2_ws/install/flight_manager_pkg:/opt/ros/humble /usr/bin/cmake --build /home/yigit/tukan_ros2_ws/build/tracking_actions -- -j16 -l16
[0.025s] -- Found ament_cmake: 1.3.11 (/opt/ros/humble/share/ament_cmake/cmake)
[0.108s] -- Found ament_lint_auto: 0.12.12 (/opt/ros/humble/share/ament_lint_auto/cmake)
[0.151s] -- Found rosidl_default_generators: 1.2.0 (/opt/ros/humble/share/rosidl_default_generators/cmake)
[0.152s] -- Using all available rosidl_typesupport_c: rosidl_typesupport_fastrtps_c;rosidl_typesupport_introspection_c
[0.154s] -- Found rosidl_adapter: 3.1.6 (/opt/ros/humble/share/rosidl_adapter/cmake)
[0.172s] -- Using all available rosidl_typesupport_cpp: rosidl_typesupport_fastrtps_cpp;rosidl_typesupport_introspection_cpp
[0.339s] -- Found ament_cmake_ros: 0.10.0 (/opt/ros/humble/share/ament_cmake_ros/cmake)
[0.463s] -- Using all available rosidl_typesupport_c: rosidl_typesupport_fastrtps_c;rosidl_typesupport_introspection_c
[0.628s] -- Using all available rosidl_typesupport_cpp: rosidl_typesupport_fastrtps_cpp;rosidl_typesupport_introspection_cpp
[0.641s] -- Found python_cmake_module: 0.10.0 (/opt/ros/humble/share/python_cmake_module/cmake)
[0.656s] -- Using PYTHON_EXECUTABLE: /usr/bin/python3
[0.656s] -- Using PYTHON_INCLUDE_DIRS: /usr/include/python3.10
[0.656s] -- Using PYTHON_LIBRARIES: /usr/lib/x86_64-linux-gnu/libpython3.10.so
[0.669s] -- Added test 'lint_cmake' to check CMake code style
[0.670s] -- Added test 'xmllint' to check XML markup files
[0.672s] -- Configuring done
[0.695s] -- Generating done
[0.702s] -- Build files have been written to: /home/yigit/tukan_ros2_ws/build/tracking_actions
[0.720s] [  2%] [34m[1mGenerating C code for ROS interfaces[0m
[0.726s] [  5%] [34m[1mGenerating C++ code for ROS interfaces[0m
[0.732s] [  5%] Built target ament_cmake_python_copy_tracking_actions
[0.884s] running egg_info
[0.884s] writing tracking_actions.egg-info/PKG-INFO
[0.884s] writing dependency_links to tracking_actions.egg-info/dependency_links.txt
[0.885s] writing top-level names to tracking_actions.egg-info/top_level.txt
[0.886s] reading manifest file 'tracking_actions.egg-info/SOURCES.txt'
[0.886s] writing manifest file 'tracking_actions.egg-info/SOURCES.txt'
[0.903s] [  5%] Built target ament_cmake_python_build_tracking_actions_egg
[1.108s] [35m[1mConsolidate compiler generated dependencies of target tracking_actions__rosidl_generator_c[0m
[1.116s] [  7%] [32mBuilding C object CMakeFiles/tracking_actions__rosidl_generator_c.dir/rosidl_generator_c/tracking_actions/action/detail/follow_target__functions.c.o[0m
[1.116s] [ 10%] [32mBuilding C object CMakeFiles/tracking_actions__rosidl_generator_c.dir/rosidl_generator_c/tracking_actions/action/detail/gps_pursuit__functions.c.o[0m
[1.125s] [ 10%] Built target tracking_actions__cpp
[1.131s] [ 12%] [34m[1mGenerating C++ type support dispatch for ROS interfaces[0m
[1.131s] [ 15%] [34m[1mGenerating C++ type support for eProsima Fast-RTPS[0m
[1.132s] [ 17%] [34m[1mGenerating C++ introspection for ROS interfaces[0m
[1.199s] [ 20%] [32m[1mLinking C shared library libtracking_actions__rosidl_generator_c.so[0m
[1.225s] [ 20%] Built target tracking_actions__rosidl_generator_c
[1.233s] [ 25%] [34m[1mGenerating C type support dispatch for ROS interfaces[0m
[1.233s] [ 25%] [34m[1mGenerating C type support for eProsima Fast-RTPS[0m
[1.233s] [ 28%] [34m[1mGenerating C introspection for ROS interfaces[0m
[1.377s] [35m[1mConsolidate compiler generated dependencies of target tracking_actions__rosidl_typesupport_cpp[0m
[1.387s] [ 30%] [32mBuilding CXX object CMakeFiles/tracking_actions__rosidl_typesupport_cpp.dir/rosidl_typesupport_cpp/tracking_actions/action/follow_target__type_support.cpp.o[0m
[1.387s] [ 33%] [32mBuilding CXX object CMakeFiles/tracking_actions__rosidl_typesupport_cpp.dir/rosidl_typesupport_cpp/tracking_actions/action/gps_pursuit__type_support.cpp.o[0m
[1.427s] [35m[1mConsolidate compiler generated dependencies of target tracking_actions__rosidl_typesupport_introspection_cpp[0m
[1.437s] [ 35%] [32mBuilding CXX object CMakeFiles/tracking_actions__rosidl_typesupport_introspection_cpp.dir/rosidl_typesupport_introspection_cpp/tracking_actions/action/detail/follow_target__type_support.cpp.o[0m
[1.438s] [ 38%] [32mBuilding CXX object CMakeFiles/tracking_actions__rosidl_typesupport_introspection_cpp.dir/rosidl_typesupport_introspection_cpp/tracking_actions/action/detail/gps_pursuit__type_support.cpp.o[0m
[1.490s] [35m[1mConsolidate compiler generated dependencies of target tracking_actions__rosidl_typesupport_c[0m
[1.499s] [ 41%] [32mBuilding CXX object CMakeFiles/tracking_actions__rosidl_typesupport_c.dir/rosidl_typesupport_c/tracking_actions/action/gps_pursuit__type_support.cpp.o[0m
[1.499s] [35m[1mConsolidate compiler generated dependencies of target tracking_actions__rosidl_typesupport_fastrtps_cpp[0m
[1.500s] [ 43%] [32mBuilding CXX object CMakeFiles/tracking_actions__rosidl_typesupport_c.dir/rosidl_typesupport_c/tracking_actions/action/follow_target__type_support.cpp.o[0m
[1.507s] [ 46%] [32mBuilding CXX object CMakeFiles/tracking_actions__rosidl_typesupport_fastrtps_cpp.dir/rosidl_typesupport_fastrtps_cpp/tracking_actions/action/detail/dds_fastrtps/follow_target__type_support.cpp.o[0m
[1.509s] [ 48%] [32mBuilding CXX object CMakeFiles/tracking_actions__rosidl_typesupport_fastrtps_cpp.dir/rosidl_typesupport_fastrtps_cpp/tracking_actions/action/detail/dds_fastrtps/gps_pursuit__type_support.cpp.o[0m
[1.542s] [ 51%] [32m[1mLinking CXX shared library libtracking_actions__rosidl_typesupport_c.so[0m
[1.576s] [35m[1mConsolidate compiler generated dependencies of target tracking_actions__rosidl_typesupport_introspection_c[0m
[1.581s] [ 51%] Built target tracking_actions__rosidl_typesupport_c
[1.585s] [ 53%] [32mBuilding C object CMakeFiles/tracking_actions__rosidl_typesupport_introspection_c.dir/rosidl_typesupport_introspection_c/tracking_actions/action/detail/gps_pursuit__type_support.c.o[0m
[1.586s] [ 56%] [32mBuilding C object CMakeFiles/tracking_actions__rosidl_typesupport_introspection_c.dir/rosidl_typesupport_introspection_c/tracking_actions/action/detail/follow_target__type_support.c.o[0m
[1.592s] [35m[1mConsolidate compiler generated dependencies of target tracking_actions__rosidl_typesupport_fastrtps_c[0m
[1.603s] [ 58%] [32mBuilding CXX object CMakeFiles/tracking_actions__rosidl_typesupport_fastrtps_c.dir/rosidl_typesupport_fastrtps_c/tracking_actions/action/detail/gps_pursuit__type_support_c.cpp.o[0m
[1.604s] [ 61%] [32mBuilding CXX object CMakeFiles/tracking_actions__rosidl_typesupport_fastrtps_c.dir/rosidl_typesupport_fastrtps_c/tracking_actions/action/detail/follow_target__type_support_c.cpp.o[0m
[1.623s] [ 64%] [32m[1mLinking C shared library libtracking_actions__rosidl_typesupport_introspection_c.so[0m
[1.653s] [ 64%] Built target tracking_actions__rosidl_typesupport_introspection_c
[1.674s] [ 66%] [32m[1mLinking CXX shared library libtracking_actions__rosidl_typesupport_cpp.so[0m
[1.703s] [ 66%] Built target tracking_actions__rosidl_typesupport_cpp
[1.821s] [ 69%] [32m[1mLinking CXX shared library libtracking_actions__rosidl_typesupport_introspection_cpp.so[0m
[1.865s] [ 71%] [32m[1mLinking CXX shared library libtracking_actions__rosidl_typesupport_fastrtps_c.so[0m
[1.868s] [ 74%] [32m[1mLinking CXX shared library libtracking_actions__rosidl_typesupport_fastrtps_cpp.so[0m
[1.871s] [ 74%] Built target tracking_actions__rosidl_typesupport_introspection_cpp
[1.913s] [ 74%] Built target tracking_actions__rosidl_typesupport_fastrtps_c
[1.914s] [ 74%] Built target tracking_actions__rosidl_typesupport_fastrtps_cpp
[1.927s] [ 74%] Built target tracking_actions
[1.940s] [ 76%] [34m[1mGenerating Python code for ROS interfaces[0m
[2.652s] [ 76%] Built target tracking_actions__py
[2.659s] [35m[1mConsolidate compiler generated dependencies of target tracking_actions__rosidl_generator_py[0m
[2.667s] [ 82%] [32mBuilding C object CMakeFiles/tracking_actions__rosidl_generator_py.dir/rosidl_generator_py/tracking_actions/action/_follow_target_s.c.o[0m
[2.668s] [ 82%] [32mBuilding C object CMakeFiles/tracking_actions__rosidl_generator_py.dir/rosidl_generator_py/tracking_actions/action/_gps_pursuit_s.c.o[0m
[2.755s] [ 84%] [32m[1mLinking C shared library rosidl_generator_py/tracking_actions/libtracking_actions__rosidl_generator_py.so[0m
[2.783s] [ 84%] Built target tracking_actions__rosidl_generator_py
[2.789s] [35m[1mConsolidate compiler generated dependencies of target tracking_actions__rosidl_typesupport_introspection_c__pyext[0m
[2.789s] [35m[1mConsolidate compiler generated dependencies of target tracking_actions__rosidl_typesupport_fastrtps_c__pyext[0m
[2.789s] [35m[1mConsolidate compiler generated dependencies of target tracking_actions__rosidl_typesupport_c__pyext[0m
[2.797s] [ 87%] [32mBuilding C object CMakeFiles/tracking_actions__rosidl_typesupport_fastrtps_c__pyext.dir/rosidl_generator_py/tracking_actions/_tracking_actions_s.ep.rosidl_typesupport_fastrtps_c.c.o[0m
[2.797s] [ 89%] [32mBuilding C object CMakeFiles/tracking_actions__rosidl_typesupport_c__pyext.dir/rosidl_generator_py/tracking_actions/_tracking_actions_s.ep.rosidl_typesupport_c.c.o[0m
[2.797s] [ 92%] [32mBuilding C object CMakeFiles/tracking_actions__rosidl_typesupport_introspection_c__pyext.dir/rosidl_generator_py/tracking_actions/_tracking_actions_s.ep.rosidl_typesupport_introspection_c.c.o[0m
[2.887s] [100%] [32m[1mLinking C shared library rosidl_generator_py/tracking_actions/tracking_actions_s__rosidl_typesupport_fastrtps_c.cpython-310-x86_64-linux-gnu.so[0m
[2.887s] [100%] [32m[1mLinking C shared library rosidl_generator_py/tracking_actions/tracking_actions_s__rosidl_typesupport_c.cpython-310-x86_64-linux-gnu.so[0m
[2.887s] [100%] [32m[1mLinking C shared library rosidl_generator_py/tracking_actions/tracking_actions_s__rosidl_typesupport_introspection_c.cpython-310-x86_64-linux-gnu.so[0m
[2.913s] [100%] Built target tracking_actions__rosidl_typesupport_c__pyext
[2.913s] [100%] Built target tracking_actions__rosidl_typesupport_fastrtps_c__pyext
[2.913s] [100%] Built target tracking_actions__rosidl_typesupport_introspection_c__pyext
[2.923s] Invoked command in '/home/yigit/tukan_ros2_ws/build/tracking_actions' returned '0': CMAKE_PREFIX_PATH=${CMAKE_PREFIX_PATH}:/home/yigit/tukan_ros2_ws/install/vision_pkg:/home/yigit/tukan_ros2_ws/install/uav_server_pkg:/home/yigit/tukan_ros2_ws/install/tracking_system_pkg:/home/yigit/tukan_ros2_ws/install/px4_interface_pkg:/home/yigit/tukan_ros2_ws/install/network_pkg:/home/yigit/tukan_ros2_ws/install/guardian_pkg:/home/yigit/tukan_ros2_ws/install/flight_manager_pkg:/opt/ros/humble /usr/bin/cmake --build /home/yigit/tukan_ros2_ws/build/tracking_actions -- -j16 -l16
[2.929s] Invoking command in '/home/yigit/tukan_ros2_ws/build/tracking_actions': CMAKE_PREFIX_PATH=${CMAKE_PREFIX_PATH}:/home/yigit/tukan_ros2_ws/install/vision_pkg:/home/yigit/tukan_ros2_ws/install/uav_server_pkg:/home/yigit/tukan_ros2_ws/install/tracking_system_pkg:/home/yigit/tukan_ros2_ws/install/px4_interface_pkg:/home/yigit/tukan_ros2_ws/install/network_pkg:/home/yigit/tukan_ros2_ws/install/guardian_pkg:/home/yigit/tukan_ros2_ws/install/flight_manager_pkg:/opt/ros/humble /usr/bin/cmake --install /home/yigit/tukan_ros2_ws/build/tracking_actions
[2.934s] -- Install configuration: ""
[2.934s] -- Installing: /home/yigit/tukan_ros2_ws/install/tracking_actions/share/ament_index/resource_index/rosidl_interfaces/tracking_actions
[2.934s] -- Up-to-date: /home/yigit/tukan_ros2_ws/install/tracking_actions/include/tracking_actions/tracking_actions
[2.934s] -- Up-to-date: /home/yigit/tukan_ros2_ws/install/tracking_actions/include/tracking_actions/tracking_actions/msg
[2.934s] -- Up-to-date: /home/yigit/tukan_ros2_ws/install/tracking_actions/include/tracking_actions/tracking_actions/msg/rosidl_generator_c__visibility_control.h
[2.934s] -- Up-to-date: /home/yigit/tukan_ros2_ws/install/tracking_actions/include/tracking_actions/tracking_actions/action
[2.934s] -- Installing: /home/yigit/tukan_ros2_ws/install/tracking_actions/include/tracking_actions/tracking_actions/action/follow_target.h
[2.935s] -- Up-to-date: /home/yigit/tukan_ros2_ws/install/tracking_actions/include/tracking_actions/tracking_actions/action/detail
[2.935s] -- Installing: /home/yigit/tukan_ros2_ws/install/tracking_actions/include/tracking_actions/tracking_actions/action/detail/gps_pursuit__struct.h
[2.935s] -- Installing: /home/yigit/tukan_ros2_ws/install/tracking_actions/include/tracking_actions/tracking_actions/action/detail/gps_pursuit__functions.c
[2.935s] -- Installing: /home/yigit/tukan_ros2_ws/install/tracking_actions/include/tracking_actions/tracking_actions/action/detail/follow_target__functions.c
[2.935s] -- Installing: /home/yigit/tukan_ros2_ws/install/tracking_actions/include/tracking_actions/tracking_actions/action/detail/follow_target__functions.h
[2.935s] -- Installing: /home/yigit/tukan_ros2_ws/install/tracking_actions/include/tracking_actions/tracking_actions/action/detail/follow_target__type_support.h
[2.935s] -- Installing: /home/yigit/tukan_ros2_ws/install/tracking_actions/include/tracking_actions/tracking_actions/action/detail/gps_pursuit__functions.h
[2.935s] -- Installing: /home/yigit/tukan_ros2_ws/install/tracking_actions/include/tracking_actions/tracking_actions/action/detail/gps_pursuit__type_support.h
[2.935s] -- Installing: /home/yigit/tukan_ros2_ws/install/tracking_actions/include/tracking_actions/tracking_actions/action/detail/follow_target__struct.h
[2.935s] -- Installing: /home/yigit/tukan_ros2_ws/install/tracking_actions/include/tracking_actions/tracking_actions/action/gps_pursuit.h
[2.936s] -- Up-to-date: /home/yigit/tukan_ros2_ws/install/tracking_actions/share/tracking_actions/environment/library_path.sh
[2.936s] -- Installing: /home/yigit/tukan_ros2_ws/install/tracking_actions/share/tracking_actions/environment/library_path.dsv
[2.936s] -- Installing: /home/yigit/tukan_ros2_ws/install/tracking_actions/lib/libtracking_actions__rosidl_generator_c.so
[2.936s] -- Set runtime path of "/home/yigit/tukan_ros2_ws/install/tracking_actions/lib/libtracking_actions__rosidl_generator_c.so" to ""
[2.936s] -- Up-to-date: /home/yigit/tukan_ros2_ws/install/tracking_actions/include/tracking_actions/tracking_actions
[2.936s] -- Up-to-date: /home/yigit/tukan_ros2_ws/install/tracking_actions/include/tracking_actions/tracking_actions/msg
[2.936s] -- Up-to-date: /home/yigit/tukan_ros2_ws/install/tracking_actions/include/tracking_actions/tracking_actions/msg/rosidl_typesupport_fastrtps_c__visibility_control.h
[2.936s] -- Up-to-date: /home/yigit/tukan_ros2_ws/install/tracking_actions/include/tracking_actions/tracking_actions/action
[2.936s] -- Up-to-date: /home/yigit/tukan_ros2_ws/install/tracking_actions/include/tracking_actions/tracking_actions/action/detail
[2.936s] -- Installing: /home/yigit/tukan_ros2_ws/install/tracking_actions/include/tracking_actions/tracking_actions/action/detail/gps_pursuit__rosidl_typesupport_fastrtps_c.h
[2.936s] -- Installing: /home/yigit/tukan_ros2_ws/install/tracking_actions/include/tracking_actions/tracking_actions/action/detail/follow_target__rosidl_typesupport_fastrtps_c.h
[2.936s] -- Installing: /home/yigit/tukan_ros2_ws/install/tracking_actions/lib/libtracking_actions__rosidl_typesupport_fastrtps_c.so
[2.937s] -- Set runtime path of "/home/yigit/tukan_ros2_ws/install/tracking_actions/lib/libtracking_actions__rosidl_typesupport_fastrtps_c.so" to ""
[2.937s] -- Up-to-date: /home/yigit/tukan_ros2_ws/install/tracking_actions/include/tracking_actions/tracking_actions
[2.937s] -- Up-to-date: /home/yigit/tukan_ros2_ws/install/tracking_actions/include/tracking_actions/tracking_actions/msg
[2.937s] -- Up-to-date: /home/yigit/tukan_ros2_ws/install/tracking_actions/include/tracking_actions/tracking_actions/msg/rosidl_typesupport_introspection_c__visibility_control.h
[2.937s] -- Up-to-date: /home/yigit/tukan_ros2_ws/install/tracking_actions/include/tracking_actions/tracking_actions/action
[2.937s] -- Up-to-date: /home/yigit/tukan_ros2_ws/install/tracking_actions/include/tracking_actions/tracking_actions/action/detail
[2.937s] -- Installing: /home/yigit/tukan_ros2_ws/install/tracking_actions/include/tracking_actions/tracking_actions/action/detail/follow_target__type_support.c
[2.937s] -- Installing: /home/yigit/tukan_ros2_ws/install/tracking_actions/include/tracking_actions/tracking_actions/action/detail/gps_pursuit__rosidl_typesupport_introspection_c.h
[2.937s] -- Installing: /home/yigit/tukan_ros2_ws/install/tracking_actions/include/tracking_actions/tracking_actions/action/detail/follow_target__rosidl_typesupport_introspection_c.h
[2.937s] -- Installing: /home/yigit/tukan_ros2_ws/install/tracking_actions/include/tracking_actions/tracking_actions/action/detail/gps_pursuit__type_support.c
[2.938s] -- Installing: /home/yigit/tukan_ros2_ws/install/tracking_actions/lib/libtracking_actions__rosidl_typesupport_introspection_c.so
[2.938s] -- Set runtime path of "/home/yigit/tukan_ros2_ws/install/tracking_actions/lib/libtracking_actions__rosidl_typesupport_introspection_c.so" to ""
[2.938s] -- Installing: /home/yigit/tukan_ros2_ws/install/tracking_actions/lib/libtracking_actions__rosidl_typesupport_c.so
[2.938s] -- Set runtime path of "/home/yigit/tukan_ros2_ws/install/tracking_actions/lib/libtracking_actions__rosidl_typesupport_c.so" to ""
[2.938s] -- Up-to-date: /home/yigit/tukan_ros2_ws/install/tracking_actions/include/tracking_actions/tracking_actions
[2.938s] -- Up-to-date: /home/yigit/tukan_ros2_ws/install/tracking_actions/include/tracking_actions/tracking_actions/msg
[2.938s] -- Up-to-date: /home/yigit/tukan_ros2_ws/install/tracking_actions/include/tracking_actions/tracking_actions/msg/rosidl_generator_cpp__visibility_control.hpp
[2.938s] -- Up-to-date: /home/yigit/tukan_ros2_ws/install/tracking_actions/include/tracking_actions/tracking_actions/action
[2.938s] -- Installing: /home/yigit/tukan_ros2_ws/install/tracking_actions/include/tracking_actions/tracking_actions/action/gps_pursuit.hpp
[2.938s] -- Installing: /home/yigit/tukan_ros2_ws/install/tracking_actions/include/tracking_actions/tracking_actions/action/follow_target.hpp
[2.939s] -- Up-to-date: /home/yigit/tukan_ros2_ws/install/tracking_actions/include/tracking_actions/tracking_actions/action/detail
[2.939s] -- Installing: /home/yigit/tukan_ros2_ws/install/tracking_actions/include/tracking_actions/tracking_actions/action/detail/follow_target__builder.hpp
[2.939s] -- Installing: /home/yigit/tukan_ros2_ws/install/tracking_actions/include/tracking_actions/tracking_actions/action/detail/follow_target__type_support.hpp
[2.939s] -- Installing: /home/yigit/tukan_ros2_ws/install/tracking_actions/include/tracking_actions/tracking_actions/action/detail/gps_pursuit__type_support.hpp
[2.939s] -- Installing: /home/yigit/tukan_ros2_ws/install/tracking_actions/include/tracking_actions/tracking_actions/action/detail/gps_pursuit__struct.hpp
[2.939s] -- Installing: /home/yigit/tukan_ros2_ws/install/tracking_actions/include/tracking_actions/tracking_actions/action/detail/follow_target__traits.hpp
[2.939s] -- Installing: /home/yigit/tukan_ros2_ws/install/tracking_actions/include/tracking_actions/tracking_actions/action/detail/gps_pursuit__traits.hpp
[2.939s] -- Installing: /home/yigit/tukan_ros2_ws/install/tracking_actions/include/tracking_actions/tracking_actions/action/detail/follow_target__struct.hpp
[2.939s] -- Installing: /home/yigit/tukan_ros2_ws/install/tracking_actions/include/tracking_actions/tracking_actions/action/detail/gps_pursuit__builder.hpp
[2.939s] -- Up-to-date: /home/yigit/tukan_ros2_ws/install/tracking_actions/include/tracking_actions/tracking_actions
[2.939s] -- Up-to-date: /home/yigit/tukan_ros2_ws/install/tracking_actions/include/tracking_actions/tracking_actions/msg
[2.940s] -- Up-to-date: /home/yigit/tukan_ros2_ws/install/tracking_actions/include/tracking_actions/tracking_actions/msg/rosidl_typesupport_fastrtps_cpp__visibility_control.h
[2.940s] -- Up-to-date: /home/yigit/tukan_ros2_ws/install/tracking_actions/include/tracking_actions/tracking_actions/action
[2.940s] -- Up-to-date: /home/yigit/tukan_ros2_ws/install/tracking_actions/include/tracking_actions/tracking_actions/action/detail
[2.940s] -- Installing: /home/yigit/tukan_ros2_ws/install/tracking_actions/include/tracking_actions/tracking_actions/action/detail/gps_pursuit__rosidl_typesupport_fastrtps_cpp.hpp
[2.940s] -- Installing: /home/yigit/tukan_ros2_ws/install/tracking_actions/include/tracking_actions/tracking_actions/action/detail/follow_target__rosidl_typesupport_fastrtps_cpp.hpp
[2.940s] -- Up-to-date: /home/yigit/tukan_ros2_ws/install/tracking_actions/include/tracking_actions/tracking_actions/action/detail/dds_fastrtps
[2.940s] -- Installing: /home/yigit/tukan_ros2_ws/install/tracking_actions/lib/libtracking_actions__rosidl_typesupport_fastrtps_cpp.so
[2.940s] -- Set runtime path of "/home/yigit/tukan_ros2_ws/install/tracking_actions/lib/libtracking_actions__rosidl_typesupport_fastrtps_cpp.so" to ""
[2.940s] -- Up-to-date: /home/yigit/tukan_ros2_ws/install/tracking_actions/include/tracking_actions/tracking_actions
[2.940s] -- Up-to-date: /home/yigit/tukan_ros2_ws/install/tracking_actions/include/tracking_actions/tracking_actions/action
[2.940s] -- Up-to-date: /home/yigit/tukan_ros2_ws/install/tracking_actions/include/tracking_actions/tracking_actions/action/detail
[2.940s] -- Installing: /home/yigit/tukan_ros2_ws/install/tracking_actions/include/tracking_actions/tracking_actions/action/detail/gps_pursuit__rosidl_typesupport_introspection_cpp.hpp
[2.940s] -- Installing: /home/yigit/tukan_ros2_ws/install/tracking_actions/include/tracking_actions/tracking_actions/action/detail/gps_pursuit__type_support.cpp
[2.940s] -- Installing: /home/yigit/tukan_ros2_ws/install/tracking_actions/include/tracking_actions/tracking_actions/action/detail/follow_target__type_support.cpp
[2.941s] -- Installing: /home/yigit/tukan_ros2_ws/install/tracking_actions/include/tracking_actions/tracking_actions/action/detail/follow_target__rosidl_typesupport_introspection_cpp.hpp
[2.941s] -- Installing: /home/yigit/tukan_ros2_ws/install/tracking_actions/lib/libtracking_actions__rosidl_typesupport_introspection_cpp.so
[2.941s] -- Set runtime path of "/home/yigit/tukan_ros2_ws/install/tracking_actions/lib/libtracking_actions__rosidl_typesupport_introspection_cpp.so" to ""
[2.941s] -- Installing: /home/yigit/tukan_ros2_ws/install/tracking_actions/lib/libtracking_actions__rosidl_typesupport_cpp.so
[2.941s] -- Set runtime path of "/home/yigit/tukan_ros2_ws/install/tracking_actions/lib/libtracking_actions__rosidl_typesupport_cpp.so" to ""
[2.942s] -- Up-to-date: /home/yigit/tukan_ros2_ws/install/tracking_actions/share/tracking_actions/environment/pythonpath.sh
[2.942s] -- Installing: /home/yigit/tukan_ros2_ws/install/tracking_actions/share/tracking_actions/environment/pythonpath.dsv
[2.942s] -- Up-to-date: /home/yigit/tukan_ros2_ws/install/tracking_actions/local/lib/python3.10/dist-packages/tracking_actions-0.0.0-py3.10.egg-info
[2.942s] -- Installing: /home/yigit/tukan_ros2_ws/install/tracking_actions/local/lib/python3.10/dist-packages/tracking_actions-0.0.0-py3.10.egg-info/dependency_links.txt
[2.942s] -- Installing: /home/yigit/tukan_ros2_ws/install/tracking_actions/local/lib/python3.10/dist-packages/tracking_actions-0.0.0-py3.10.egg-info/PKG-INFO
[2.942s] -- Installing: /home/yigit/tukan_ros2_ws/install/tracking_actions/local/lib/python3.10/dist-packages/tracking_actions-0.0.0-py3.10.egg-info/SOURCES.txt
[2.942s] -- Installing: /home/yigit/tukan_ros2_ws/install/tracking_actions/local/lib/python3.10/dist-packages/tracking_actions-0.0.0-py3.10.egg-info/top_level.txt
[2.942s] -- Up-to-date: /home/yigit/tukan_ros2_ws/install/tracking_actions/local/lib/python3.10/dist-packages/tracking_actions
[2.942s] -- Installing: /home/yigit/tukan_ros2_ws/install/tracking_actions/local/lib/python3.10/dist-packages/tracking_actions/_tracking_actions_s.ep.rosidl_typesupport_introspection_c.c
[2.942s] -- Installing: /home/yigit/tukan_ros2_ws/install/tracking_actions/local/lib/python3.10/dist-packages/tracking_actions/__init__.py
[2.942s] -- Installing: /home/yigit/tukan_ros2_ws/install/tracking_actions/local/lib/python3.10/dist-packages/tracking_actions/libtracking_actions__rosidl_generator_py.so
[2.943s] -- Up-to-date: /home/yigit/tukan_ros2_ws/install/tracking_actions/local/lib/python3.10/dist-packages/tracking_actions/action
[2.943s] -- Installing: /home/yigit/tukan_ros2_ws/install/tracking_actions/local/lib/python3.10/dist-packages/tracking_actions/action/__init__.py
[2.943s] -- Installing: /home/yigit/tukan_ros2_ws/install/tracking_actions/local/lib/python3.10/dist-packages/tracking_actions/action/_follow_target.py
[2.943s] -- Installing: /home/yigit/tukan_ros2_ws/install/tracking_actions/local/lib/python3.10/dist-packages/tracking_actions/action/_gps_pursuit.py
[2.943s] -- Installing: /home/yigit/tukan_ros2_ws/install/tracking_actions/local/lib/python3.10/dist-packages/tracking_actions/action/_follow_target_s.c
[2.943s] -- Installing: /home/yigit/tukan_ros2_ws/install/tracking_actions/local/lib/python3.10/dist-packages/tracking_actions/action/_gps_pursuit_s.c
[2.943s] -- Installing: /home/yigit/tukan_ros2_ws/install/tracking_actions/local/lib/python3.10/dist-packages/tracking_actions/_tracking_actions_s.ep.rosidl_typesupport_c.c
[2.943s] -- Installing: /home/yigit/tukan_ros2_ws/install/tracking_actions/local/lib/python3.10/dist-packages/tracking_actions/tracking_actions_s__rosidl_typesupport_fastrtps_c.cpython-310-x86_64-linux-gnu.so
[2.944s] -- Installing: /home/yigit/tukan_ros2_ws/install/tracking_actions/local/lib/python3.10/dist-packages/tracking_actions/tracking_actions_s__rosidl_typesupport_introspection_c.cpython-310-x86_64-linux-gnu.so
[2.944s] -- Installing: /home/yigit/tukan_ros2_ws/install/tracking_actions/local/lib/python3.10/dist-packages/tracking_actions/tracking_actions_s__rosidl_typesupport_c.cpython-310-x86_64-linux-gnu.so
[2.944s] -- Installing: /home/yigit/tukan_ros2_ws/install/tracking_actions/local/lib/python3.10/dist-packages/tracking_actions/_tracking_actions_s.ep.rosidl_typesupport_fastrtps_c.c
[2.974s] Listing '/home/yigit/tukan_ros2_ws/install/tracking_actions/local/lib/python3.10/dist-packages/tracking_actions'...
[2.974s] Compiling '/home/yigit/tukan_ros2_ws/install/tracking_actions/local/lib/python3.10/dist-packages/tracking_actions/__init__.py'...
[2.974s] Listing '/home/yigit/tukan_ros2_ws/install/tracking_actions/local/lib/python3.10/dist-packages/tracking_actions/action'...
[2.974s] Compiling '/home/yigit/tukan_ros2_ws/install/tracking_actions/local/lib/python3.10/dist-packages/tracking_actions/action/__init__.py'...
[2.974s] Compiling '/home/yigit/tukan_ros2_ws/install/tracking_actions/local/lib/python3.10/dist-packages/tracking_actions/action/_follow_target.py'...
[2.974s] Compiling '/home/yigit/tukan_ros2_ws/install/tracking_actions/local/lib/python3.10/dist-packages/tracking_actions/action/_gps_pursuit.py'...
[2.979s] -- Installing: /home/yigit/tukan_ros2_ws/install/tracking_actions/local/lib/python3.10/dist-packages/tracking_actions/tracking_actions_s__rosidl_typesupport_fastrtps_c.cpython-310-x86_64-linux-gnu.so
[2.979s] -- Set runtime path of "/home/yigit/tukan_ros2_ws/install/tracking_actions/local/lib/python3.10/dist-packages/tracking_actions/tracking_actions_s__rosidl_typesupport_fastrtps_c.cpython-310-x86_64-linux-gnu.so" to ""
[2.979s] -- Installing: /home/yigit/tukan_ros2_ws/install/tracking_actions/local/lib/python3.10/dist-packages/tracking_actions/tracking_actions_s__rosidl_typesupport_introspection_c.cpython-310-x86_64-linux-gnu.so
[2.979s] -- Set runtime path of "/home/yigit/tukan_ros2_ws/install/tracking_actions/local/lib/python3.10/dist-packages/tracking_actions/tracking_actions_s__rosidl_typesupport_introspection_c.cpython-310-x86_64-linux-gnu.so" to ""
[2.980s] -- Installing: /home/yigit/tukan_ros2_ws/install/tracking_actions/local/lib/python3.10/dist-packages/tracking_actions/tracking_actions_s__rosidl_typesupport_c.cpython-310-x86_64-linux-gnu.so
[2.980s] -- Set runtime path of "/home/yigit/tukan_ros2_ws/install/tracking_actions/local/lib/python3.10/dist-packages/tracking_actions/tracking_actions_s__rosidl_typesupport_c.cpython-310-x86_64-linux-gnu.so" to ""
[2.980s] -- Installing: /home/yigit/tukan_ros2_ws/install/tracking_actions/lib/libtracking_actions__rosidl_generator_py.so
[2.980s] -- Set runtime path of "/home/yigit/tukan_ros2_ws/install/tracking_actions/lib/libtracking_actions__rosidl_generator_py.so" to ""
[2.980s] -- Up-to-date: /home/yigit/tukan_ros2_ws/install/tracking_actions/share/tracking_actions/action/FollowTarget.idl
[2.980s] -- Installing: /home/yigit/tukan_ros2_ws/install/tracking_actions/share/tracking_actions/action/GpsPursuit.idl
[2.981s] -- Up-to-date: /home/yigit/tukan_ros2_ws/install/tracking_actions/share/tracking_actions/action/FollowTarget.action
[2.981s] -- Installing: /home/yigit/tukan_ros2_ws/install/tracking_actions/share/tracking_actions/action/GpsPursuit.action
[2.981s] -- Up-to-date: /home/yigit/tukan_ros2_ws/install/tracking_actions/share/ament_index/resource_index/package_run_dependencies/tracking_actions
[2.981s] -- Installing: /home/yigit/tukan_ros2_ws/install/tracking_actions/share/ament_index/resource_index/parent_prefix_path/tracking_actions
[2.981s] -- Up-to-date: /home/yigit/tukan_ros2_ws/install/tracking_actions/share/tracking_actions/environment/ament_prefix_path.sh
[2.981s] -- Installing: /home/yigit/tukan_ros2_ws/install/tracking_actions/share/tracking_actions/environment/ament_prefix_path.dsv
[2.981s] -- Up-to-date: /home/yigit/tukan_ros2_ws/install/tracking_actions/share/tracking_actions/environment/path.sh
[2.981s] -- Installing: /home/yigit/tukan_ros2_ws/install/tracking_actions/share/tracking_actions/environment/path.dsv
[2.981s] -- Up-to-date: /home/yigit/tukan_ros2_ws/install/tracking_actions/share/tracking_actions/local_setup.bash
[2.981s] -- Up-to-date: /home/yigit/tukan_ros2_ws/install/tracking_actions/share/tracking_actions/local_setup.sh
[2.981s] -- Up-to-date: /home/yigit/tukan_ros2_ws/install/tracking_actions/share/tracking_actions/local_setup.zsh
[2.981s] -- Installing: /home/yigit/tukan_ros2_ws/install/tracking_actions/share/tracking_actions/local_setup.dsv
[2.981s] -- Installing: /home/yigit/tukan_ros2_ws/install/tracking_actions/share/tracking_actions/package.dsv
[2.981s] -- Up-to-date: /home/yigit/tukan_ros2_ws/install/tracking_actions/share/ament_index/resource_index/packages/tracking_actions
[2.982s] -- Up-to-date: /home/yigit/tukan_ros2_ws/install/tracking_actions/share/tracking_actions/cmake/export_tracking_actions__rosidl_generator_cExport.cmake
[2.982s] -- Up-to-date: /home/yigit/tukan_ros2_ws/install/tracking_actions/share/tracking_actions/cmake/export_tracking_actions__rosidl_generator_cExport-noconfig.cmake
[2.982s] -- Up-to-date: /home/yigit/tukan_ros2_ws/install/tracking_actions/share/tracking_actions/cmake/export_tracking_actions__rosidl_typesupport_fastrtps_cExport.cmake
[2.982s] -- Up-to-date: /home/yigit/tukan_ros2_ws/install/tracking_actions/share/tracking_actions/cmake/export_tracking_actions__rosidl_typesupport_fastrtps_cExport-noconfig.cmake
[2.982s] -- Up-to-date: /home/yigit/tukan_ros2_ws/install/tracking_actions/share/tracking_actions/cmake/tracking_actions__rosidl_typesupport_introspection_cExport.cmake
[2.982s] -- Up-to-date: /home/yigit/tukan_ros2_ws/install/tracking_actions/share/tracking_actions/cmake/tracking_actions__rosidl_typesupport_introspection_cExport-noconfig.cmake
[2.982s] -- Up-to-date: /home/yigit/tukan_ros2_ws/install/tracking_actions/share/tracking_actions/cmake/tracking_actions__rosidl_typesupport_cExport.cmake
[2.982s] -- Up-to-date: /home/yigit/tukan_ros2_ws/install/tracking_actions/share/tracking_actions/cmake/tracking_actions__rosidl_typesupport_cExport-noconfig.cmake
[2.982s] -- Up-to-date: /home/yigit/tukan_ros2_ws/install/tracking_actions/share/tracking_actions/cmake/export_tracking_actions__rosidl_generator_cppExport.cmake
[2.982s] -- Up-to-date: /home/yigit/tukan_ros2_ws/install/tracking_actions/share/tracking_actions/cmake/export_tracking_actions__rosidl_typesupport_fastrtps_cppExport.cmake
[2.982s] -- Up-to-date: /home/yigit/tukan_ros2_ws/install/tracking_actions/share/tracking_actions/cmake/export_tracking_actions__rosidl_typesupport_fastrtps_cppExport-noconfig.cmake
[2.982s] -- Up-to-date: /home/yigit/tukan_ros2_ws/install/tracking_actions/share/tracking_actions/cmake/tracking_actions__rosidl_typesupport_introspection_cppExport.cmake
[2.982s] -- Up-to-date: /home/yigit/tukan_ros2_ws/install/tracking_actions/share/tracking_actions/cmake/tracking_actions__rosidl_typesupport_introspection_cppExport-noconfig.cmake
[2.982s] -- Up-to-date: /home/yigit/tukan_ros2_ws/install/tracking_actions/share/tracking_actions/cmake/tracking_actions__rosidl_typesupport_cppExport.cmake
[2.982s] -- Up-to-date: /home/yigit/tukan_ros2_ws/install/tracking_actions/share/tracking_actions/cmake/tracking_actions__rosidl_typesupport_cppExport-noconfig.cmake
[2.982s] -- Up-to-date: /home/yigit/tukan_ros2_ws/install/tracking_actions/share/tracking_actions/cmake/export_tracking_actions__rosidl_generator_pyExport.cmake
[2.982s] -- Up-to-date: /home/yigit/tukan_ros2_ws/install/tracking_actions/share/tracking_actions/cmake/export_tracking_actions__rosidl_generator_pyExport-noconfig.cmake
[2.982s] -- Installing: /home/yigit/tukan_ros2_ws/install/tracking_actions/share/tracking_actions/cmake/rosidl_cmake-extras.cmake
[2.982s] -- Up-to-date: /home/yigit/tukan_ros2_ws/install/tracking_actions/share/tracking_actions/cmake/ament_cmake_export_dependencies-extras.cmake
[2.982s] -- Up-to-date: /home/yigit/tukan_ros2_ws/install/tracking_actions/share/tracking_actions/cmake/ament_cmake_export_include_directories-extras.cmake
[2.982s] -- Up-to-date: /home/yigit/tukan_ros2_ws/install/tracking_actions/share/tracking_actions/cmake/ament_cmake_export_libraries-extras.cmake
[2.983s] -- Up-to-date: /home/yigit/tukan_ros2_ws/install/tracking_actions/share/tracking_actions/cmake/ament_cmake_export_targets-extras.cmake
[2.983s] -- Up-to-date: /home/yigit/tukan_ros2_ws/install/tracking_actions/share/tracking_actions/cmake/rosidl_cmake_export_typesupport_targets-extras.cmake
[2.983s] -- Up-to-date: /home/yigit/tukan_ros2_ws/install/tracking_actions/share/tracking_actions/cmake/rosidl_cmake_export_typesupport_libraries-extras.cmake
[2.983s] -- Up-to-date: /home/yigit/tukan_ros2_ws/install/tracking_actions/share/tracking_actions/cmake/tracking_actionsConfig.cmake
[2.983s] -- Up-to-date: /home/yigit/tukan_ros2_ws/install/tracking_actions/share/tracking_actions/cmake/tracking_actionsConfig-version.cmake
[2.983s] -- Installing: /home/yigit/tukan_ros2_ws/install/tracking_actions/share/tracking_actions/package.xml
[2.985s] Invoked command in '/home/yigit/tukan_ros2_ws/build/tracking_actions' returned '0': CMAKE_PREFIX_PATH=${CMAKE_PREFIX_PATH}:/home/yigit/tukan_ros2_ws/install/vision_pkg:/home/yigit/tukan_ros2_ws/install/uav_server_pkg:/home/yigit/tukan_ros2_ws/install/tracking_system_pkg:/home/yigit/tukan_ros2_ws/install/px4_interface_pkg:/home/yigit/tukan_ros2_ws/install/network_pkg:/home/yigit/tukan_ros2_ws/install/guardian_pkg:/home/yigit/tukan_ros2_ws/install/flight_manager_pkg:/opt/ros/humble /usr/bin/cmake --install /home/yigit/tukan_ros2_ws/build/tracking_actions
