running egg_info
creating ../../build/uav_server_pkg/uav_server_pkg.egg-info
writing ../../build/uav_server_pkg/uav_server_pkg.egg-info/PKG-INFO
writing dependency_links to ../../build/uav_server_pkg/uav_server_pkg.egg-info/dependency_links.txt
writing entry points to ../../build/uav_server_pkg/uav_server_pkg.egg-info/entry_points.txt
writing requirements to ../../build/uav_server_pkg/uav_server_pkg.egg-info/requires.txt
writing top-level names to ../../build/uav_server_pkg/uav_server_pkg.egg-info/top_level.txt
writing manifest file '../../build/uav_server_pkg/uav_server_pkg.egg-info/SOURCES.txt'
reading manifest file '../../build/uav_server_pkg/uav_server_pkg.egg-info/SOURCES.txt'
writing manifest file '../../build/uav_server_pkg/uav_server_pkg.egg-info/SOURCES.txt'
running build
running build_py
creating /home/yigit/tukan_ros2_ws/build/uav_server_pkg/build
creating /home/yigit/tukan_ros2_ws/build/uav_server_pkg/build/lib
creating /home/yigit/tukan_ros2_ws/build/uav_server_pkg/build/lib/uav_server_pkg
copying uav_server_pkg/__init__.py -> /home/yigit/tukan_ros2_ws/build/uav_server_pkg/build/lib/uav_server_pkg
running install
running install_lib
creating /home/yigit/tukan_ros2_ws/install/uav_server_pkg/lib/python3.10/site-packages/uav_server_pkg
copying /home/yigit/tukan_ros2_ws/build/uav_server_pkg/build/lib/uav_server_pkg/__init__.py -> /home/yigit/tukan_ros2_ws/install/uav_server_pkg/lib/python3.10/site-packages/uav_server_pkg
byte-compiling /home/yigit/tukan_ros2_ws/install/uav_server_pkg/lib/python3.10/site-packages/uav_server_pkg/__init__.py to __init__.cpython-310.pyc
running install_data
creating /home/yigit/tukan_ros2_ws/install/uav_server_pkg/share/ament_index
creating /home/yigit/tukan_ros2_ws/install/uav_server_pkg/share/ament_index/resource_index
creating /home/yigit/tukan_ros2_ws/install/uav_server_pkg/share/ament_index/resource_index/packages
copying resource/uav_server_pkg -> /home/yigit/tukan_ros2_ws/install/uav_server_pkg/share/ament_index/resource_index/packages
copying package.xml -> /home/yigit/tukan_ros2_ws/install/uav_server_pkg/share/uav_server_pkg
running install_egg_info
Copying ../../build/uav_server_pkg/uav_server_pkg.egg-info to /home/yigit/tukan_ros2_ws/install/uav_server_pkg/lib/python3.10/site-packages/uav_server_pkg-0.0.0-py3.10.egg-info
running install_scripts
writing list of installed files to '/home/yigit/tukan_ros2_ws/build/uav_server_pkg/install.log'
