[1.136s] Invoking command in '/home/yigit/tukan_ros2_ws/src/uav_server_pkg': PYTHONPATH=/home/yigit/tukan_ros2_ws/build/uav_server_pkg/prefix_override:/usr/lib/python3/dist-packages/colcon_core/task/python/colcon_distutils_commands:/home/yigit/tukan_ros2_ws/install/uav_server_pkg/lib/python3.10/site-packages:${PYTHONPATH} /usr/bin/python3 -W ignore:setup.py install is deprecated -W ignore:easy_install command is deprecated setup.py egg_info --egg-base ../../build/uav_server_pkg build --build-base /home/yigit/tukan_ros2_ws/build/uav_server_pkg/build install --record /home/yigit/tukan_ros2_ws/build/uav_server_pkg/install.log --single-version-externally-managed install_data
[1.258s] running egg_info
[1.258s] creating ../../build/uav_server_pkg/uav_server_pkg.egg-info
[1.260s] writing ../../build/uav_server_pkg/uav_server_pkg.egg-info/PKG-INFO
[1.260s] writing dependency_links to ../../build/uav_server_pkg/uav_server_pkg.egg-info/dependency_links.txt
[1.260s] writing entry points to ../../build/uav_server_pkg/uav_server_pkg.egg-info/entry_points.txt
[1.260s] writing requirements to ../../build/uav_server_pkg/uav_server_pkg.egg-info/requires.txt
[1.260s] writing top-level names to ../../build/uav_server_pkg/uav_server_pkg.egg-info/top_level.txt
[1.261s] writing manifest file '../../build/uav_server_pkg/uav_server_pkg.egg-info/SOURCES.txt'
[1.261s] reading manifest file '../../build/uav_server_pkg/uav_server_pkg.egg-info/SOURCES.txt'
[1.263s] writing manifest file '../../build/uav_server_pkg/uav_server_pkg.egg-info/SOURCES.txt'
[1.263s] running build
[1.263s] running build_py
[1.263s] creating /home/yigit/tukan_ros2_ws/build/uav_server_pkg/build
[1.263s] creating /home/yigit/tukan_ros2_ws/build/uav_server_pkg/build/lib
[1.263s] creating /home/yigit/tukan_ros2_ws/build/uav_server_pkg/build/lib/uav_server_pkg
[1.263s] copying uav_server_pkg/__init__.py -> /home/yigit/tukan_ros2_ws/build/uav_server_pkg/build/lib/uav_server_pkg
[1.263s] running install
[1.263s] running install_lib
[1.263s] creating /home/yigit/tukan_ros2_ws/install/uav_server_pkg/lib/python3.10/site-packages/uav_server_pkg
[1.263s] copying /home/yigit/tukan_ros2_ws/build/uav_server_pkg/build/lib/uav_server_pkg/__init__.py -> /home/yigit/tukan_ros2_ws/install/uav_server_pkg/lib/python3.10/site-packages/uav_server_pkg
[1.263s] byte-compiling /home/yigit/tukan_ros2_ws/install/uav_server_pkg/lib/python3.10/site-packages/uav_server_pkg/__init__.py to __init__.cpython-310.pyc
[1.264s] running install_data
[1.264s] creating /home/yigit/tukan_ros2_ws/install/uav_server_pkg/share/ament_index
[1.264s] creating /home/yigit/tukan_ros2_ws/install/uav_server_pkg/share/ament_index/resource_index
[1.264s] creating /home/yigit/tukan_ros2_ws/install/uav_server_pkg/share/ament_index/resource_index/packages
[1.265s] copying resource/uav_server_pkg -> /home/yigit/tukan_ros2_ws/install/uav_server_pkg/share/ament_index/resource_index/packages
[1.265s] copying package.xml -> /home/yigit/tukan_ros2_ws/install/uav_server_pkg/share/uav_server_pkg
[1.265s] running install_egg_info
[1.265s] Copying ../../build/uav_server_pkg/uav_server_pkg.egg-info to /home/yigit/tukan_ros2_ws/install/uav_server_pkg/lib/python3.10/site-packages/uav_server_pkg-0.0.0-py3.10.egg-info
[1.265s] running install_scripts
[1.272s] writing list of installed files to '/home/yigit/tukan_ros2_ws/build/uav_server_pkg/install.log'
[1.303s] Invoked command in '/home/yigit/tukan_ros2_ws/src/uav_server_pkg' returned '0': PYTHONPATH=/home/yigit/tukan_ros2_ws/build/uav_server_pkg/prefix_override:/usr/lib/python3/dist-packages/colcon_core/task/python/colcon_distutils_commands:/home/yigit/tukan_ros2_ws/install/uav_server_pkg/lib/python3.10/site-packages:${PYTHONPATH} /usr/bin/python3 -W ignore:setup.py install is deprecated -W ignore:easy_install command is deprecated setup.py egg_info --egg-base ../../build/uav_server_pkg build --build-base /home/yigit/tukan_ros2_ws/build/uav_server_pkg/build install --record /home/yigit/tukan_ros2_ws/build/uav_server_pkg/install.log --single-version-externally-managed install_data
