[1.139s] Invoking command in '/home/yigit/tukan_ros2_ws/src/px4_interface_pkg': PYTHONPATH=/home/yigit/tukan_ros2_ws/build/px4_interface_pkg/prefix_override:/usr/lib/python3/dist-packages/colcon_core/task/python/colcon_distutils_commands:/home/yigit/tukan_ros2_ws/install/px4_interface_pkg/lib/python3.10/site-packages:${PYTHONPATH} /usr/bin/python3 -W ignore:setup.py install is deprecated -W ignore:easy_install command is deprecated setup.py egg_info --egg-base ../../build/px4_interface_pkg build --build-base /home/yigit/tukan_ros2_ws/build/px4_interface_pkg/build install --record /home/yigit/tukan_ros2_ws/build/px4_interface_pkg/install.log --single-version-externally-managed install_data
[1.261s] running egg_info
[1.261s] creating ../../build/px4_interface_pkg/px4_interface_pkg.egg-info
[1.262s] writing ../../build/px4_interface_pkg/px4_interface_pkg.egg-info/PKG-INFO
[1.262s] writing dependency_links to ../../build/px4_interface_pkg/px4_interface_pkg.egg-info/dependency_links.txt
[1.262s] writing entry points to ../../build/px4_interface_pkg/px4_interface_pkg.egg-info/entry_points.txt
[1.262s] writing requirements to ../../build/px4_interface_pkg/px4_interface_pkg.egg-info/requires.txt
[1.262s] writing top-level names to ../../build/px4_interface_pkg/px4_interface_pkg.egg-info/top_level.txt
[1.262s] writing manifest file '../../build/px4_interface_pkg/px4_interface_pkg.egg-info/SOURCES.txt'
[1.264s] reading manifest file '../../build/px4_interface_pkg/px4_interface_pkg.egg-info/SOURCES.txt'
[1.265s] writing manifest file '../../build/px4_interface_pkg/px4_interface_pkg.egg-info/SOURCES.txt'
[1.265s] running build
[1.265s] running build_py
[1.265s] creating /home/yigit/tukan_ros2_ws/build/px4_interface_pkg/build
[1.265s] creating /home/yigit/tukan_ros2_ws/build/px4_interface_pkg/build/lib
[1.265s] creating /home/yigit/tukan_ros2_ws/build/px4_interface_pkg/build/lib/px4_interface_pkg
[1.265s] copying px4_interface_pkg/__init__.py -> /home/yigit/tukan_ros2_ws/build/px4_interface_pkg/build/lib/px4_interface_pkg
[1.265s] running install
[1.265s] running install_lib
[1.266s] creating /home/yigit/tukan_ros2_ws/install/px4_interface_pkg/lib/python3.10/site-packages/px4_interface_pkg
[1.266s] copying /home/yigit/tukan_ros2_ws/build/px4_interface_pkg/build/lib/px4_interface_pkg/__init__.py -> /home/yigit/tukan_ros2_ws/install/px4_interface_pkg/lib/python3.10/site-packages/px4_interface_pkg
[1.267s] byte-compiling /home/yigit/tukan_ros2_ws/install/px4_interface_pkg/lib/python3.10/site-packages/px4_interface_pkg/__init__.py to __init__.cpython-310.pyc
[1.267s] running install_data
[1.267s] creating /home/yigit/tukan_ros2_ws/install/px4_interface_pkg/share/ament_index
[1.267s] creating /home/yigit/tukan_ros2_ws/install/px4_interface_pkg/share/ament_index/resource_index
[1.267s] creating /home/yigit/tukan_ros2_ws/install/px4_interface_pkg/share/ament_index/resource_index/packages
[1.267s] copying resource/px4_interface_pkg -> /home/yigit/tukan_ros2_ws/install/px4_interface_pkg/share/ament_index/resource_index/packages
[1.267s] copying package.xml -> /home/yigit/tukan_ros2_ws/install/px4_interface_pkg/share/px4_interface_pkg
[1.268s] running install_egg_info
[1.268s] Copying ../../build/px4_interface_pkg/px4_interface_pkg.egg-info to /home/yigit/tukan_ros2_ws/install/px4_interface_pkg/lib/python3.10/site-packages/px4_interface_pkg-0.0.0-py3.10.egg-info
[1.269s] running install_scripts
[1.276s] writing list of installed files to '/home/yigit/tukan_ros2_ws/build/px4_interface_pkg/install.log'
[1.300s] Invoked command in '/home/yigit/tukan_ros2_ws/src/px4_interface_pkg' returned '0': PYTHONPATH=/home/yigit/tukan_ros2_ws/build/px4_interface_pkg/prefix_override:/usr/lib/python3/dist-packages/colcon_core/task/python/colcon_distutils_commands:/home/yigit/tukan_ros2_ws/install/px4_interface_pkg/lib/python3.10/site-packages:${PYTHONPATH} /usr/bin/python3 -W ignore:setup.py install is deprecated -W ignore:easy_install command is deprecated setup.py egg_info --egg-base ../../build/px4_interface_pkg build --build-base /home/yigit/tukan_ros2_ws/build/px4_interface_pkg/build install --record /home/yigit/tukan_ros2_ws/build/px4_interface_pkg/install.log --single-version-externally-managed install_data
