[0.055s] DEBUG:colcon:Command line arguments: ['/usr/bin/colcon', 'build', '--packages-select', 'px4_msgs']
[0.055s] DEBUG:colcon:Parsed command line arguments: Namespace(log_base=None, log_level=None, verb_name='build', build_base='build', install_base='install', merge_install=False, symlink_install=False, test_result_base=None, continue_on_error=False, executor='parallel', parallel_workers=16, event_handlers=None, ignore_user_meta=False, metas=['./colcon.meta'], base_paths=['.'], packages_ignore=None, packages_ignore_regex=None, paths=None, packages_up_to=None, packages_up_to_regex=None, packages_above=None, packages_above_and_dependencies=None, packages_above_depth=None, packages_select_by_dep=None, packages_skip_by_dep=None, packages_skip_up_to=None, packages_select_build_failed=False, packages_skip_build_finished=False, packages_select_test_failures=False, packages_skip_test_passed=False, packages_select=['px4_msgs'], packages_skip=None, packages_select_regex=None, packages_skip_regex=None, packages_start=None, packages_end=None, allow_overriding=[], cmake_args=None, cmake_target=None, cmake_target_skip_unavailable=False, cmake_clean_cache=False, cmake_clean_first=False, cmake_force_configure=False, ament_cmake_args=None, catkin_cmake_args=None, catkin_skip_building_tests=False, mixin_files=None, mixin=None, verb_parser=<colcon_mixin.mixin.mixin_argument.MixinArgumentDecorator object at 0x7e0ad045e7a0>, verb_extension=<colcon_core.verb.build.BuildVerb object at 0x7e0ad045e200>, main=<bound method BuildVerb.main of <colcon_core.verb.build.BuildVerb object at 0x7e0ad045e200>>, mixin_verb=('build',))
[0.144s] Level 1:colcon.colcon_core.package_discovery:discover_packages(colcon_meta) check parameters
[0.144s] Level 1:colcon.colcon_core.package_discovery:discover_packages(recursive) check parameters
[0.145s] Level 1:colcon.colcon_core.package_discovery:discover_packages(ignore) check parameters
[0.145s] Level 1:colcon.colcon_core.package_discovery:discover_packages(path) check parameters
[0.145s] Level 1:colcon.colcon_core.package_discovery:discover_packages(colcon_meta) discover
[0.145s] Level 1:colcon.colcon_core.package_discovery:discover_packages(recursive) discover
[0.145s] INFO:colcon.colcon_core.package_discovery:Crawling recursively for packages in '/home/yigit/tukan_ros2_ws'
[0.145s] Level 1:colcon.colcon_core.package_identification:_identify(.) by extensions ['ignore', 'ignore_ament_install']
[0.145s] Level 1:colcon.colcon_core.package_identification:_identify(.) by extension 'ignore'
[0.145s] Level 1:colcon.colcon_core.package_identification:_identify(.) by extension 'ignore_ament_install'
[0.145s] Level 1:colcon.colcon_core.package_identification:_identify(.) by extensions ['colcon_pkg']
[0.145s] Level 1:colcon.colcon_core.package_identification:_identify(.) by extension 'colcon_pkg'
[0.145s] Level 1:colcon.colcon_core.package_identification:_identify(.) by extensions ['colcon_meta']
[0.145s] Level 1:colcon.colcon_core.package_identification:_identify(.) by extension 'colcon_meta'
[0.145s] Level 1:colcon.colcon_core.package_identification:_identify(.) by extensions ['ros']
[0.145s] Level 1:colcon.colcon_core.package_identification:_identify(.) by extension 'ros'
[0.154s] Level 1:colcon.colcon_core.package_identification:_identify(.) by extensions ['cmake', 'python']
[0.155s] Level 1:colcon.colcon_core.package_identification:_identify(.) by extension 'cmake'
[0.155s] Level 1:colcon.colcon_core.package_identification:_identify(.) by extension 'python'
[0.155s] Level 1:colcon.colcon_core.package_identification:_identify(.) by extensions ['python_setup_py']
[0.155s] Level 1:colcon.colcon_core.package_identification:_identify(.) by extension 'python_setup_py'
[0.155s] Level 1:colcon.colcon_core.package_identification:_identify(build) by extensions ['ignore', 'ignore_ament_install']
[0.155s] Level 1:colcon.colcon_core.package_identification:_identify(build) by extension 'ignore'
[0.155s] Level 1:colcon.colcon_core.package_identification:_identify(build) ignored
[0.155s] Level 1:colcon.colcon_core.package_identification:_identify(install) by extensions ['ignore', 'ignore_ament_install']
[0.155s] Level 1:colcon.colcon_core.package_identification:_identify(install) by extension 'ignore'
[0.155s] Level 1:colcon.colcon_core.package_identification:_identify(install) ignored
[0.155s] Level 1:colcon.colcon_core.package_identification:_identify(log) by extensions ['ignore', 'ignore_ament_install']
[0.155s] Level 1:colcon.colcon_core.package_identification:_identify(log) by extension 'ignore'
[0.155s] Level 1:colcon.colcon_core.package_identification:_identify(log) ignored
[0.155s] Level 1:colcon.colcon_core.package_identification:_identify(src) by extensions ['ignore', 'ignore_ament_install']
[0.155s] Level 1:colcon.colcon_core.package_identification:_identify(src) by extension 'ignore'
[0.155s] Level 1:colcon.colcon_core.package_identification:_identify(src) by extension 'ignore_ament_install'
[0.155s] Level 1:colcon.colcon_core.package_identification:_identify(src) by extensions ['colcon_pkg']
[0.155s] Level 1:colcon.colcon_core.package_identification:_identify(src) by extension 'colcon_pkg'
[0.155s] Level 1:colcon.colcon_core.package_identification:_identify(src) by extensions ['colcon_meta']
[0.155s] Level 1:colcon.colcon_core.package_identification:_identify(src) by extension 'colcon_meta'
[0.155s] Level 1:colcon.colcon_core.package_identification:_identify(src) by extensions ['ros']
[0.155s] Level 1:colcon.colcon_core.package_identification:_identify(src) by extension 'ros'
[0.155s] Level 1:colcon.colcon_core.package_identification:_identify(src) by extensions ['cmake', 'python']
[0.155s] Level 1:colcon.colcon_core.package_identification:_identify(src) by extension 'cmake'
[0.155s] Level 1:colcon.colcon_core.package_identification:_identify(src) by extension 'python'
[0.155s] Level 1:colcon.colcon_core.package_identification:_identify(src) by extensions ['python_setup_py']
[0.155s] Level 1:colcon.colcon_core.package_identification:_identify(src) by extension 'python_setup_py'
[0.155s] Level 1:colcon.colcon_core.package_identification:_identify(src/flight_manager_pkg) by extensions ['ignore', 'ignore_ament_install']
[0.155s] Level 1:colcon.colcon_core.package_identification:_identify(src/flight_manager_pkg) by extension 'ignore'
[0.155s] Level 1:colcon.colcon_core.package_identification:_identify(src/flight_manager_pkg) by extension 'ignore_ament_install'
[0.155s] Level 1:colcon.colcon_core.package_identification:_identify(src/flight_manager_pkg) by extensions ['colcon_pkg']
[0.155s] Level 1:colcon.colcon_core.package_identification:_identify(src/flight_manager_pkg) by extension 'colcon_pkg'
[0.155s] Level 1:colcon.colcon_core.package_identification:_identify(src/flight_manager_pkg) by extensions ['colcon_meta']
[0.155s] Level 1:colcon.colcon_core.package_identification:_identify(src/flight_manager_pkg) by extension 'colcon_meta'
[0.155s] Level 1:colcon.colcon_core.package_identification:_identify(src/flight_manager_pkg) by extensions ['ros']
[0.155s] Level 1:colcon.colcon_core.package_identification:_identify(src/flight_manager_pkg) by extension 'ros'
[0.156s] DEBUG:colcon.colcon_core.package_identification:Package 'src/flight_manager_pkg' with type 'ros.ament_python' and name 'flight_manager_pkg'
[0.157s] Level 1:colcon.colcon_core.package_identification:_identify(src/guardian_pkg) by extensions ['ignore', 'ignore_ament_install']
[0.157s] Level 1:colcon.colcon_core.package_identification:_identify(src/guardian_pkg) by extension 'ignore'
[0.157s] Level 1:colcon.colcon_core.package_identification:_identify(src/guardian_pkg) by extension 'ignore_ament_install'
[0.157s] Level 1:colcon.colcon_core.package_identification:_identify(src/guardian_pkg) by extensions ['colcon_pkg']
[0.157s] Level 1:colcon.colcon_core.package_identification:_identify(src/guardian_pkg) by extension 'colcon_pkg'
[0.157s] Level 1:colcon.colcon_core.package_identification:_identify(src/guardian_pkg) by extensions ['colcon_meta']
[0.157s] Level 1:colcon.colcon_core.package_identification:_identify(src/guardian_pkg) by extension 'colcon_meta'
[0.157s] Level 1:colcon.colcon_core.package_identification:_identify(src/guardian_pkg) by extensions ['ros']
[0.157s] Level 1:colcon.colcon_core.package_identification:_identify(src/guardian_pkg) by extension 'ros'
[0.157s] DEBUG:colcon.colcon_core.package_identification:Package 'src/guardian_pkg' with type 'ros.ament_python' and name 'guardian_pkg'
[0.157s] Level 1:colcon.colcon_core.package_identification:_identify(src/network_pkg) by extensions ['ignore', 'ignore_ament_install']
[0.157s] Level 1:colcon.colcon_core.package_identification:_identify(src/network_pkg) by extension 'ignore'
[0.157s] Level 1:colcon.colcon_core.package_identification:_identify(src/network_pkg) by extension 'ignore_ament_install'
[0.157s] Level 1:colcon.colcon_core.package_identification:_identify(src/network_pkg) by extensions ['colcon_pkg']
[0.157s] Level 1:colcon.colcon_core.package_identification:_identify(src/network_pkg) by extension 'colcon_pkg'
[0.157s] Level 1:colcon.colcon_core.package_identification:_identify(src/network_pkg) by extensions ['colcon_meta']
[0.157s] Level 1:colcon.colcon_core.package_identification:_identify(src/network_pkg) by extension 'colcon_meta'
[0.157s] Level 1:colcon.colcon_core.package_identification:_identify(src/network_pkg) by extensions ['ros']
[0.157s] Level 1:colcon.colcon_core.package_identification:_identify(src/network_pkg) by extension 'ros'
[0.157s] DEBUG:colcon.colcon_core.package_identification:Package 'src/network_pkg' with type 'ros.ament_python' and name 'network_pkg'
[0.157s] Level 1:colcon.colcon_core.package_identification:_identify(src/px4_interface_pkg) by extensions ['ignore', 'ignore_ament_install']
[0.158s] Level 1:colcon.colcon_core.package_identification:_identify(src/px4_interface_pkg) by extension 'ignore'
[0.158s] Level 1:colcon.colcon_core.package_identification:_identify(src/px4_interface_pkg) by extension 'ignore_ament_install'
[0.158s] Level 1:colcon.colcon_core.package_identification:_identify(src/px4_interface_pkg) by extensions ['colcon_pkg']
[0.158s] Level 1:colcon.colcon_core.package_identification:_identify(src/px4_interface_pkg) by extension 'colcon_pkg'
[0.158s] Level 1:colcon.colcon_core.package_identification:_identify(src/px4_interface_pkg) by extensions ['colcon_meta']
[0.158s] Level 1:colcon.colcon_core.package_identification:_identify(src/px4_interface_pkg) by extension 'colcon_meta'
[0.158s] Level 1:colcon.colcon_core.package_identification:_identify(src/px4_interface_pkg) by extensions ['ros']
[0.158s] Level 1:colcon.colcon_core.package_identification:_identify(src/px4_interface_pkg) by extension 'ros'
[0.158s] DEBUG:colcon.colcon_core.package_identification:Package 'src/px4_interface_pkg' with type 'ros.ament_python' and name 'px4_interface_pkg'
[0.158s] Level 1:colcon.colcon_core.package_identification:_identify(src/px4_msgs) by extensions ['ignore', 'ignore_ament_install']
[0.158s] Level 1:colcon.colcon_core.package_identification:_identify(src/px4_msgs) by extension 'ignore'
[0.158s] Level 1:colcon.colcon_core.package_identification:_identify(src/px4_msgs) by extension 'ignore_ament_install'
[0.158s] Level 1:colcon.colcon_core.package_identification:_identify(src/px4_msgs) by extensions ['colcon_pkg']
[0.158s] Level 1:colcon.colcon_core.package_identification:_identify(src/px4_msgs) by extension 'colcon_pkg'
[0.158s] Level 1:colcon.colcon_core.package_identification:_identify(src/px4_msgs) by extensions ['colcon_meta']
[0.158s] Level 1:colcon.colcon_core.package_identification:_identify(src/px4_msgs) by extension 'colcon_meta'
[0.158s] Level 1:colcon.colcon_core.package_identification:_identify(src/px4_msgs) by extensions ['ros']
[0.158s] Level 1:colcon.colcon_core.package_identification:_identify(src/px4_msgs) by extension 'ros'
[0.158s] DEBUG:colcon.colcon_core.package_identification:Package 'src/px4_msgs' with type 'ros.ament_cmake' and name 'px4_msgs'
[0.159s] Level 1:colcon.colcon_core.package_identification:_identify(src/tracking_system_pkg) by extensions ['ignore', 'ignore_ament_install']
[0.159s] Level 1:colcon.colcon_core.package_identification:_identify(src/tracking_system_pkg) by extension 'ignore'
[0.159s] Level 1:colcon.colcon_core.package_identification:_identify(src/tracking_system_pkg) by extension 'ignore_ament_install'
[0.159s] Level 1:colcon.colcon_core.package_identification:_identify(src/tracking_system_pkg) by extensions ['colcon_pkg']
[0.159s] Level 1:colcon.colcon_core.package_identification:_identify(src/tracking_system_pkg) by extension 'colcon_pkg'
[0.159s] Level 1:colcon.colcon_core.package_identification:_identify(src/tracking_system_pkg) by extensions ['colcon_meta']
[0.159s] Level 1:colcon.colcon_core.package_identification:_identify(src/tracking_system_pkg) by extension 'colcon_meta'
[0.159s] Level 1:colcon.colcon_core.package_identification:_identify(src/tracking_system_pkg) by extensions ['ros']
[0.159s] Level 1:colcon.colcon_core.package_identification:_identify(src/tracking_system_pkg) by extension 'ros'
[0.159s] DEBUG:colcon.colcon_core.package_identification:Package 'src/tracking_system_pkg' with type 'ros.ament_python' and name 'tracking_system_pkg'
[0.159s] Level 1:colcon.colcon_core.package_identification:_identify(src/uav_server_pkg) by extensions ['ignore', 'ignore_ament_install']
[0.159s] Level 1:colcon.colcon_core.package_identification:_identify(src/uav_server_pkg) by extension 'ignore'
[0.159s] Level 1:colcon.colcon_core.package_identification:_identify(src/uav_server_pkg) by extension 'ignore_ament_install'
[0.159s] Level 1:colcon.colcon_core.package_identification:_identify(src/uav_server_pkg) by extensions ['colcon_pkg']
[0.159s] Level 1:colcon.colcon_core.package_identification:_identify(src/uav_server_pkg) by extension 'colcon_pkg'
[0.159s] Level 1:colcon.colcon_core.package_identification:_identify(src/uav_server_pkg) by extensions ['colcon_meta']
[0.159s] Level 1:colcon.colcon_core.package_identification:_identify(src/uav_server_pkg) by extension 'colcon_meta'
[0.159s] Level 1:colcon.colcon_core.package_identification:_identify(src/uav_server_pkg) by extensions ['ros']
[0.159s] Level 1:colcon.colcon_core.package_identification:_identify(src/uav_server_pkg) by extension 'ros'
[0.159s] DEBUG:colcon.colcon_core.package_identification:Package 'src/uav_server_pkg' with type 'ros.ament_python' and name 'uav_server_pkg'
[0.159s] Level 1:colcon.colcon_core.package_identification:_identify(src/vision_pkg) by extensions ['ignore', 'ignore_ament_install']
[0.159s] Level 1:colcon.colcon_core.package_identification:_identify(src/vision_pkg) by extension 'ignore'
[0.159s] Level 1:colcon.colcon_core.package_identification:_identify(src/vision_pkg) by extension 'ignore_ament_install'
[0.159s] Level 1:colcon.colcon_core.package_identification:_identify(src/vision_pkg) by extensions ['colcon_pkg']
[0.159s] Level 1:colcon.colcon_core.package_identification:_identify(src/vision_pkg) by extension 'colcon_pkg'
[0.160s] Level 1:colcon.colcon_core.package_identification:_identify(src/vision_pkg) by extensions ['colcon_meta']
[0.160s] Level 1:colcon.colcon_core.package_identification:_identify(src/vision_pkg) by extension 'colcon_meta'
[0.160s] Level 1:colcon.colcon_core.package_identification:_identify(src/vision_pkg) by extensions ['ros']
[0.160s] Level 1:colcon.colcon_core.package_identification:_identify(src/vision_pkg) by extension 'ros'
[0.160s] DEBUG:colcon.colcon_core.package_identification:Package 'src/vision_pkg' with type 'ros.ament_python' and name 'vision_pkg'
[0.160s] Level 1:colcon.colcon_core.package_discovery:discover_packages(recursive) using defaults
[0.160s] Level 1:colcon.colcon_core.package_discovery:discover_packages(ignore) discover
[0.160s] Level 1:colcon.colcon_core.package_discovery:discover_packages(ignore) using defaults
[0.160s] Level 1:colcon.colcon_core.package_discovery:discover_packages(path) discover
[0.160s] Level 1:colcon.colcon_core.package_discovery:discover_packages(path) using defaults
[0.170s] INFO:colcon.colcon_core.package_selection:Skipping not selected package 'flight_manager_pkg' in 'src/flight_manager_pkg'
[0.170s] INFO:colcon.colcon_core.package_selection:Skipping not selected package 'guardian_pkg' in 'src/guardian_pkg'
[0.170s] INFO:colcon.colcon_core.package_selection:Skipping not selected package 'network_pkg' in 'src/network_pkg'
[0.170s] INFO:colcon.colcon_core.package_selection:Skipping not selected package 'px4_interface_pkg' in 'src/px4_interface_pkg'
[0.170s] INFO:colcon.colcon_core.package_selection:Skipping not selected package 'tracking_system_pkg' in 'src/tracking_system_pkg'
[0.170s] INFO:colcon.colcon_core.package_selection:Skipping not selected package 'uav_server_pkg' in 'src/uav_server_pkg'
[0.170s] INFO:colcon.colcon_core.package_selection:Skipping not selected package 'vision_pkg' in 'src/vision_pkg'
[0.170s] Level 1:colcon.colcon_core.package_discovery:discover_packages(prefix_path) check parameters
[0.170s] Level 1:colcon.colcon_core.package_discovery:discover_packages(prefix_path) discover
[0.171s] DEBUG:colcon.colcon_installed_package_information.package_discovery:Found 271 installed packages in /opt/ros/humble
[0.172s] Level 1:colcon.colcon_core.package_discovery:discover_packages(prefix_path) using defaults
[0.190s] Level 5:colcon.colcon_core.verb:set package 'px4_msgs' build argument 'cmake_args' from command line to 'None'
[0.190s] Level 5:colcon.colcon_core.verb:set package 'px4_msgs' build argument 'cmake_target' from command line to 'None'
[0.190s] Level 5:colcon.colcon_core.verb:set package 'px4_msgs' build argument 'cmake_target_skip_unavailable' from command line to 'False'
[0.190s] Level 5:colcon.colcon_core.verb:set package 'px4_msgs' build argument 'cmake_clean_cache' from command line to 'False'
[0.190s] Level 5:colcon.colcon_core.verb:set package 'px4_msgs' build argument 'cmake_clean_first' from command line to 'False'
[0.190s] Level 5:colcon.colcon_core.verb:set package 'px4_msgs' build argument 'cmake_force_configure' from command line to 'False'
[0.190s] Level 5:colcon.colcon_core.verb:set package 'px4_msgs' build argument 'ament_cmake_args' from command line to 'None'
[0.190s] Level 5:colcon.colcon_core.verb:set package 'px4_msgs' build argument 'catkin_cmake_args' from command line to 'None'
[0.190s] Level 5:colcon.colcon_core.verb:set package 'px4_msgs' build argument 'catkin_skip_building_tests' from command line to 'False'
[0.190s] DEBUG:colcon.colcon_core.verb:Building package 'px4_msgs' with the following arguments: {'ament_cmake_args': None, 'build_base': '/home/yigit/tukan_ros2_ws/build/px4_msgs', 'catkin_cmake_args': None, 'catkin_skip_building_tests': False, 'cmake_args': None, 'cmake_clean_cache': False, 'cmake_clean_first': False, 'cmake_force_configure': False, 'cmake_target': None, 'cmake_target_skip_unavailable': False, 'install_base': '/home/yigit/tukan_ros2_ws/install/px4_msgs', 'merge_install': False, 'path': '/home/yigit/tukan_ros2_ws/src/px4_msgs', 'symlink_install': False, 'test_result_base': None}
[0.190s] INFO:colcon.colcon_core.executor:Executing jobs using 'parallel' executor
[0.191s] DEBUG:colcon.colcon_parallel_executor.executor.parallel:run_until_complete
[0.191s] INFO:colcon.colcon_ros.task.ament_cmake.build:Building ROS package in '/home/yigit/tukan_ros2_ws/src/px4_msgs' with build type 'ament_cmake'
[0.191s] INFO:colcon.colcon_cmake.task.cmake.build:Building CMake package in '/home/yigit/tukan_ros2_ws/src/px4_msgs'
[0.192s] INFO:colcon.colcon_core.plugin_system:Skipping extension 'colcon_core.shell.bat': Not used on non-Windows systems
[0.192s] INFO:colcon.colcon_core.shell:Skip shell extension 'powershell' for command environment: Not usable outside of PowerShell
[0.192s] DEBUG:colcon.colcon_core.shell:Skip shell extension 'dsv' for command environment
[0.200s] DEBUG:colcon.colcon_core.event_handler.log_command:Invoking command in '/home/yigit/tukan_ros2_ws/build/px4_msgs': CMAKE_PREFIX_PATH=/opt/ros/humble /usr/bin/cmake /home/yigit/tukan_ros2_ws/src/px4_msgs -DCMAKE_INSTALL_PREFIX=/home/yigit/tukan_ros2_ws/install/px4_msgs
[2.268s] DEBUG:colcon.colcon_core.event_handler.log_command:Invoked command in '/home/yigit/tukan_ros2_ws/build/px4_msgs' returned '0': CMAKE_PREFIX_PATH=/opt/ros/humble /usr/bin/cmake /home/yigit/tukan_ros2_ws/src/px4_msgs -DCMAKE_INSTALL_PREFIX=/home/yigit/tukan_ros2_ws/install/px4_msgs
[2.269s] DEBUG:colcon.colcon_core.event_handler.log_command:Invoking command in '/home/yigit/tukan_ros2_ws/build/px4_msgs': CMAKE_PREFIX_PATH=/opt/ros/humble /usr/bin/cmake --build /home/yigit/tukan_ros2_ws/build/px4_msgs -- -j16 -l16
[98.274s] DEBUG:colcon.colcon_core.event_handler.log_command:Invoked command in '/home/yigit/tukan_ros2_ws/build/px4_msgs' returned '0': CMAKE_PREFIX_PATH=/opt/ros/humble /usr/bin/cmake --build /home/yigit/tukan_ros2_ws/build/px4_msgs -- -j16 -l16
[98.280s] DEBUG:colcon.colcon_core.event_handler.log_command:Invoking command in '/home/yigit/tukan_ros2_ws/build/px4_msgs': CMAKE_PREFIX_PATH=/opt/ros/humble /usr/bin/cmake --install /home/yigit/tukan_ros2_ws/build/px4_msgs
[99.055s] Level 1:colcon.colcon_core.environment:create_environment_scripts_only(px4_msgs)
[99.055s] DEBUG:colcon.colcon_core.event_handler.log_command:Invoked command in '/home/yigit/tukan_ros2_ws/build/px4_msgs' returned '0': CMAKE_PREFIX_PATH=/opt/ros/humble /usr/bin/cmake --install /home/yigit/tukan_ros2_ws/build/px4_msgs
[99.056s] Level 1:colcon.colcon_core.environment:checking '/home/yigit/tukan_ros2_ws/install/px4_msgs' for CMake module files
[99.056s] Level 1:colcon.colcon_core.environment:checking '/home/yigit/tukan_ros2_ws/install/px4_msgs' for CMake config files
[99.059s] Level 1:colcon.colcon_core.shell:create_environment_hook('px4_msgs', 'cmake_prefix_path')
[99.059s] INFO:colcon.colcon_core.shell:Creating environment hook '/home/yigit/tukan_ros2_ws/install/px4_msgs/share/px4_msgs/hook/cmake_prefix_path.ps1'
[99.060s] INFO:colcon.colcon_core.shell:Creating environment descriptor '/home/yigit/tukan_ros2_ws/install/px4_msgs/share/px4_msgs/hook/cmake_prefix_path.dsv'
[99.060s] INFO:colcon.colcon_core.shell:Creating environment hook '/home/yigit/tukan_ros2_ws/install/px4_msgs/share/px4_msgs/hook/cmake_prefix_path.sh'
[99.060s] Level 1:colcon.colcon_core.environment:checking '/home/yigit/tukan_ros2_ws/install/px4_msgs/lib'
[99.061s] Level 1:colcon.colcon_core.shell:create_environment_hook('px4_msgs', 'ld_library_path_lib')
[99.061s] INFO:colcon.colcon_core.shell:Creating environment hook '/home/yigit/tukan_ros2_ws/install/px4_msgs/share/px4_msgs/hook/ld_library_path_lib.ps1'
[99.061s] INFO:colcon.colcon_core.shell:Creating environment descriptor '/home/yigit/tukan_ros2_ws/install/px4_msgs/share/px4_msgs/hook/ld_library_path_lib.dsv'
[99.061s] INFO:colcon.colcon_core.shell:Creating environment hook '/home/yigit/tukan_ros2_ws/install/px4_msgs/share/px4_msgs/hook/ld_library_path_lib.sh'
[99.061s] Level 1:colcon.colcon_core.environment:checking '/home/yigit/tukan_ros2_ws/install/px4_msgs/bin'
[99.061s] Level 1:colcon.colcon_core.environment:checking '/home/yigit/tukan_ros2_ws/install/px4_msgs/lib/pkgconfig/px4_msgs.pc'
[99.061s] Level 1:colcon.colcon_core.environment:checking '/home/yigit/tukan_ros2_ws/install/px4_msgs/lib/python3.10/site-packages'
[99.061s] Level 1:colcon.colcon_core.environment:checking '/home/yigit/tukan_ros2_ws/install/px4_msgs/bin'
[99.062s] INFO:colcon.colcon_core.shell:Creating package script '/home/yigit/tukan_ros2_ws/install/px4_msgs/share/px4_msgs/package.ps1'
[99.062s] INFO:colcon.colcon_core.shell:Creating package descriptor '/home/yigit/tukan_ros2_ws/install/px4_msgs/share/px4_msgs/package.dsv'
[99.062s] INFO:colcon.colcon_core.shell:Creating package script '/home/yigit/tukan_ros2_ws/install/px4_msgs/share/px4_msgs/package.sh'
[99.063s] INFO:colcon.colcon_core.shell:Creating package script '/home/yigit/tukan_ros2_ws/install/px4_msgs/share/px4_msgs/package.bash'
[99.063s] INFO:colcon.colcon_core.shell:Creating package script '/home/yigit/tukan_ros2_ws/install/px4_msgs/share/px4_msgs/package.zsh'
[99.063s] Level 1:colcon.colcon_core.environment:create_file_with_runtime_dependencies(/home/yigit/tukan_ros2_ws/install/px4_msgs/share/colcon-core/packages/px4_msgs)
[99.064s] Level 1:colcon.colcon_core.environment:create_environment_scripts_only(px4_msgs)
[99.064s] Level 1:colcon.colcon_core.environment:checking '/home/yigit/tukan_ros2_ws/install/px4_msgs' for CMake module files
[99.064s] Level 1:colcon.colcon_core.environment:checking '/home/yigit/tukan_ros2_ws/install/px4_msgs' for CMake config files
[99.067s] Level 1:colcon.colcon_core.shell:create_environment_hook('px4_msgs', 'cmake_prefix_path')
[99.067s] INFO:colcon.colcon_core.shell:Creating environment hook '/home/yigit/tukan_ros2_ws/install/px4_msgs/share/px4_msgs/hook/cmake_prefix_path.ps1'
[99.068s] INFO:colcon.colcon_core.shell:Creating environment descriptor '/home/yigit/tukan_ros2_ws/install/px4_msgs/share/px4_msgs/hook/cmake_prefix_path.dsv'
[99.068s] INFO:colcon.colcon_core.shell:Creating environment hook '/home/yigit/tukan_ros2_ws/install/px4_msgs/share/px4_msgs/hook/cmake_prefix_path.sh'
[99.068s] Level 1:colcon.colcon_core.environment:checking '/home/yigit/tukan_ros2_ws/install/px4_msgs/lib'
[99.068s] Level 1:colcon.colcon_core.shell:create_environment_hook('px4_msgs', 'ld_library_path_lib')
[99.068s] INFO:colcon.colcon_core.shell:Creating environment hook '/home/yigit/tukan_ros2_ws/install/px4_msgs/share/px4_msgs/hook/ld_library_path_lib.ps1'
[99.068s] INFO:colcon.colcon_core.shell:Creating environment descriptor '/home/yigit/tukan_ros2_ws/install/px4_msgs/share/px4_msgs/hook/ld_library_path_lib.dsv'
[99.069s] INFO:colcon.colcon_core.shell:Creating environment hook '/home/yigit/tukan_ros2_ws/install/px4_msgs/share/px4_msgs/hook/ld_library_path_lib.sh'
[99.069s] Level 1:colcon.colcon_core.environment:checking '/home/yigit/tukan_ros2_ws/install/px4_msgs/bin'
[99.069s] Level 1:colcon.colcon_core.environment:checking '/home/yigit/tukan_ros2_ws/install/px4_msgs/lib/pkgconfig/px4_msgs.pc'
[99.069s] Level 1:colcon.colcon_core.environment:checking '/home/yigit/tukan_ros2_ws/install/px4_msgs/lib/python3.10/site-packages'
[99.069s] Level 1:colcon.colcon_core.environment:checking '/home/yigit/tukan_ros2_ws/install/px4_msgs/bin'
[99.069s] INFO:colcon.colcon_core.shell:Creating package script '/home/yigit/tukan_ros2_ws/install/px4_msgs/share/px4_msgs/package.ps1'
[99.069s] INFO:colcon.colcon_core.shell:Creating package descriptor '/home/yigit/tukan_ros2_ws/install/px4_msgs/share/px4_msgs/package.dsv'
[99.070s] INFO:colcon.colcon_core.shell:Creating package script '/home/yigit/tukan_ros2_ws/install/px4_msgs/share/px4_msgs/package.sh'
[99.070s] INFO:colcon.colcon_core.shell:Creating package script '/home/yigit/tukan_ros2_ws/install/px4_msgs/share/px4_msgs/package.bash'
[99.070s] INFO:colcon.colcon_core.shell:Creating package script '/home/yigit/tukan_ros2_ws/install/px4_msgs/share/px4_msgs/package.zsh'
[99.070s] Level 1:colcon.colcon_core.environment:create_file_with_runtime_dependencies(/home/yigit/tukan_ros2_ws/install/px4_msgs/share/colcon-core/packages/px4_msgs)
[99.070s] DEBUG:colcon.colcon_parallel_executor.executor.parallel:closing loop
[99.071s] DEBUG:colcon.colcon_parallel_executor.executor.parallel:loop closed
[99.071s] DEBUG:colcon.colcon_parallel_executor.executor.parallel:run_until_complete finished with '0'
[99.071s] DEBUG:colcon.colcon_core.event_reactor:joining thread
[99.074s] INFO:colcon.colcon_core.plugin_system:Skipping extension 'colcon_notification.desktop_notification.terminal_notifier': Not used on non-Darwin systems
[99.074s] INFO:colcon.colcon_core.plugin_system:Skipping extension 'colcon_notification.desktop_notification.win32': Not used on non-Windows systems
[99.074s] INFO:colcon.colcon_notification.desktop_notification:Sending desktop notification using 'notify2'
[99.080s] DEBUG:colcon.colcon_core.event_reactor:joined thread
[99.080s] INFO:colcon.colcon_core.shell:Creating prefix script '/home/yigit/tukan_ros2_ws/install/local_setup.ps1'
[99.081s] INFO:colcon.colcon_core.shell:Creating prefix util module '/home/yigit/tukan_ros2_ws/install/_local_setup_util_ps1.py'
[99.081s] INFO:colcon.colcon_core.shell:Creating prefix chain script '/home/yigit/tukan_ros2_ws/install/setup.ps1'
[99.082s] INFO:colcon.colcon_core.shell:Creating prefix script '/home/yigit/tukan_ros2_ws/install/local_setup.sh'
[99.082s] INFO:colcon.colcon_core.shell:Creating prefix util module '/home/yigit/tukan_ros2_ws/install/_local_setup_util_sh.py'
[99.082s] INFO:colcon.colcon_core.shell:Creating prefix chain script '/home/yigit/tukan_ros2_ws/install/setup.sh'
[99.083s] INFO:colcon.colcon_core.shell:Creating prefix script '/home/yigit/tukan_ros2_ws/install/local_setup.bash'
[99.083s] INFO:colcon.colcon_core.shell:Creating prefix chain script '/home/yigit/tukan_ros2_ws/install/setup.bash'
[99.084s] INFO:colcon.colcon_core.shell:Creating prefix script '/home/yigit/tukan_ros2_ws/install/local_setup.zsh'
[99.084s] INFO:colcon.colcon_core.shell:Creating prefix chain script '/home/yigit/tukan_ros2_ws/install/setup.zsh'
