running egg_info
creating ../../build/flight_manager_pkg/flight_manager_pkg.egg-info
writing ../../build/flight_manager_pkg/flight_manager_pkg.egg-info/PKG-INFO
writing dependency_links to ../../build/flight_manager_pkg/flight_manager_pkg.egg-info/dependency_links.txt
writing entry points to ../../build/flight_manager_pkg/flight_manager_pkg.egg-info/entry_points.txt
writing requirements to ../../build/flight_manager_pkg/flight_manager_pkg.egg-info/requires.txt
writing top-level names to ../../build/flight_manager_pkg/flight_manager_pkg.egg-info/top_level.txt
writing manifest file '../../build/flight_manager_pkg/flight_manager_pkg.egg-info/SOURCES.txt'
reading manifest file '../../build/flight_manager_pkg/flight_manager_pkg.egg-info/SOURCES.txt'
writing manifest file '../../build/flight_manager_pkg/flight_manager_pkg.egg-info/SOURCES.txt'
running build
running build_py
creating /home/yigit/tukan_ros2_ws/build/flight_manager_pkg/build
creating /home/yigit/tukan_ros2_ws/build/flight_manager_pkg/build/lib
creating /home/yigit/tukan_ros2_ws/build/flight_manager_pkg/build/lib/flight_manager_pkg
copying flight_manager_pkg/__init__.py -> /home/yigit/tukan_ros2_ws/build/flight_manager_pkg/build/lib/flight_manager_pkg
running install
running install_lib
creating /home/yigit/tukan_ros2_ws/install/flight_manager_pkg/lib/python3.10/site-packages/flight_manager_pkg
copying /home/yigit/tukan_ros2_ws/build/flight_manager_pkg/build/lib/flight_manager_pkg/__init__.py -> /home/yigit/tukan_ros2_ws/install/flight_manager_pkg/lib/python3.10/site-packages/flight_manager_pkg
byte-compiling /home/yigit/tukan_ros2_ws/install/flight_manager_pkg/lib/python3.10/site-packages/flight_manager_pkg/__init__.py to __init__.cpython-310.pyc
running install_data
creating /home/yigit/tukan_ros2_ws/install/flight_manager_pkg/share/ament_index
creating /home/yigit/tukan_ros2_ws/install/flight_manager_pkg/share/ament_index/resource_index
creating /home/yigit/tukan_ros2_ws/install/flight_manager_pkg/share/ament_index/resource_index/packages
copying resource/flight_manager_pkg -> /home/yigit/tukan_ros2_ws/install/flight_manager_pkg/share/ament_index/resource_index/packages
copying package.xml -> /home/yigit/tukan_ros2_ws/install/flight_manager_pkg/share/flight_manager_pkg
running install_egg_info
Copying ../../build/flight_manager_pkg/flight_manager_pkg.egg-info to /home/yigit/tukan_ros2_ws/install/flight_manager_pkg/lib/python3.10/site-packages/flight_manager_pkg-0.0.0-py3.10.egg-info
running install_scripts
writing list of installed files to '/home/yigit/tukan_ros2_ws/build/flight_manager_pkg/install.log'
