running egg_info
writing ../../build/flight_manager_pkg/flight_manager_pkg.egg-info/PKG-INFO
writing dependency_links to ../../build/flight_manager_pkg/flight_manager_pkg.egg-info/dependency_links.txt
writing entry points to ../../build/flight_manager_pkg/flight_manager_pkg.egg-info/entry_points.txt
writing requirements to ../../build/flight_manager_pkg/flight_manager_pkg.egg-info/requires.txt
writing top-level names to ../../build/flight_manager_pkg/flight_manager_pkg.egg-info/top_level.txt
reading manifest file '../../build/flight_manager_pkg/flight_manager_pkg.egg-info/SOURCES.txt'
writing manifest file '../../build/flight_manager_pkg/flight_manager_pkg.egg-info/SOURCES.txt'
running build
running build_py
copying flight_manager_pkg/mission_manager_node.py -> /home/yigit/tukan_ros2_ws/build/flight_manager_pkg/build/lib/flight_manager_pkg
running install
running install_lib
copying /home/yigit/tukan_ros2_ws/build/flight_manager_pkg/build/lib/flight_manager_pkg/mission_manager_node.py -> /home/yigit/tukan_ros2_ws/install/flight_manager_pkg/lib/python3.10/site-packages/flight_manager_pkg
byte-compiling /home/yigit/tukan_ros2_ws/install/flight_manager_pkg/lib/python3.10/site-packages/flight_manager_pkg/mission_manager_node.py to mission_manager_node.cpython-310.pyc
running install_data
copying package.xml -> /home/yigit/tukan_ros2_ws/install/flight_manager_pkg/share/flight_manager_pkg
running install_egg_info
removing '/home/yigit/tukan_ros2_ws/install/flight_manager_pkg/lib/python3.10/site-packages/flight_manager_pkg-0.0.0-py3.10.egg-info' (and everything under it)
Copying ../../build/flight_manager_pkg/flight_manager_pkg.egg-info to /home/yigit/tukan_ros2_ws/install/flight_manager_pkg/lib/python3.10/site-packages/flight_manager_pkg-0.0.0-py3.10.egg-info
running install_scripts
Installing mission_manager_node script to /home/yigit/tukan_ros2_ws/install/flight_manager_pkg/lib/flight_manager_pkg
writing list of installed files to '/home/yigit/tukan_ros2_ws/build/flight_manager_pkg/install.log'
