[0.010s] Invoking command in '/home/yigit/tukan_ros2_ws/build/tracking_actions': CMAKE_PREFIX_PATH=${CMAKE_PREFIX_PATH}:/home/yigit/tukan_ros2_ws/install/vision_pkg:/home/yigit/tukan_ros2_ws/install/uav_server_pkg:/home/yigit/tukan_ros2_ws/install/tracking_system_pkg:/home/yigit/tukan_ros2_ws/install/px4_interface_pkg:/home/yigit/tukan_ros2_ws/install/network_pkg:/home/yigit/tukan_ros2_ws/install/guardian_pkg:/home/yigit/tukan_ros2_ws/install/flight_manager_pkg:/opt/ros/humble /usr/bin/cmake --build /home/yigit/tukan_ros2_ws/build/tracking_actions -- -j16 -l16
[0.025s] [33mCMake Warning (dev) at CMakeLists.txt:29:
[0.025s]   Syntax Warning in cmake code at column 31
[0.025s] 
[0.025s]   Argument not separated from preceding token by whitespace.
[0.025s] This warning is for project developers.  Use -Wno-dev to suppress it.
[0.025s] [0m
[0.027s] -- Found ament_cmake: 1.3.11 (/opt/ros/humble/share/ament_cmake/cmake)
[0.109s] -- Found ament_lint_auto: 0.12.12 (/opt/ros/humble/share/ament_lint_auto/cmake)
[0.151s] -- Found rosidl_default_generators: 1.2.0 (/opt/ros/humble/share/rosidl_default_generators/cmake)
[0.152s] -- Using all available rosidl_typesupport_c: rosidl_typesupport_fastrtps_c;rosidl_typesupport_introspection_c
[0.154s] -- Found rosidl_adapter: 3.1.6 (/opt/ros/humble/share/rosidl_adapter/cmake)
[0.173s] -- Using all available rosidl_typesupport_cpp: rosidl_typesupport_fastrtps_cpp;rosidl_typesupport_introspection_cpp
[0.190s] [31mCMake Error at /opt/ros/humble/share/rosidl_cmake/cmake/rosidl_generate_interfaces.cmake:93 (message):
[0.190s]   rosidl_generate_interfaces() the passed file ',' doesn't exist relative to
[0.190s]   the CMAKE_CURRENT_SOURCE_DIR
[0.190s]   '/home/yigit/tukan_ros2_ws/src/tracking_actions'
[0.190s] Call Stack (most recent call first):
[0.190s]   CMakeLists.txt:28 (rosidl_generate_interfaces)
[0.190s] 
[0.190s] [0m
[0.190s] -- Configuring incomplete, errors occurred!
[0.190s] See also "/home/yigit/tukan_ros2_ws/build/tracking_actions/CMakeFiles/CMakeOutput.log".
[0.193s] gmake: *** [Makefile:747: cmake_check_build_system] Error 1
[0.195s] Invoked command in '/home/yigit/tukan_ros2_ws/build/tracking_actions' returned '2': CMAKE_PREFIX_PATH=${CMAKE_PREFIX_PATH}:/home/yigit/tukan_ros2_ws/install/vision_pkg:/home/yigit/tukan_ros2_ws/install/uav_server_pkg:/home/yigit/tukan_ros2_ws/install/tracking_system_pkg:/home/yigit/tukan_ros2_ws/install/px4_interface_pkg:/home/yigit/tukan_ros2_ws/install/network_pkg:/home/yigit/tukan_ros2_ws/install/guardian_pkg:/home/yigit/tukan_ros2_ws/install/flight_manager_pkg:/opt/ros/humble /usr/bin/cmake --build /home/yigit/tukan_ros2_ws/build/tracking_actions -- -j16 -l16
