[0.054s] DEBUG:colcon:Command line arguments: ['/usr/bin/colcon', 'build']
[0.054s] DEBUG:colcon:Parsed command line arguments: Namespace(log_base=None, log_level=None, verb_name='build', build_base='build', install_base='install', merge_install=False, symlink_install=False, test_result_base=None, continue_on_error=False, executor='parallel', parallel_workers=16, event_handlers=None, ignore_user_meta=False, metas=['./colcon.meta'], base_paths=['.'], packages_ignore=None, packages_ignore_regex=None, paths=None, packages_up_to=None, packages_up_to_regex=None, packages_above=None, packages_above_and_dependencies=None, packages_above_depth=None, packages_select_by_dep=None, packages_skip_by_dep=None, packages_skip_up_to=None, packages_select_build_failed=False, packages_skip_build_finished=False, packages_select_test_failures=False, packages_skip_test_passed=False, packages_select=None, packages_skip=None, packages_select_regex=None, packages_skip_regex=None, packages_start=None, packages_end=None, allow_overriding=[], cmake_args=None, cmake_target=None, cmake_target_skip_unavailable=False, cmake_clean_cache=False, cmake_clean_first=False, cmake_force_configure=False, ament_cmake_args=None, catkin_cmake_args=None, catkin_skip_building_tests=False, mixin_files=None, mixin=None, verb_parser=<colcon_mixin.mixin.mixin_argument.MixinArgumentDecorator object at 0x7feb5985e770>, verb_extension=<colcon_core.verb.build.BuildVerb object at 0x7feb5985e1d0>, main=<bound method BuildVerb.main of <colcon_core.verb.build.BuildVerb object at 0x7feb5985e1d0>>, mixin_verb=('build',))
[0.140s] Level 1:colcon.colcon_core.package_discovery:discover_packages(colcon_meta) check parameters
[0.140s] Level 1:colcon.colcon_core.package_discovery:discover_packages(recursive) check parameters
[0.140s] Level 1:colcon.colcon_core.package_discovery:discover_packages(ignore) check parameters
[0.140s] Level 1:colcon.colcon_core.package_discovery:discover_packages(path) check parameters
[0.140s] Level 1:colcon.colcon_core.package_discovery:discover_packages(colcon_meta) discover
[0.140s] Level 1:colcon.colcon_core.package_discovery:discover_packages(recursive) discover
[0.140s] INFO:colcon.colcon_core.package_discovery:Crawling recursively for packages in '/home/yigit/tukan_ros2_ws'
[0.140s] Level 1:colcon.colcon_core.package_identification:_identify(.) by extensions ['ignore', 'ignore_ament_install']
[0.140s] Level 1:colcon.colcon_core.package_identification:_identify(.) by extension 'ignore'
[0.140s] Level 1:colcon.colcon_core.package_identification:_identify(.) by extension 'ignore_ament_install'
[0.140s] Level 1:colcon.colcon_core.package_identification:_identify(.) by extensions ['colcon_pkg']
[0.140s] Level 1:colcon.colcon_core.package_identification:_identify(.) by extension 'colcon_pkg'
[0.140s] Level 1:colcon.colcon_core.package_identification:_identify(.) by extensions ['colcon_meta']
[0.140s] Level 1:colcon.colcon_core.package_identification:_identify(.) by extension 'colcon_meta'
[0.140s] Level 1:colcon.colcon_core.package_identification:_identify(.) by extensions ['ros']
[0.140s] Level 1:colcon.colcon_core.package_identification:_identify(.) by extension 'ros'
[0.146s] Level 1:colcon.colcon_core.package_identification:_identify(.) by extensions ['cmake', 'python']
[0.146s] Level 1:colcon.colcon_core.package_identification:_identify(.) by extension 'cmake'
[0.146s] Level 1:colcon.colcon_core.package_identification:_identify(.) by extension 'python'
[0.146s] Level 1:colcon.colcon_core.package_identification:_identify(.) by extensions ['python_setup_py']
[0.146s] Level 1:colcon.colcon_core.package_identification:_identify(.) by extension 'python_setup_py'
[0.146s] Level 1:colcon.colcon_core.package_identification:_identify(build) by extensions ['ignore', 'ignore_ament_install']
[0.146s] Level 1:colcon.colcon_core.package_identification:_identify(build) by extension 'ignore'
[0.146s] Level 1:colcon.colcon_core.package_identification:_identify(build) ignored
[0.146s] Level 1:colcon.colcon_core.package_identification:_identify(install) by extensions ['ignore', 'ignore_ament_install']
[0.146s] Level 1:colcon.colcon_core.package_identification:_identify(install) by extension 'ignore'
[0.146s] Level 1:colcon.colcon_core.package_identification:_identify(install) ignored
[0.146s] Level 1:colcon.colcon_core.package_identification:_identify(log) by extensions ['ignore', 'ignore_ament_install']
[0.147s] Level 1:colcon.colcon_core.package_identification:_identify(log) by extension 'ignore'
[0.147s] Level 1:colcon.colcon_core.package_identification:_identify(log) ignored
[0.147s] Level 1:colcon.colcon_core.package_identification:_identify(src) by extensions ['ignore', 'ignore_ament_install']
[0.147s] Level 1:colcon.colcon_core.package_identification:_identify(src) by extension 'ignore'
[0.147s] Level 1:colcon.colcon_core.package_identification:_identify(src) by extension 'ignore_ament_install'
[0.147s] Level 1:colcon.colcon_core.package_identification:_identify(src) by extensions ['colcon_pkg']
[0.147s] Level 1:colcon.colcon_core.package_identification:_identify(src) by extension 'colcon_pkg'
[0.147s] Level 1:colcon.colcon_core.package_identification:_identify(src) by extensions ['colcon_meta']
[0.147s] Level 1:colcon.colcon_core.package_identification:_identify(src) by extension 'colcon_meta'
[0.147s] Level 1:colcon.colcon_core.package_identification:_identify(src) by extensions ['ros']
[0.147s] Level 1:colcon.colcon_core.package_identification:_identify(src) by extension 'ros'
[0.147s] Level 1:colcon.colcon_core.package_identification:_identify(src) by extensions ['cmake', 'python']
[0.147s] Level 1:colcon.colcon_core.package_identification:_identify(src) by extension 'cmake'
[0.147s] Level 1:colcon.colcon_core.package_identification:_identify(src) by extension 'python'
[0.147s] Level 1:colcon.colcon_core.package_identification:_identify(src) by extensions ['python_setup_py']
[0.147s] Level 1:colcon.colcon_core.package_identification:_identify(src) by extension 'python_setup_py'
[0.147s] Level 1:colcon.colcon_core.package_identification:_identify(src/flight_manager_pkg) by extensions ['ignore', 'ignore_ament_install']
[0.147s] Level 1:colcon.colcon_core.package_identification:_identify(src/flight_manager_pkg) by extension 'ignore'
[0.147s] Level 1:colcon.colcon_core.package_identification:_identify(src/flight_manager_pkg) by extension 'ignore_ament_install'
[0.147s] Level 1:colcon.colcon_core.package_identification:_identify(src/flight_manager_pkg) by extensions ['colcon_pkg']
[0.147s] Level 1:colcon.colcon_core.package_identification:_identify(src/flight_manager_pkg) by extension 'colcon_pkg'
[0.147s] Level 1:colcon.colcon_core.package_identification:_identify(src/flight_manager_pkg) by extensions ['colcon_meta']
[0.147s] Level 1:colcon.colcon_core.package_identification:_identify(src/flight_manager_pkg) by extension 'colcon_meta'
[0.147s] Level 1:colcon.colcon_core.package_identification:_identify(src/flight_manager_pkg) by extensions ['ros']
[0.147s] Level 1:colcon.colcon_core.package_identification:_identify(src/flight_manager_pkg) by extension 'ros'
[0.151s] DEBUG:colcon.colcon_core.package_identification:Package 'src/flight_manager_pkg' with type 'ros.ament_python' and name 'flight_manager_pkg'
[0.151s] Level 1:colcon.colcon_core.package_identification:_identify(src/guardian_pkg) by extensions ['ignore', 'ignore_ament_install']
[0.151s] Level 1:colcon.colcon_core.package_identification:_identify(src/guardian_pkg) by extension 'ignore'
[0.151s] Level 1:colcon.colcon_core.package_identification:_identify(src/guardian_pkg) by extension 'ignore_ament_install'
[0.151s] Level 1:colcon.colcon_core.package_identification:_identify(src/guardian_pkg) by extensions ['colcon_pkg']
[0.151s] Level 1:colcon.colcon_core.package_identification:_identify(src/guardian_pkg) by extension 'colcon_pkg'
[0.151s] Level 1:colcon.colcon_core.package_identification:_identify(src/guardian_pkg) by extensions ['colcon_meta']
[0.151s] Level 1:colcon.colcon_core.package_identification:_identify(src/guardian_pkg) by extension 'colcon_meta'
[0.151s] Level 1:colcon.colcon_core.package_identification:_identify(src/guardian_pkg) by extensions ['ros']
[0.151s] Level 1:colcon.colcon_core.package_identification:_identify(src/guardian_pkg) by extension 'ros'
[0.151s] DEBUG:colcon.colcon_core.package_identification:Package 'src/guardian_pkg' with type 'ros.ament_python' and name 'guardian_pkg'
[0.151s] Level 1:colcon.colcon_core.package_identification:_identify(src/network_pkg) by extensions ['ignore', 'ignore_ament_install']
[0.151s] Level 1:colcon.colcon_core.package_identification:_identify(src/network_pkg) by extension 'ignore'
[0.151s] Level 1:colcon.colcon_core.package_identification:_identify(src/network_pkg) by extension 'ignore_ament_install'
[0.151s] Level 1:colcon.colcon_core.package_identification:_identify(src/network_pkg) by extensions ['colcon_pkg']
[0.151s] Level 1:colcon.colcon_core.package_identification:_identify(src/network_pkg) by extension 'colcon_pkg'
[0.151s] Level 1:colcon.colcon_core.package_identification:_identify(src/network_pkg) by extensions ['colcon_meta']
[0.151s] Level 1:colcon.colcon_core.package_identification:_identify(src/network_pkg) by extension 'colcon_meta'
[0.151s] Level 1:colcon.colcon_core.package_identification:_identify(src/network_pkg) by extensions ['ros']
[0.151s] Level 1:colcon.colcon_core.package_identification:_identify(src/network_pkg) by extension 'ros'
[0.152s] DEBUG:colcon.colcon_core.package_identification:Package 'src/network_pkg' with type 'ros.ament_python' and name 'network_pkg'
[0.152s] Level 1:colcon.colcon_core.package_identification:_identify(src/px4_interface_pkg) by extensions ['ignore', 'ignore_ament_install']
[0.152s] Level 1:colcon.colcon_core.package_identification:_identify(src/px4_interface_pkg) by extension 'ignore'
[0.152s] Level 1:colcon.colcon_core.package_identification:_identify(src/px4_interface_pkg) by extension 'ignore_ament_install'
[0.152s] Level 1:colcon.colcon_core.package_identification:_identify(src/px4_interface_pkg) by extensions ['colcon_pkg']
[0.152s] Level 1:colcon.colcon_core.package_identification:_identify(src/px4_interface_pkg) by extension 'colcon_pkg'
[0.152s] Level 1:colcon.colcon_core.package_identification:_identify(src/px4_interface_pkg) by extensions ['colcon_meta']
[0.152s] Level 1:colcon.colcon_core.package_identification:_identify(src/px4_interface_pkg) by extension 'colcon_meta'
[0.152s] Level 1:colcon.colcon_core.package_identification:_identify(src/px4_interface_pkg) by extensions ['ros']
[0.152s] Level 1:colcon.colcon_core.package_identification:_identify(src/px4_interface_pkg) by extension 'ros'
[0.152s] DEBUG:colcon.colcon_core.package_identification:Package 'src/px4_interface_pkg' with type 'ros.ament_python' and name 'px4_interface_pkg'
[0.152s] Level 1:colcon.colcon_core.package_identification:_identify(src/tracking_system_pkg) by extensions ['ignore', 'ignore_ament_install']
[0.152s] Level 1:colcon.colcon_core.package_identification:_identify(src/tracking_system_pkg) by extension 'ignore'
[0.152s] Level 1:colcon.colcon_core.package_identification:_identify(src/tracking_system_pkg) by extension 'ignore_ament_install'
[0.152s] Level 1:colcon.colcon_core.package_identification:_identify(src/tracking_system_pkg) by extensions ['colcon_pkg']
[0.152s] Level 1:colcon.colcon_core.package_identification:_identify(src/tracking_system_pkg) by extension 'colcon_pkg'
[0.152s] Level 1:colcon.colcon_core.package_identification:_identify(src/tracking_system_pkg) by extensions ['colcon_meta']
[0.152s] Level 1:colcon.colcon_core.package_identification:_identify(src/tracking_system_pkg) by extension 'colcon_meta'
[0.152s] Level 1:colcon.colcon_core.package_identification:_identify(src/tracking_system_pkg) by extensions ['ros']
[0.152s] Level 1:colcon.colcon_core.package_identification:_identify(src/tracking_system_pkg) by extension 'ros'
[0.153s] DEBUG:colcon.colcon_core.package_identification:Package 'src/tracking_system_pkg' with type 'ros.ament_python' and name 'tracking_system_pkg'
[0.153s] Level 1:colcon.colcon_core.package_identification:_identify(src/uav_server_pkg) by extensions ['ignore', 'ignore_ament_install']
[0.153s] Level 1:colcon.colcon_core.package_identification:_identify(src/uav_server_pkg) by extension 'ignore'
[0.153s] Level 1:colcon.colcon_core.package_identification:_identify(src/uav_server_pkg) by extension 'ignore_ament_install'
[0.153s] Level 1:colcon.colcon_core.package_identification:_identify(src/uav_server_pkg) by extensions ['colcon_pkg']
[0.153s] Level 1:colcon.colcon_core.package_identification:_identify(src/uav_server_pkg) by extension 'colcon_pkg'
[0.153s] Level 1:colcon.colcon_core.package_identification:_identify(src/uav_server_pkg) by extensions ['colcon_meta']
[0.153s] Level 1:colcon.colcon_core.package_identification:_identify(src/uav_server_pkg) by extension 'colcon_meta'
[0.153s] Level 1:colcon.colcon_core.package_identification:_identify(src/uav_server_pkg) by extensions ['ros']
[0.153s] Level 1:colcon.colcon_core.package_identification:_identify(src/uav_server_pkg) by extension 'ros'
[0.153s] DEBUG:colcon.colcon_core.package_identification:Package 'src/uav_server_pkg' with type 'ros.ament_python' and name 'uav_server_pkg'
[0.153s] Level 1:colcon.colcon_core.package_identification:_identify(src/vision_pkg) by extensions ['ignore', 'ignore_ament_install']
[0.153s] Level 1:colcon.colcon_core.package_identification:_identify(src/vision_pkg) by extension 'ignore'
[0.153s] Level 1:colcon.colcon_core.package_identification:_identify(src/vision_pkg) by extension 'ignore_ament_install'
[0.153s] Level 1:colcon.colcon_core.package_identification:_identify(src/vision_pkg) by extensions ['colcon_pkg']
[0.153s] Level 1:colcon.colcon_core.package_identification:_identify(src/vision_pkg) by extension 'colcon_pkg'
[0.153s] Level 1:colcon.colcon_core.package_identification:_identify(src/vision_pkg) by extensions ['colcon_meta']
[0.153s] Level 1:colcon.colcon_core.package_identification:_identify(src/vision_pkg) by extension 'colcon_meta'
[0.153s] Level 1:colcon.colcon_core.package_identification:_identify(src/vision_pkg) by extensions ['ros']
[0.153s] Level 1:colcon.colcon_core.package_identification:_identify(src/vision_pkg) by extension 'ros'
[0.153s] DEBUG:colcon.colcon_core.package_identification:Package 'src/vision_pkg' with type 'ros.ament_python' and name 'vision_pkg'
[0.153s] Level 1:colcon.colcon_core.package_discovery:discover_packages(recursive) using defaults
[0.154s] Level 1:colcon.colcon_core.package_discovery:discover_packages(ignore) discover
[0.154s] Level 1:colcon.colcon_core.package_discovery:discover_packages(ignore) using defaults
[0.154s] Level 1:colcon.colcon_core.package_discovery:discover_packages(path) discover
[0.154s] Level 1:colcon.colcon_core.package_discovery:discover_packages(path) using defaults
[0.163s] Level 1:colcon.colcon_core.package_discovery:discover_packages(prefix_path) check parameters
[0.163s] Level 1:colcon.colcon_core.package_discovery:discover_packages(prefix_path) discover
[0.164s] DEBUG:colcon.colcon_installed_package_information.package_discovery:Found 271 installed packages in /opt/ros/humble
[0.165s] Level 1:colcon.colcon_core.package_discovery:discover_packages(prefix_path) using defaults
[0.183s] Level 5:colcon.colcon_core.verb:set package 'flight_manager_pkg' build argument 'cmake_args' from command line to 'None'
[0.183s] Level 5:colcon.colcon_core.verb:set package 'flight_manager_pkg' build argument 'cmake_target' from command line to 'None'
[0.183s] Level 5:colcon.colcon_core.verb:set package 'flight_manager_pkg' build argument 'cmake_target_skip_unavailable' from command line to 'False'
[0.183s] Level 5:colcon.colcon_core.verb:set package 'flight_manager_pkg' build argument 'cmake_clean_cache' from command line to 'False'
[0.183s] Level 5:colcon.colcon_core.verb:set package 'flight_manager_pkg' build argument 'cmake_clean_first' from command line to 'False'
[0.183s] Level 5:colcon.colcon_core.verb:set package 'flight_manager_pkg' build argument 'cmake_force_configure' from command line to 'False'
[0.183s] Level 5:colcon.colcon_core.verb:set package 'flight_manager_pkg' build argument 'ament_cmake_args' from command line to 'None'
[0.183s] Level 5:colcon.colcon_core.verb:set package 'flight_manager_pkg' build argument 'catkin_cmake_args' from command line to 'None'
[0.183s] Level 5:colcon.colcon_core.verb:set package 'flight_manager_pkg' build argument 'catkin_skip_building_tests' from command line to 'False'
[0.183s] DEBUG:colcon.colcon_core.verb:Building package 'flight_manager_pkg' with the following arguments: {'ament_cmake_args': None, 'build_base': '/home/yigit/tukan_ros2_ws/build/flight_manager_pkg', 'catkin_cmake_args': None, 'catkin_skip_building_tests': False, 'cmake_args': None, 'cmake_clean_cache': False, 'cmake_clean_first': False, 'cmake_force_configure': False, 'cmake_target': None, 'cmake_target_skip_unavailable': False, 'install_base': '/home/yigit/tukan_ros2_ws/install/flight_manager_pkg', 'merge_install': False, 'path': '/home/yigit/tukan_ros2_ws/src/flight_manager_pkg', 'symlink_install': False, 'test_result_base': None}
[0.183s] Level 5:colcon.colcon_core.verb:set package 'guardian_pkg' build argument 'cmake_args' from command line to 'None'
[0.183s] Level 5:colcon.colcon_core.verb:set package 'guardian_pkg' build argument 'cmake_target' from command line to 'None'
[0.183s] Level 5:colcon.colcon_core.verb:set package 'guardian_pkg' build argument 'cmake_target_skip_unavailable' from command line to 'False'
[0.183s] Level 5:colcon.colcon_core.verb:set package 'guardian_pkg' build argument 'cmake_clean_cache' from command line to 'False'
[0.183s] Level 5:colcon.colcon_core.verb:set package 'guardian_pkg' build argument 'cmake_clean_first' from command line to 'False'
[0.183s] Level 5:colcon.colcon_core.verb:set package 'guardian_pkg' build argument 'cmake_force_configure' from command line to 'False'
[0.183s] Level 5:colcon.colcon_core.verb:set package 'guardian_pkg' build argument 'ament_cmake_args' from command line to 'None'
[0.183s] Level 5:colcon.colcon_core.verb:set package 'guardian_pkg' build argument 'catkin_cmake_args' from command line to 'None'
[0.183s] Level 5:colcon.colcon_core.verb:set package 'guardian_pkg' build argument 'catkin_skip_building_tests' from command line to 'False'
[0.183s] DEBUG:colcon.colcon_core.verb:Building package 'guardian_pkg' with the following arguments: {'ament_cmake_args': None, 'build_base': '/home/yigit/tukan_ros2_ws/build/guardian_pkg', 'catkin_cmake_args': None, 'catkin_skip_building_tests': False, 'cmake_args': None, 'cmake_clean_cache': False, 'cmake_clean_first': False, 'cmake_force_configure': False, 'cmake_target': None, 'cmake_target_skip_unavailable': False, 'install_base': '/home/yigit/tukan_ros2_ws/install/guardian_pkg', 'merge_install': False, 'path': '/home/yigit/tukan_ros2_ws/src/guardian_pkg', 'symlink_install': False, 'test_result_base': None}
[0.184s] Level 5:colcon.colcon_core.verb:set package 'network_pkg' build argument 'cmake_args' from command line to 'None'
[0.184s] Level 5:colcon.colcon_core.verb:set package 'network_pkg' build argument 'cmake_target' from command line to 'None'
[0.184s] Level 5:colcon.colcon_core.verb:set package 'network_pkg' build argument 'cmake_target_skip_unavailable' from command line to 'False'
[0.184s] Level 5:colcon.colcon_core.verb:set package 'network_pkg' build argument 'cmake_clean_cache' from command line to 'False'
[0.184s] Level 5:colcon.colcon_core.verb:set package 'network_pkg' build argument 'cmake_clean_first' from command line to 'False'
[0.184s] Level 5:colcon.colcon_core.verb:set package 'network_pkg' build argument 'cmake_force_configure' from command line to 'False'
[0.184s] Level 5:colcon.colcon_core.verb:set package 'network_pkg' build argument 'ament_cmake_args' from command line to 'None'
[0.184s] Level 5:colcon.colcon_core.verb:set package 'network_pkg' build argument 'catkin_cmake_args' from command line to 'None'
[0.184s] Level 5:colcon.colcon_core.verb:set package 'network_pkg' build argument 'catkin_skip_building_tests' from command line to 'False'
[0.184s] DEBUG:colcon.colcon_core.verb:Building package 'network_pkg' with the following arguments: {'ament_cmake_args': None, 'build_base': '/home/yigit/tukan_ros2_ws/build/network_pkg', 'catkin_cmake_args': None, 'catkin_skip_building_tests': False, 'cmake_args': None, 'cmake_clean_cache': False, 'cmake_clean_first': False, 'cmake_force_configure': False, 'cmake_target': None, 'cmake_target_skip_unavailable': False, 'install_base': '/home/yigit/tukan_ros2_ws/install/network_pkg', 'merge_install': False, 'path': '/home/yigit/tukan_ros2_ws/src/network_pkg', 'symlink_install': False, 'test_result_base': None}
[0.184s] Level 5:colcon.colcon_core.verb:set package 'px4_interface_pkg' build argument 'cmake_args' from command line to 'None'
[0.184s] Level 5:colcon.colcon_core.verb:set package 'px4_interface_pkg' build argument 'cmake_target' from command line to 'None'
[0.184s] Level 5:colcon.colcon_core.verb:set package 'px4_interface_pkg' build argument 'cmake_target_skip_unavailable' from command line to 'False'
[0.184s] Level 5:colcon.colcon_core.verb:set package 'px4_interface_pkg' build argument 'cmake_clean_cache' from command line to 'False'
[0.184s] Level 5:colcon.colcon_core.verb:set package 'px4_interface_pkg' build argument 'cmake_clean_first' from command line to 'False'
[0.184s] Level 5:colcon.colcon_core.verb:set package 'px4_interface_pkg' build argument 'cmake_force_configure' from command line to 'False'
[0.184s] Level 5:colcon.colcon_core.verb:set package 'px4_interface_pkg' build argument 'ament_cmake_args' from command line to 'None'
[0.184s] Level 5:colcon.colcon_core.verb:set package 'px4_interface_pkg' build argument 'catkin_cmake_args' from command line to 'None'
[0.184s] Level 5:colcon.colcon_core.verb:set package 'px4_interface_pkg' build argument 'catkin_skip_building_tests' from command line to 'False'
[0.184s] DEBUG:colcon.colcon_core.verb:Building package 'px4_interface_pkg' with the following arguments: {'ament_cmake_args': None, 'build_base': '/home/yigit/tukan_ros2_ws/build/px4_interface_pkg', 'catkin_cmake_args': None, 'catkin_skip_building_tests': False, 'cmake_args': None, 'cmake_clean_cache': False, 'cmake_clean_first': False, 'cmake_force_configure': False, 'cmake_target': None, 'cmake_target_skip_unavailable': False, 'install_base': '/home/yigit/tukan_ros2_ws/install/px4_interface_pkg', 'merge_install': False, 'path': '/home/yigit/tukan_ros2_ws/src/px4_interface_pkg', 'symlink_install': False, 'test_result_base': None}
[0.184s] Level 5:colcon.colcon_core.verb:set package 'tracking_system_pkg' build argument 'cmake_args' from command line to 'None'
[0.184s] Level 5:colcon.colcon_core.verb:set package 'tracking_system_pkg' build argument 'cmake_target' from command line to 'None'
[0.184s] Level 5:colcon.colcon_core.verb:set package 'tracking_system_pkg' build argument 'cmake_target_skip_unavailable' from command line to 'False'
[0.184s] Level 5:colcon.colcon_core.verb:set package 'tracking_system_pkg' build argument 'cmake_clean_cache' from command line to 'False'
[0.184s] Level 5:colcon.colcon_core.verb:set package 'tracking_system_pkg' build argument 'cmake_clean_first' from command line to 'False'
[0.184s] Level 5:colcon.colcon_core.verb:set package 'tracking_system_pkg' build argument 'cmake_force_configure' from command line to 'False'
[0.184s] Level 5:colcon.colcon_core.verb:set package 'tracking_system_pkg' build argument 'ament_cmake_args' from command line to 'None'
[0.184s] Level 5:colcon.colcon_core.verb:set package 'tracking_system_pkg' build argument 'catkin_cmake_args' from command line to 'None'
[0.184s] Level 5:colcon.colcon_core.verb:set package 'tracking_system_pkg' build argument 'catkin_skip_building_tests' from command line to 'False'
[0.184s] DEBUG:colcon.colcon_core.verb:Building package 'tracking_system_pkg' with the following arguments: {'ament_cmake_args': None, 'build_base': '/home/yigit/tukan_ros2_ws/build/tracking_system_pkg', 'catkin_cmake_args': None, 'catkin_skip_building_tests': False, 'cmake_args': None, 'cmake_clean_cache': False, 'cmake_clean_first': False, 'cmake_force_configure': False, 'cmake_target': None, 'cmake_target_skip_unavailable': False, 'install_base': '/home/yigit/tukan_ros2_ws/install/tracking_system_pkg', 'merge_install': False, 'path': '/home/yigit/tukan_ros2_ws/src/tracking_system_pkg', 'symlink_install': False, 'test_result_base': None}
[0.184s] Level 5:colcon.colcon_core.verb:set package 'uav_server_pkg' build argument 'cmake_args' from command line to 'None'
[0.184s] Level 5:colcon.colcon_core.verb:set package 'uav_server_pkg' build argument 'cmake_target' from command line to 'None'
[0.184s] Level 5:colcon.colcon_core.verb:set package 'uav_server_pkg' build argument 'cmake_target_skip_unavailable' from command line to 'False'
[0.184s] Level 5:colcon.colcon_core.verb:set package 'uav_server_pkg' build argument 'cmake_clean_cache' from command line to 'False'
[0.184s] Level 5:colcon.colcon_core.verb:set package 'uav_server_pkg' build argument 'cmake_clean_first' from command line to 'False'
[0.184s] Level 5:colcon.colcon_core.verb:set package 'uav_server_pkg' build argument 'cmake_force_configure' from command line to 'False'
[0.184s] Level 5:colcon.colcon_core.verb:set package 'uav_server_pkg' build argument 'ament_cmake_args' from command line to 'None'
[0.184s] Level 5:colcon.colcon_core.verb:set package 'uav_server_pkg' build argument 'catkin_cmake_args' from command line to 'None'
[0.184s] Level 5:colcon.colcon_core.verb:set package 'uav_server_pkg' build argument 'catkin_skip_building_tests' from command line to 'False'
[0.184s] DEBUG:colcon.colcon_core.verb:Building package 'uav_server_pkg' with the following arguments: {'ament_cmake_args': None, 'build_base': '/home/yigit/tukan_ros2_ws/build/uav_server_pkg', 'catkin_cmake_args': None, 'catkin_skip_building_tests': False, 'cmake_args': None, 'cmake_clean_cache': False, 'cmake_clean_first': False, 'cmake_force_configure': False, 'cmake_target': None, 'cmake_target_skip_unavailable': False, 'install_base': '/home/yigit/tukan_ros2_ws/install/uav_server_pkg', 'merge_install': False, 'path': '/home/yigit/tukan_ros2_ws/src/uav_server_pkg', 'symlink_install': False, 'test_result_base': None}
[0.184s] Level 5:colcon.colcon_core.verb:set package 'vision_pkg' build argument 'cmake_args' from command line to 'None'
[0.184s] Level 5:colcon.colcon_core.verb:set package 'vision_pkg' build argument 'cmake_target' from command line to 'None'
[0.185s] Level 5:colcon.colcon_core.verb:set package 'vision_pkg' build argument 'cmake_target_skip_unavailable' from command line to 'False'
[0.185s] Level 5:colcon.colcon_core.verb:set package 'vision_pkg' build argument 'cmake_clean_cache' from command line to 'False'
[0.185s] Level 5:colcon.colcon_core.verb:set package 'vision_pkg' build argument 'cmake_clean_first' from command line to 'False'
[0.185s] Level 5:colcon.colcon_core.verb:set package 'vision_pkg' build argument 'cmake_force_configure' from command line to 'False'
[0.185s] Level 5:colcon.colcon_core.verb:set package 'vision_pkg' build argument 'ament_cmake_args' from command line to 'None'
[0.185s] Level 5:colcon.colcon_core.verb:set package 'vision_pkg' build argument 'catkin_cmake_args' from command line to 'None'
[0.185s] Level 5:colcon.colcon_core.verb:set package 'vision_pkg' build argument 'catkin_skip_building_tests' from command line to 'False'
[0.185s] DEBUG:colcon.colcon_core.verb:Building package 'vision_pkg' with the following arguments: {'ament_cmake_args': None, 'build_base': '/home/yigit/tukan_ros2_ws/build/vision_pkg', 'catkin_cmake_args': None, 'catkin_skip_building_tests': False, 'cmake_args': None, 'cmake_clean_cache': False, 'cmake_clean_first': False, 'cmake_force_configure': False, 'cmake_target': None, 'cmake_target_skip_unavailable': False, 'install_base': '/home/yigit/tukan_ros2_ws/install/vision_pkg', 'merge_install': False, 'path': '/home/yigit/tukan_ros2_ws/src/vision_pkg', 'symlink_install': False, 'test_result_base': None}
[0.185s] INFO:colcon.colcon_core.executor:Executing jobs using 'parallel' executor
[0.185s] DEBUG:colcon.colcon_parallel_executor.executor.parallel:run_until_complete
[0.185s] INFO:colcon.colcon_ros.task.ament_python.build:Building ROS package in '/home/yigit/tukan_ros2_ws/src/flight_manager_pkg' with build type 'ament_python'
[0.185s] Level 1:colcon.colcon_core.shell:create_environment_hook('flight_manager_pkg', 'ament_prefix_path')
[0.191s] INFO:colcon.colcon_core.plugin_system:Skipping extension 'colcon_core.shell.bat': Not used on non-Windows systems
[0.191s] INFO:colcon.colcon_core.shell:Creating environment hook '/home/yigit/tukan_ros2_ws/install/flight_manager_pkg/share/flight_manager_pkg/hook/ament_prefix_path.ps1'
[0.191s] INFO:colcon.colcon_core.shell:Creating environment descriptor '/home/yigit/tukan_ros2_ws/install/flight_manager_pkg/share/flight_manager_pkg/hook/ament_prefix_path.dsv'
[0.192s] INFO:colcon.colcon_core.shell:Creating environment hook '/home/yigit/tukan_ros2_ws/install/flight_manager_pkg/share/flight_manager_pkg/hook/ament_prefix_path.sh'
[0.192s] INFO:colcon.colcon_core.shell:Skip shell extension 'powershell' for command environment: Not usable outside of PowerShell
[0.192s] DEBUG:colcon.colcon_core.shell:Skip shell extension 'dsv' for command environment
[0.194s] INFO:colcon.colcon_ros.task.ament_python.build:Building ROS package in '/home/yigit/tukan_ros2_ws/src/guardian_pkg' with build type 'ament_python'
[0.194s] Level 1:colcon.colcon_core.shell:create_environment_hook('guardian_pkg', 'ament_prefix_path')
[0.194s] INFO:colcon.colcon_core.shell:Creating environment hook '/home/yigit/tukan_ros2_ws/install/guardian_pkg/share/guardian_pkg/hook/ament_prefix_path.ps1'
[0.194s] INFO:colcon.colcon_core.shell:Creating environment descriptor '/home/yigit/tukan_ros2_ws/install/guardian_pkg/share/guardian_pkg/hook/ament_prefix_path.dsv'
[0.195s] INFO:colcon.colcon_core.shell:Creating environment hook '/home/yigit/tukan_ros2_ws/install/guardian_pkg/share/guardian_pkg/hook/ament_prefix_path.sh'
[0.195s] INFO:colcon.colcon_core.shell:Skip shell extension 'powershell' for command environment: Not usable outside of PowerShell
[0.195s] DEBUG:colcon.colcon_core.shell:Skip shell extension 'dsv' for command environment
[0.197s] INFO:colcon.colcon_ros.task.ament_python.build:Building ROS package in '/home/yigit/tukan_ros2_ws/src/network_pkg' with build type 'ament_python'
[0.197s] Level 1:colcon.colcon_core.shell:create_environment_hook('network_pkg', 'ament_prefix_path')
[0.197s] INFO:colcon.colcon_core.shell:Creating environment hook '/home/yigit/tukan_ros2_ws/install/network_pkg/share/network_pkg/hook/ament_prefix_path.ps1'
[0.197s] INFO:colcon.colcon_core.shell:Creating environment descriptor '/home/yigit/tukan_ros2_ws/install/network_pkg/share/network_pkg/hook/ament_prefix_path.dsv'
[0.197s] INFO:colcon.colcon_core.shell:Creating environment hook '/home/yigit/tukan_ros2_ws/install/network_pkg/share/network_pkg/hook/ament_prefix_path.sh'
[0.198s] INFO:colcon.colcon_core.shell:Skip shell extension 'powershell' for command environment: Not usable outside of PowerShell
[0.198s] DEBUG:colcon.colcon_core.shell:Skip shell extension 'dsv' for command environment
[0.199s] INFO:colcon.colcon_ros.task.ament_python.build:Building ROS package in '/home/yigit/tukan_ros2_ws/src/px4_interface_pkg' with build type 'ament_python'
[0.199s] Level 1:colcon.colcon_core.shell:create_environment_hook('px4_interface_pkg', 'ament_prefix_path')
[0.199s] INFO:colcon.colcon_core.shell:Creating environment hook '/home/yigit/tukan_ros2_ws/install/px4_interface_pkg/share/px4_interface_pkg/hook/ament_prefix_path.ps1'
[0.199s] INFO:colcon.colcon_core.shell:Creating environment descriptor '/home/yigit/tukan_ros2_ws/install/px4_interface_pkg/share/px4_interface_pkg/hook/ament_prefix_path.dsv'
[0.199s] INFO:colcon.colcon_core.shell:Creating environment hook '/home/yigit/tukan_ros2_ws/install/px4_interface_pkg/share/px4_interface_pkg/hook/ament_prefix_path.sh'
[0.200s] INFO:colcon.colcon_core.shell:Skip shell extension 'powershell' for command environment: Not usable outside of PowerShell
[0.200s] DEBUG:colcon.colcon_core.shell:Skip shell extension 'dsv' for command environment
[0.202s] INFO:colcon.colcon_ros.task.ament_python.build:Building ROS package in '/home/yigit/tukan_ros2_ws/src/tracking_system_pkg' with build type 'ament_python'
[0.202s] Level 1:colcon.colcon_core.shell:create_environment_hook('tracking_system_pkg', 'ament_prefix_path')
[0.202s] INFO:colcon.colcon_core.shell:Creating environment hook '/home/yigit/tukan_ros2_ws/install/tracking_system_pkg/share/tracking_system_pkg/hook/ament_prefix_path.ps1'
[0.203s] INFO:colcon.colcon_core.shell:Creating environment descriptor '/home/yigit/tukan_ros2_ws/install/tracking_system_pkg/share/tracking_system_pkg/hook/ament_prefix_path.dsv'
[0.203s] INFO:colcon.colcon_core.shell:Creating environment hook '/home/yigit/tukan_ros2_ws/install/tracking_system_pkg/share/tracking_system_pkg/hook/ament_prefix_path.sh'
[0.203s] INFO:colcon.colcon_core.shell:Skip shell extension 'powershell' for command environment: Not usable outside of PowerShell
[0.203s] DEBUG:colcon.colcon_core.shell:Skip shell extension 'dsv' for command environment
[0.205s] INFO:colcon.colcon_ros.task.ament_python.build:Building ROS package in '/home/yigit/tukan_ros2_ws/src/uav_server_pkg' with build type 'ament_python'
[0.205s] Level 1:colcon.colcon_core.shell:create_environment_hook('uav_server_pkg', 'ament_prefix_path')
[0.205s] INFO:colcon.colcon_core.shell:Creating environment hook '/home/yigit/tukan_ros2_ws/install/uav_server_pkg/share/uav_server_pkg/hook/ament_prefix_path.ps1'
[0.205s] INFO:colcon.colcon_core.shell:Creating environment descriptor '/home/yigit/tukan_ros2_ws/install/uav_server_pkg/share/uav_server_pkg/hook/ament_prefix_path.dsv'
[0.205s] INFO:colcon.colcon_core.shell:Creating environment hook '/home/yigit/tukan_ros2_ws/install/uav_server_pkg/share/uav_server_pkg/hook/ament_prefix_path.sh'
[0.205s] INFO:colcon.colcon_core.shell:Skip shell extension 'powershell' for command environment: Not usable outside of PowerShell
[0.205s] DEBUG:colcon.colcon_core.shell:Skip shell extension 'dsv' for command environment
[0.207s] INFO:colcon.colcon_ros.task.ament_python.build:Building ROS package in '/home/yigit/tukan_ros2_ws/src/vision_pkg' with build type 'ament_python'
[0.207s] Level 1:colcon.colcon_core.shell:create_environment_hook('vision_pkg', 'ament_prefix_path')
[0.207s] INFO:colcon.colcon_core.shell:Creating environment hook '/home/yigit/tukan_ros2_ws/install/vision_pkg/share/vision_pkg/hook/ament_prefix_path.ps1'
[0.207s] INFO:colcon.colcon_core.shell:Creating environment descriptor '/home/yigit/tukan_ros2_ws/install/vision_pkg/share/vision_pkg/hook/ament_prefix_path.dsv'
[0.207s] INFO:colcon.colcon_core.shell:Creating environment hook '/home/yigit/tukan_ros2_ws/install/vision_pkg/share/vision_pkg/hook/ament_prefix_path.sh'
[0.208s] INFO:colcon.colcon_core.shell:Skip shell extension 'powershell' for command environment: Not usable outside of PowerShell
[0.208s] DEBUG:colcon.colcon_core.shell:Skip shell extension 'dsv' for command environment
[0.342s] INFO:colcon.colcon_core.task.python.build:Building Python package in '/home/yigit/tukan_ros2_ws/src/flight_manager_pkg'
[0.342s] INFO:colcon.colcon_core.shell:Skip shell extension 'powershell' for command environment: Not usable outside of PowerShell
[0.342s] DEBUG:colcon.colcon_core.shell:Skip shell extension 'dsv' for command environment
[0.473s] INFO:colcon.colcon_core.task.python.build:Building Python package in '/home/yigit/tukan_ros2_ws/src/guardian_pkg'
[0.473s] INFO:colcon.colcon_core.shell:Skip shell extension 'powershell' for command environment: Not usable outside of PowerShell
[0.473s] DEBUG:colcon.colcon_core.shell:Skip shell extension 'dsv' for command environment
[0.606s] INFO:colcon.colcon_core.task.python.build:Building Python package in '/home/yigit/tukan_ros2_ws/src/network_pkg'
[0.606s] INFO:colcon.colcon_core.shell:Skip shell extension 'powershell' for command environment: Not usable outside of PowerShell
[0.606s] DEBUG:colcon.colcon_core.shell:Skip shell extension 'dsv' for command environment
[0.738s] INFO:colcon.colcon_core.task.python.build:Building Python package in '/home/yigit/tukan_ros2_ws/src/px4_interface_pkg'
[0.739s] INFO:colcon.colcon_core.shell:Skip shell extension 'powershell' for command environment: Not usable outside of PowerShell
[0.739s] DEBUG:colcon.colcon_core.shell:Skip shell extension 'dsv' for command environment
[0.867s] INFO:colcon.colcon_core.task.python.build:Building Python package in '/home/yigit/tukan_ros2_ws/src/tracking_system_pkg'
[0.867s] INFO:colcon.colcon_core.shell:Skip shell extension 'powershell' for command environment: Not usable outside of PowerShell
[0.867s] DEBUG:colcon.colcon_core.shell:Skip shell extension 'dsv' for command environment
[0.999s] INFO:colcon.colcon_core.task.python.build:Building Python package in '/home/yigit/tukan_ros2_ws/src/uav_server_pkg'
[0.999s] INFO:colcon.colcon_core.shell:Skip shell extension 'powershell' for command environment: Not usable outside of PowerShell
[0.999s] DEBUG:colcon.colcon_core.shell:Skip shell extension 'dsv' for command environment
[1.134s] INFO:colcon.colcon_core.task.python.build:Building Python package in '/home/yigit/tukan_ros2_ws/src/vision_pkg'
[1.135s] INFO:colcon.colcon_core.shell:Skip shell extension 'powershell' for command environment: Not usable outside of PowerShell
[1.135s] DEBUG:colcon.colcon_core.shell:Skip shell extension 'dsv' for command environment
[1.334s] DEBUG:colcon.colcon_core.event_handler.log_command:Invoking command in '/home/yigit/tukan_ros2_ws/src/vision_pkg': PYTHONPATH=/home/yigit/tukan_ros2_ws/build/vision_pkg/prefix_override:/usr/lib/python3/dist-packages/colcon_core/task/python/colcon_distutils_commands:/home/yigit/tukan_ros2_ws/install/vision_pkg/lib/python3.10/site-packages:${PYTHONPATH} /usr/bin/python3 -W ignore:setup.py install is deprecated -W ignore:easy_install command is deprecated setup.py egg_info --egg-base ../../build/vision_pkg build --build-base /home/yigit/tukan_ros2_ws/build/vision_pkg/build install --record /home/yigit/tukan_ros2_ws/build/vision_pkg/install.log --single-version-externally-managed install_data
[1.337s] DEBUG:colcon.colcon_core.event_handler.log_command:Invoking command in '/home/yigit/tukan_ros2_ws/src/tracking_system_pkg': PYTHONPATH=/home/yigit/tukan_ros2_ws/build/tracking_system_pkg/prefix_override:/usr/lib/python3/dist-packages/colcon_core/task/python/colcon_distutils_commands:/home/yigit/tukan_ros2_ws/install/tracking_system_pkg/lib/python3.10/site-packages:${PYTHONPATH} /usr/bin/python3 -W ignore:setup.py install is deprecated -W ignore:easy_install command is deprecated setup.py egg_info --egg-base ../../build/tracking_system_pkg build --build-base /home/yigit/tukan_ros2_ws/build/tracking_system_pkg/build install --record /home/yigit/tukan_ros2_ws/build/tracking_system_pkg/install.log --single-version-externally-managed install_data
[1.338s] DEBUG:colcon.colcon_core.event_handler.log_command:Invoking command in '/home/yigit/tukan_ros2_ws/src/px4_interface_pkg': PYTHONPATH=/home/yigit/tukan_ros2_ws/build/px4_interface_pkg/prefix_override:/usr/lib/python3/dist-packages/colcon_core/task/python/colcon_distutils_commands:/home/yigit/tukan_ros2_ws/install/px4_interface_pkg/lib/python3.10/site-packages:${PYTHONPATH} /usr/bin/python3 -W ignore:setup.py install is deprecated -W ignore:easy_install command is deprecated setup.py egg_info --egg-base ../../build/px4_interface_pkg build --build-base /home/yigit/tukan_ros2_ws/build/px4_interface_pkg/build install --record /home/yigit/tukan_ros2_ws/build/px4_interface_pkg/install.log --single-version-externally-managed install_data
[1.340s] DEBUG:colcon.colcon_core.event_handler.log_command:Invoking command in '/home/yigit/tukan_ros2_ws/src/flight_manager_pkg': PYTHONPATH=/home/yigit/tukan_ros2_ws/build/flight_manager_pkg/prefix_override:/usr/lib/python3/dist-packages/colcon_core/task/python/colcon_distutils_commands:/home/yigit/tukan_ros2_ws/install/flight_manager_pkg/lib/python3.10/site-packages:${PYTHONPATH} /usr/bin/python3 -W ignore:setup.py install is deprecated -W ignore:easy_install command is deprecated setup.py egg_info --egg-base ../../build/flight_manager_pkg build --build-base /home/yigit/tukan_ros2_ws/build/flight_manager_pkg/build install --record /home/yigit/tukan_ros2_ws/build/flight_manager_pkg/install.log --single-version-externally-managed install_data
[1.341s] DEBUG:colcon.colcon_core.event_handler.log_command:Invoking command in '/home/yigit/tukan_ros2_ws/src/uav_server_pkg': PYTHONPATH=/home/yigit/tukan_ros2_ws/build/uav_server_pkg/prefix_override:/usr/lib/python3/dist-packages/colcon_core/task/python/colcon_distutils_commands:/home/yigit/tukan_ros2_ws/install/uav_server_pkg/lib/python3.10/site-packages:${PYTHONPATH} /usr/bin/python3 -W ignore:setup.py install is deprecated -W ignore:easy_install command is deprecated setup.py egg_info --egg-base ../../build/uav_server_pkg build --build-base /home/yigit/tukan_ros2_ws/build/uav_server_pkg/build install --record /home/yigit/tukan_ros2_ws/build/uav_server_pkg/install.log --single-version-externally-managed install_data
[1.343s] DEBUG:colcon.colcon_core.event_handler.log_command:Invoking command in '/home/yigit/tukan_ros2_ws/src/guardian_pkg': PYTHONPATH=/home/yigit/tukan_ros2_ws/build/guardian_pkg/prefix_override:/usr/lib/python3/dist-packages/colcon_core/task/python/colcon_distutils_commands:/home/yigit/tukan_ros2_ws/install/guardian_pkg/lib/python3.10/site-packages:${PYTHONPATH} /usr/bin/python3 -W ignore:setup.py install is deprecated -W ignore:easy_install command is deprecated setup.py egg_info --egg-base ../../build/guardian_pkg build --build-base /home/yigit/tukan_ros2_ws/build/guardian_pkg/build install --record /home/yigit/tukan_ros2_ws/build/guardian_pkg/install.log --single-version-externally-managed install_data
[1.343s] DEBUG:colcon.colcon_core.event_handler.log_command:Invoking command in '/home/yigit/tukan_ros2_ws/src/network_pkg': PYTHONPATH=/home/yigit/tukan_ros2_ws/build/network_pkg/prefix_override:/usr/lib/python3/dist-packages/colcon_core/task/python/colcon_distutils_commands:/home/yigit/tukan_ros2_ws/install/network_pkg/lib/python3.10/site-packages:${PYTHONPATH} /usr/bin/python3 -W ignore:setup.py install is deprecated -W ignore:easy_install command is deprecated setup.py egg_info --egg-base ../../build/network_pkg build --build-base /home/yigit/tukan_ros2_ws/build/network_pkg/build install --record /home/yigit/tukan_ros2_ws/build/network_pkg/install.log --single-version-externally-managed install_data
[1.488s] DEBUG:colcon.colcon_core.event_handler.log_command:Invoked command in '/home/yigit/tukan_ros2_ws/src/vision_pkg' returned '0': PYTHONPATH=/home/yigit/tukan_ros2_ws/build/vision_pkg/prefix_override:/usr/lib/python3/dist-packages/colcon_core/task/python/colcon_distutils_commands:/home/yigit/tukan_ros2_ws/install/vision_pkg/lib/python3.10/site-packages:${PYTHONPATH} /usr/bin/python3 -W ignore:setup.py install is deprecated -W ignore:easy_install command is deprecated setup.py egg_info --egg-base ../../build/vision_pkg build --build-base /home/yigit/tukan_ros2_ws/build/vision_pkg/build install --record /home/yigit/tukan_ros2_ws/build/vision_pkg/install.log --single-version-externally-managed install_data
[1.491s] Level 1:colcon.colcon_core.environment:checking '/home/yigit/tukan_ros2_ws/install/vision_pkg' for CMake module files
[1.491s] Level 1:colcon.colcon_core.environment:checking '/home/yigit/tukan_ros2_ws/install/vision_pkg' for CMake config files
[1.491s] Level 1:colcon.colcon_core.environment:checking '/home/yigit/tukan_ros2_ws/install/vision_pkg/lib'
[1.491s] Level 1:colcon.colcon_core.environment:checking '/home/yigit/tukan_ros2_ws/install/vision_pkg/bin'
[1.491s] Level 1:colcon.colcon_core.environment:checking '/home/yigit/tukan_ros2_ws/install/vision_pkg/lib/pkgconfig/vision_pkg.pc'
[1.492s] Level 1:colcon.colcon_core.environment:checking '/home/yigit/tukan_ros2_ws/install/vision_pkg/lib/python3.10/site-packages'
[1.492s] Level 1:colcon.colcon_core.shell:create_environment_hook('vision_pkg', 'pythonpath')
[1.492s] INFO:colcon.colcon_core.shell:Creating environment hook '/home/yigit/tukan_ros2_ws/install/vision_pkg/share/vision_pkg/hook/pythonpath.ps1'
[1.492s] INFO:colcon.colcon_core.shell:Creating environment descriptor '/home/yigit/tukan_ros2_ws/install/vision_pkg/share/vision_pkg/hook/pythonpath.dsv'
[1.492s] INFO:colcon.colcon_core.shell:Creating environment hook '/home/yigit/tukan_ros2_ws/install/vision_pkg/share/vision_pkg/hook/pythonpath.sh'
[1.492s] Level 1:colcon.colcon_core.environment:checking '/home/yigit/tukan_ros2_ws/install/vision_pkg/bin'
[1.492s] Level 1:colcon.colcon_core.environment:create_environment_scripts_only(vision_pkg)
[1.493s] INFO:colcon.colcon_core.shell:Creating package script '/home/yigit/tukan_ros2_ws/install/vision_pkg/share/vision_pkg/package.ps1'
[1.493s] INFO:colcon.colcon_core.shell:Creating package descriptor '/home/yigit/tukan_ros2_ws/install/vision_pkg/share/vision_pkg/package.dsv'
[1.493s] INFO:colcon.colcon_core.shell:Creating package script '/home/yigit/tukan_ros2_ws/install/vision_pkg/share/vision_pkg/package.sh'
[1.494s] INFO:colcon.colcon_core.shell:Creating package script '/home/yigit/tukan_ros2_ws/install/vision_pkg/share/vision_pkg/package.bash'
[1.494s] INFO:colcon.colcon_core.shell:Creating package script '/home/yigit/tukan_ros2_ws/install/vision_pkg/share/vision_pkg/package.zsh'
[1.495s] Level 1:colcon.colcon_core.environment:create_file_with_runtime_dependencies(/home/yigit/tukan_ros2_ws/install/vision_pkg/share/colcon-core/packages/vision_pkg)
[1.495s] Level 1:colcon.colcon_core.environment:checking '/home/yigit/tukan_ros2_ws/install/tracking_system_pkg' for CMake module files
[1.496s] DEBUG:colcon.colcon_core.event_handler.log_command:Invoked command in '/home/yigit/tukan_ros2_ws/src/tracking_system_pkg' returned '0': PYTHONPATH=/home/yigit/tukan_ros2_ws/build/tracking_system_pkg/prefix_override:/usr/lib/python3/dist-packages/colcon_core/task/python/colcon_distutils_commands:/home/yigit/tukan_ros2_ws/install/tracking_system_pkg/lib/python3.10/site-packages:${PYTHONPATH} /usr/bin/python3 -W ignore:setup.py install is deprecated -W ignore:easy_install command is deprecated setup.py egg_info --egg-base ../../build/tracking_system_pkg build --build-base /home/yigit/tukan_ros2_ws/build/tracking_system_pkg/build install --record /home/yigit/tukan_ros2_ws/build/tracking_system_pkg/install.log --single-version-externally-managed install_data
[1.496s] Level 1:colcon.colcon_core.environment:checking '/home/yigit/tukan_ros2_ws/install/tracking_system_pkg' for CMake config files
[1.496s] Level 1:colcon.colcon_core.environment:checking '/home/yigit/tukan_ros2_ws/install/tracking_system_pkg/lib'
[1.496s] Level 1:colcon.colcon_core.environment:checking '/home/yigit/tukan_ros2_ws/install/tracking_system_pkg/bin'
[1.496s] Level 1:colcon.colcon_core.environment:checking '/home/yigit/tukan_ros2_ws/install/tracking_system_pkg/lib/pkgconfig/tracking_system_pkg.pc'
[1.496s] Level 1:colcon.colcon_core.environment:checking '/home/yigit/tukan_ros2_ws/install/tracking_system_pkg/lib/python3.10/site-packages'
[1.496s] Level 1:colcon.colcon_core.shell:create_environment_hook('tracking_system_pkg', 'pythonpath')
[1.496s] INFO:colcon.colcon_core.shell:Creating environment hook '/home/yigit/tukan_ros2_ws/install/tracking_system_pkg/share/tracking_system_pkg/hook/pythonpath.ps1'
[1.496s] INFO:colcon.colcon_core.shell:Creating environment descriptor '/home/yigit/tukan_ros2_ws/install/tracking_system_pkg/share/tracking_system_pkg/hook/pythonpath.dsv'
[1.496s] INFO:colcon.colcon_core.shell:Creating environment hook '/home/yigit/tukan_ros2_ws/install/tracking_system_pkg/share/tracking_system_pkg/hook/pythonpath.sh'
[1.497s] Level 1:colcon.colcon_core.environment:checking '/home/yigit/tukan_ros2_ws/install/tracking_system_pkg/bin'
[1.497s] Level 1:colcon.colcon_core.environment:create_environment_scripts_only(tracking_system_pkg)
[1.497s] INFO:colcon.colcon_core.shell:Creating package script '/home/yigit/tukan_ros2_ws/install/tracking_system_pkg/share/tracking_system_pkg/package.ps1'
[1.497s] INFO:colcon.colcon_core.shell:Creating package descriptor '/home/yigit/tukan_ros2_ws/install/tracking_system_pkg/share/tracking_system_pkg/package.dsv'
[1.497s] INFO:colcon.colcon_core.shell:Creating package script '/home/yigit/tukan_ros2_ws/install/tracking_system_pkg/share/tracking_system_pkg/package.sh'
[1.497s] INFO:colcon.colcon_core.shell:Creating package script '/home/yigit/tukan_ros2_ws/install/tracking_system_pkg/share/tracking_system_pkg/package.bash'
[1.498s] INFO:colcon.colcon_core.shell:Creating package script '/home/yigit/tukan_ros2_ws/install/tracking_system_pkg/share/tracking_system_pkg/package.zsh'
[1.498s] Level 1:colcon.colcon_core.environment:create_file_with_runtime_dependencies(/home/yigit/tukan_ros2_ws/install/tracking_system_pkg/share/colcon-core/packages/tracking_system_pkg)
[1.499s] Level 1:colcon.colcon_core.environment:checking '/home/yigit/tukan_ros2_ws/install/px4_interface_pkg' for CMake module files
[1.499s] DEBUG:colcon.colcon_core.event_handler.log_command:Invoked command in '/home/yigit/tukan_ros2_ws/src/px4_interface_pkg' returned '0': PYTHONPATH=/home/yigit/tukan_ros2_ws/build/px4_interface_pkg/prefix_override:/usr/lib/python3/dist-packages/colcon_core/task/python/colcon_distutils_commands:/home/yigit/tukan_ros2_ws/install/px4_interface_pkg/lib/python3.10/site-packages:${PYTHONPATH} /usr/bin/python3 -W ignore:setup.py install is deprecated -W ignore:easy_install command is deprecated setup.py egg_info --egg-base ../../build/px4_interface_pkg build --build-base /home/yigit/tukan_ros2_ws/build/px4_interface_pkg/build install --record /home/yigit/tukan_ros2_ws/build/px4_interface_pkg/install.log --single-version-externally-managed install_data
[1.499s] Level 1:colcon.colcon_core.environment:checking '/home/yigit/tukan_ros2_ws/install/px4_interface_pkg' for CMake config files
[1.499s] Level 1:colcon.colcon_core.environment:checking '/home/yigit/tukan_ros2_ws/install/px4_interface_pkg/lib'
[1.499s] Level 1:colcon.colcon_core.environment:checking '/home/yigit/tukan_ros2_ws/install/px4_interface_pkg/bin'
[1.499s] Level 1:colcon.colcon_core.environment:checking '/home/yigit/tukan_ros2_ws/install/px4_interface_pkg/lib/pkgconfig/px4_interface_pkg.pc'
[1.500s] Level 1:colcon.colcon_core.environment:checking '/home/yigit/tukan_ros2_ws/install/px4_interface_pkg/lib/python3.10/site-packages'
[1.500s] Level 1:colcon.colcon_core.shell:create_environment_hook('px4_interface_pkg', 'pythonpath')
[1.500s] INFO:colcon.colcon_core.shell:Creating environment hook '/home/yigit/tukan_ros2_ws/install/px4_interface_pkg/share/px4_interface_pkg/hook/pythonpath.ps1'
[1.500s] INFO:colcon.colcon_core.shell:Creating environment descriptor '/home/yigit/tukan_ros2_ws/install/px4_interface_pkg/share/px4_interface_pkg/hook/pythonpath.dsv'
[1.500s] INFO:colcon.colcon_core.shell:Creating environment hook '/home/yigit/tukan_ros2_ws/install/px4_interface_pkg/share/px4_interface_pkg/hook/pythonpath.sh'
[1.500s] Level 1:colcon.colcon_core.environment:checking '/home/yigit/tukan_ros2_ws/install/px4_interface_pkg/bin'
[1.500s] Level 1:colcon.colcon_core.environment:create_environment_scripts_only(px4_interface_pkg)
[1.500s] INFO:colcon.colcon_core.shell:Creating package script '/home/yigit/tukan_ros2_ws/install/px4_interface_pkg/share/px4_interface_pkg/package.ps1'
[1.501s] INFO:colcon.colcon_core.shell:Creating package descriptor '/home/yigit/tukan_ros2_ws/install/px4_interface_pkg/share/px4_interface_pkg/package.dsv'
[1.501s] INFO:colcon.colcon_core.shell:Creating package script '/home/yigit/tukan_ros2_ws/install/px4_interface_pkg/share/px4_interface_pkg/package.sh'
[1.501s] INFO:colcon.colcon_core.shell:Creating package script '/home/yigit/tukan_ros2_ws/install/px4_interface_pkg/share/px4_interface_pkg/package.bash'
[1.501s] INFO:colcon.colcon_core.shell:Creating package script '/home/yigit/tukan_ros2_ws/install/px4_interface_pkg/share/px4_interface_pkg/package.zsh'
[1.501s] Level 1:colcon.colcon_core.environment:create_file_with_runtime_dependencies(/home/yigit/tukan_ros2_ws/install/px4_interface_pkg/share/colcon-core/packages/px4_interface_pkg)
[1.501s] Level 1:colcon.colcon_core.environment:checking '/home/yigit/tukan_ros2_ws/install/flight_manager_pkg' for CMake module files
[1.502s] Level 1:colcon.colcon_core.environment:checking '/home/yigit/tukan_ros2_ws/install/flight_manager_pkg' for CMake config files
[1.502s] DEBUG:colcon.colcon_core.event_handler.log_command:Invoked command in '/home/yigit/tukan_ros2_ws/src/flight_manager_pkg' returned '0': PYTHONPATH=/home/yigit/tukan_ros2_ws/build/flight_manager_pkg/prefix_override:/usr/lib/python3/dist-packages/colcon_core/task/python/colcon_distutils_commands:/home/yigit/tukan_ros2_ws/install/flight_manager_pkg/lib/python3.10/site-packages:${PYTHONPATH} /usr/bin/python3 -W ignore:setup.py install is deprecated -W ignore:easy_install command is deprecated setup.py egg_info --egg-base ../../build/flight_manager_pkg build --build-base /home/yigit/tukan_ros2_ws/build/flight_manager_pkg/build install --record /home/yigit/tukan_ros2_ws/build/flight_manager_pkg/install.log --single-version-externally-managed install_data
[1.502s] Level 1:colcon.colcon_core.environment:checking '/home/yigit/tukan_ros2_ws/install/flight_manager_pkg/lib'
[1.502s] Level 1:colcon.colcon_core.environment:checking '/home/yigit/tukan_ros2_ws/install/flight_manager_pkg/bin'
[1.502s] Level 1:colcon.colcon_core.environment:checking '/home/yigit/tukan_ros2_ws/install/flight_manager_pkg/lib/pkgconfig/flight_manager_pkg.pc'
[1.502s] Level 1:colcon.colcon_core.environment:checking '/home/yigit/tukan_ros2_ws/install/flight_manager_pkg/lib/python3.10/site-packages'
[1.502s] Level 1:colcon.colcon_core.shell:create_environment_hook('flight_manager_pkg', 'pythonpath')
[1.503s] INFO:colcon.colcon_core.shell:Creating environment hook '/home/yigit/tukan_ros2_ws/install/flight_manager_pkg/share/flight_manager_pkg/hook/pythonpath.ps1'
[1.503s] INFO:colcon.colcon_core.shell:Creating environment descriptor '/home/yigit/tukan_ros2_ws/install/flight_manager_pkg/share/flight_manager_pkg/hook/pythonpath.dsv'
[1.503s] INFO:colcon.colcon_core.shell:Creating environment hook '/home/yigit/tukan_ros2_ws/install/flight_manager_pkg/share/flight_manager_pkg/hook/pythonpath.sh'
[1.503s] Level 1:colcon.colcon_core.environment:checking '/home/yigit/tukan_ros2_ws/install/flight_manager_pkg/bin'
[1.503s] Level 1:colcon.colcon_core.environment:create_environment_scripts_only(flight_manager_pkg)
[1.503s] INFO:colcon.colcon_core.shell:Creating package script '/home/yigit/tukan_ros2_ws/install/flight_manager_pkg/share/flight_manager_pkg/package.ps1'
[1.503s] INFO:colcon.colcon_core.shell:Creating package descriptor '/home/yigit/tukan_ros2_ws/install/flight_manager_pkg/share/flight_manager_pkg/package.dsv'
[1.504s] INFO:colcon.colcon_core.shell:Creating package script '/home/yigit/tukan_ros2_ws/install/flight_manager_pkg/share/flight_manager_pkg/package.sh'
[1.504s] INFO:colcon.colcon_core.shell:Creating package script '/home/yigit/tukan_ros2_ws/install/flight_manager_pkg/share/flight_manager_pkg/package.bash'
[1.504s] INFO:colcon.colcon_core.shell:Creating package script '/home/yigit/tukan_ros2_ws/install/flight_manager_pkg/share/flight_manager_pkg/package.zsh'
[1.504s] Level 1:colcon.colcon_core.environment:create_file_with_runtime_dependencies(/home/yigit/tukan_ros2_ws/install/flight_manager_pkg/share/colcon-core/packages/flight_manager_pkg)
[1.504s] Level 1:colcon.colcon_core.environment:checking '/home/yigit/tukan_ros2_ws/install/guardian_pkg' for CMake module files
[1.505s] DEBUG:colcon.colcon_core.event_handler.log_command:Invoked command in '/home/yigit/tukan_ros2_ws/src/guardian_pkg' returned '0': PYTHONPATH=/home/yigit/tukan_ros2_ws/build/guardian_pkg/prefix_override:/usr/lib/python3/dist-packages/colcon_core/task/python/colcon_distutils_commands:/home/yigit/tukan_ros2_ws/install/guardian_pkg/lib/python3.10/site-packages:${PYTHONPATH} /usr/bin/python3 -W ignore:setup.py install is deprecated -W ignore:easy_install command is deprecated setup.py egg_info --egg-base ../../build/guardian_pkg build --build-base /home/yigit/tukan_ros2_ws/build/guardian_pkg/build install --record /home/yigit/tukan_ros2_ws/build/guardian_pkg/install.log --single-version-externally-managed install_data
[1.505s] Level 1:colcon.colcon_core.environment:checking '/home/yigit/tukan_ros2_ws/install/guardian_pkg' for CMake config files
[1.505s] Level 1:colcon.colcon_core.environment:checking '/home/yigit/tukan_ros2_ws/install/guardian_pkg/lib'
[1.505s] Level 1:colcon.colcon_core.environment:checking '/home/yigit/tukan_ros2_ws/install/guardian_pkg/bin'
[1.505s] Level 1:colcon.colcon_core.environment:checking '/home/yigit/tukan_ros2_ws/install/guardian_pkg/lib/pkgconfig/guardian_pkg.pc'
[1.505s] Level 1:colcon.colcon_core.environment:checking '/home/yigit/tukan_ros2_ws/install/guardian_pkg/lib/python3.10/site-packages'
[1.505s] Level 1:colcon.colcon_core.shell:create_environment_hook('guardian_pkg', 'pythonpath')
[1.505s] INFO:colcon.colcon_core.shell:Creating environment hook '/home/yigit/tukan_ros2_ws/install/guardian_pkg/share/guardian_pkg/hook/pythonpath.ps1'
[1.506s] INFO:colcon.colcon_core.shell:Creating environment descriptor '/home/yigit/tukan_ros2_ws/install/guardian_pkg/share/guardian_pkg/hook/pythonpath.dsv'
[1.506s] INFO:colcon.colcon_core.shell:Creating environment hook '/home/yigit/tukan_ros2_ws/install/guardian_pkg/share/guardian_pkg/hook/pythonpath.sh'
[1.506s] Level 1:colcon.colcon_core.environment:checking '/home/yigit/tukan_ros2_ws/install/guardian_pkg/bin'
[1.506s] Level 1:colcon.colcon_core.environment:create_environment_scripts_only(guardian_pkg)
[1.506s] INFO:colcon.colcon_core.shell:Creating package script '/home/yigit/tukan_ros2_ws/install/guardian_pkg/share/guardian_pkg/package.ps1'
[1.506s] INFO:colcon.colcon_core.shell:Creating package descriptor '/home/yigit/tukan_ros2_ws/install/guardian_pkg/share/guardian_pkg/package.dsv'
[1.506s] INFO:colcon.colcon_core.shell:Creating package script '/home/yigit/tukan_ros2_ws/install/guardian_pkg/share/guardian_pkg/package.sh'
[1.507s] INFO:colcon.colcon_core.shell:Creating package script '/home/yigit/tukan_ros2_ws/install/guardian_pkg/share/guardian_pkg/package.bash'
[1.507s] INFO:colcon.colcon_core.shell:Creating package script '/home/yigit/tukan_ros2_ws/install/guardian_pkg/share/guardian_pkg/package.zsh'
[1.507s] Level 1:colcon.colcon_core.environment:create_file_with_runtime_dependencies(/home/yigit/tukan_ros2_ws/install/guardian_pkg/share/colcon-core/packages/guardian_pkg)
[1.507s] Level 1:colcon.colcon_core.environment:checking '/home/yigit/tukan_ros2_ws/install/uav_server_pkg' for CMake module files
[1.508s] DEBUG:colcon.colcon_core.event_handler.log_command:Invoked command in '/home/yigit/tukan_ros2_ws/src/uav_server_pkg' returned '0': PYTHONPATH=/home/yigit/tukan_ros2_ws/build/uav_server_pkg/prefix_override:/usr/lib/python3/dist-packages/colcon_core/task/python/colcon_distutils_commands:/home/yigit/tukan_ros2_ws/install/uav_server_pkg/lib/python3.10/site-packages:${PYTHONPATH} /usr/bin/python3 -W ignore:setup.py install is deprecated -W ignore:easy_install command is deprecated setup.py egg_info --egg-base ../../build/uav_server_pkg build --build-base /home/yigit/tukan_ros2_ws/build/uav_server_pkg/build install --record /home/yigit/tukan_ros2_ws/build/uav_server_pkg/install.log --single-version-externally-managed install_data
[1.508s] Level 1:colcon.colcon_core.environment:checking '/home/yigit/tukan_ros2_ws/install/uav_server_pkg' for CMake config files
[1.508s] Level 1:colcon.colcon_core.environment:checking '/home/yigit/tukan_ros2_ws/install/uav_server_pkg/lib'
[1.508s] Level 1:colcon.colcon_core.environment:checking '/home/yigit/tukan_ros2_ws/install/uav_server_pkg/bin'
[1.508s] Level 1:colcon.colcon_core.environment:checking '/home/yigit/tukan_ros2_ws/install/uav_server_pkg/lib/pkgconfig/uav_server_pkg.pc'
[1.508s] Level 1:colcon.colcon_core.environment:checking '/home/yigit/tukan_ros2_ws/install/uav_server_pkg/lib/python3.10/site-packages'
[1.508s] Level 1:colcon.colcon_core.shell:create_environment_hook('uav_server_pkg', 'pythonpath')
[1.508s] INFO:colcon.colcon_core.shell:Creating environment hook '/home/yigit/tukan_ros2_ws/install/uav_server_pkg/share/uav_server_pkg/hook/pythonpath.ps1'
[1.508s] INFO:colcon.colcon_core.shell:Creating environment descriptor '/home/yigit/tukan_ros2_ws/install/uav_server_pkg/share/uav_server_pkg/hook/pythonpath.dsv'
[1.508s] INFO:colcon.colcon_core.shell:Creating environment hook '/home/yigit/tukan_ros2_ws/install/uav_server_pkg/share/uav_server_pkg/hook/pythonpath.sh'
[1.509s] Level 1:colcon.colcon_core.environment:checking '/home/yigit/tukan_ros2_ws/install/uav_server_pkg/bin'
[1.509s] Level 1:colcon.colcon_core.environment:create_environment_scripts_only(uav_server_pkg)
[1.509s] INFO:colcon.colcon_core.shell:Creating package script '/home/yigit/tukan_ros2_ws/install/uav_server_pkg/share/uav_server_pkg/package.ps1'
[1.509s] INFO:colcon.colcon_core.shell:Creating package descriptor '/home/yigit/tukan_ros2_ws/install/uav_server_pkg/share/uav_server_pkg/package.dsv'
[1.509s] INFO:colcon.colcon_core.shell:Creating package script '/home/yigit/tukan_ros2_ws/install/uav_server_pkg/share/uav_server_pkg/package.sh'
[1.509s] INFO:colcon.colcon_core.shell:Creating package script '/home/yigit/tukan_ros2_ws/install/uav_server_pkg/share/uav_server_pkg/package.bash'
[1.510s] INFO:colcon.colcon_core.shell:Creating package script '/home/yigit/tukan_ros2_ws/install/uav_server_pkg/share/uav_server_pkg/package.zsh'
[1.510s] Level 1:colcon.colcon_core.environment:create_file_with_runtime_dependencies(/home/yigit/tukan_ros2_ws/install/uav_server_pkg/share/colcon-core/packages/uav_server_pkg)
[1.510s] Level 1:colcon.colcon_core.environment:checking '/home/yigit/tukan_ros2_ws/install/network_pkg' for CMake module files
[1.510s] DEBUG:colcon.colcon_core.event_handler.log_command:Invoked command in '/home/yigit/tukan_ros2_ws/src/network_pkg' returned '0': PYTHONPATH=/home/yigit/tukan_ros2_ws/build/network_pkg/prefix_override:/usr/lib/python3/dist-packages/colcon_core/task/python/colcon_distutils_commands:/home/yigit/tukan_ros2_ws/install/network_pkg/lib/python3.10/site-packages:${PYTHONPATH} /usr/bin/python3 -W ignore:setup.py install is deprecated -W ignore:easy_install command is deprecated setup.py egg_info --egg-base ../../build/network_pkg build --build-base /home/yigit/tukan_ros2_ws/build/network_pkg/build install --record /home/yigit/tukan_ros2_ws/build/network_pkg/install.log --single-version-externally-managed install_data
[1.510s] Level 1:colcon.colcon_core.environment:checking '/home/yigit/tukan_ros2_ws/install/network_pkg' for CMake config files
[1.511s] Level 1:colcon.colcon_core.environment:checking '/home/yigit/tukan_ros2_ws/install/network_pkg/lib'
[1.511s] Level 1:colcon.colcon_core.environment:checking '/home/yigit/tukan_ros2_ws/install/network_pkg/bin'
[1.511s] Level 1:colcon.colcon_core.environment:checking '/home/yigit/tukan_ros2_ws/install/network_pkg/lib/pkgconfig/network_pkg.pc'
[1.511s] Level 1:colcon.colcon_core.environment:checking '/home/yigit/tukan_ros2_ws/install/network_pkg/lib/python3.10/site-packages'
[1.511s] Level 1:colcon.colcon_core.shell:create_environment_hook('network_pkg', 'pythonpath')
[1.511s] INFO:colcon.colcon_core.shell:Creating environment hook '/home/yigit/tukan_ros2_ws/install/network_pkg/share/network_pkg/hook/pythonpath.ps1'
[1.511s] INFO:colcon.colcon_core.shell:Creating environment descriptor '/home/yigit/tukan_ros2_ws/install/network_pkg/share/network_pkg/hook/pythonpath.dsv'
[1.511s] INFO:colcon.colcon_core.shell:Creating environment hook '/home/yigit/tukan_ros2_ws/install/network_pkg/share/network_pkg/hook/pythonpath.sh'
[1.511s] Level 1:colcon.colcon_core.environment:checking '/home/yigit/tukan_ros2_ws/install/network_pkg/bin'
[1.512s] Level 1:colcon.colcon_core.environment:create_environment_scripts_only(network_pkg)
[1.512s] INFO:colcon.colcon_core.shell:Creating package script '/home/yigit/tukan_ros2_ws/install/network_pkg/share/network_pkg/package.ps1'
[1.512s] INFO:colcon.colcon_core.shell:Creating package descriptor '/home/yigit/tukan_ros2_ws/install/network_pkg/share/network_pkg/package.dsv'
[1.512s] INFO:colcon.colcon_core.shell:Creating package script '/home/yigit/tukan_ros2_ws/install/network_pkg/share/network_pkg/package.sh'
[1.512s] INFO:colcon.colcon_core.shell:Creating package script '/home/yigit/tukan_ros2_ws/install/network_pkg/share/network_pkg/package.bash'
[1.512s] INFO:colcon.colcon_core.shell:Creating package script '/home/yigit/tukan_ros2_ws/install/network_pkg/share/network_pkg/package.zsh'
[1.512s] Level 1:colcon.colcon_core.environment:create_file_with_runtime_dependencies(/home/yigit/tukan_ros2_ws/install/network_pkg/share/colcon-core/packages/network_pkg)
[1.513s] DEBUG:colcon.colcon_parallel_executor.executor.parallel:closing loop
[1.513s] DEBUG:colcon.colcon_parallel_executor.executor.parallel:loop closed
[1.513s] DEBUG:colcon.colcon_parallel_executor.executor.parallel:run_until_complete finished with '0'
[1.513s] DEBUG:colcon.colcon_core.event_reactor:joining thread
[1.517s] INFO:colcon.colcon_core.plugin_system:Skipping extension 'colcon_notification.desktop_notification.terminal_notifier': Not used on non-Darwin systems
[1.517s] INFO:colcon.colcon_core.plugin_system:Skipping extension 'colcon_notification.desktop_notification.win32': Not used on non-Windows systems
[1.517s] INFO:colcon.colcon_notification.desktop_notification:Sending desktop notification using 'notify2'
[1.525s] DEBUG:colcon.colcon_core.event_reactor:joined thread
[1.525s] INFO:colcon.colcon_core.shell:Creating prefix script '/home/yigit/tukan_ros2_ws/install/local_setup.ps1'
[1.526s] INFO:colcon.colcon_core.shell:Creating prefix util module '/home/yigit/tukan_ros2_ws/install/_local_setup_util_ps1.py'
[1.527s] INFO:colcon.colcon_core.shell:Creating prefix chain script '/home/yigit/tukan_ros2_ws/install/setup.ps1'
[1.527s] INFO:colcon.colcon_core.shell:Creating prefix script '/home/yigit/tukan_ros2_ws/install/local_setup.sh'
[1.528s] INFO:colcon.colcon_core.shell:Creating prefix util module '/home/yigit/tukan_ros2_ws/install/_local_setup_util_sh.py'
[1.528s] INFO:colcon.colcon_core.shell:Creating prefix chain script '/home/yigit/tukan_ros2_ws/install/setup.sh'
[1.529s] INFO:colcon.colcon_core.shell:Creating prefix script '/home/yigit/tukan_ros2_ws/install/local_setup.bash'
[1.529s] INFO:colcon.colcon_core.shell:Creating prefix chain script '/home/yigit/tukan_ros2_ws/install/setup.bash'
[1.529s] INFO:colcon.colcon_core.shell:Creating prefix script '/home/yigit/tukan_ros2_ws/install/local_setup.zsh'
[1.530s] INFO:colcon.colcon_core.shell:Creating prefix chain script '/home/yigit/tukan_ros2_ws/install/setup.zsh'
